AGH            strong  80/20 uniform  T= 1 ops= 2000000 buckets=  16384  time=3.0475  thr=0.66 Mops  speedup=0.45
AGH            strong  80/20 uniform  T= 2 ops= 2000000 buckets=  16384  time=1.4787  thr=1.35 Mops  speedup=0.94
AGH            strong  80/20 uniform  T= 4 ops= 2000000 buckets=  16384  time=0.7469  thr=2.68 Mops  speedup=1.85
AGH            strong  80/20 uniform  T= 8 ops= 2000000 buckets=  16384  time=0.4306  thr=4.64 Mops  speedup=3.21
AGH            strong  80/20 uniform  T=16 ops= 2000000 buckets=  16384  time=0.2728  thr=7.33 Mops  speedup=5.07
AGH            strong  80/20    skew  T= 1 ops= 2000000 buckets=  16384 p_hot=0.70  time=2.5784  thr=0.78 Mops  speedup=0.54
AGH            strong  80/20    skew  T= 2 ops= 2000000 buckets=  16384 p_hot=0.70  time=1.4471  thr=1.38 Mops  speedup=0.96
AGH            strong  80/20    skew  T= 4 ops= 2000000 buckets=  16384 p_hot=0.70  time=0.8199  thr=2.44 Mops  speedup=1.69
AGH            strong  80/20    skew  T= 8 ops= 2000000 buckets=  16384 p_hot=0.70  time=0.5741  thr=3.48 Mops  speedup=2.42
AGH            strong  80/20    skew  T=16 ops= 2000000 buckets=  16384 p_hot=0.70  time=0.4715  thr=4.24 Mops  speedup=2.95
AGH            strong  80/20    skew  T= 1 ops= 2000000 buckets=  16384 p_hot=0.90  time=2.0919  thr=0.96 Mops  speedup=0.66
AGH            strong  80/20    skew  T= 2 ops= 2000000 buckets=  16384 p_hot=0.90  time=1.1885  thr=1.68 Mops  speedup=1.16
AGH            strong  80/20    skew  T= 4 ops= 2000000 buckets=  16384 p_hot=0.90  time=0.7479  thr=2.67 Mops  speedup=1.84
AGH            strong  80/20    skew  T= 8 ops= 2000000 buckets=  16384 p_hot=0.90  time=0.5613  thr=3.56 Mops  speedup=2.45
AGH            strong  80/20    skew  T=16 ops= 2000000 buckets=  16384 p_hot=0.90  time=0.4760  thr=4.20 Mops  speedup=2.89
AGH            strong  80/20    skew  T= 1 ops= 2000000 buckets=  16384 p_hot=0.99  time=1.8737  thr=1.07 Mops  speedup=0.74
AGH            strong  80/20    skew  T= 2 ops= 2000000 buckets=  16384 p_hot=0.99  time=1.1051  thr=1.81 Mops  speedup=1.25
AGH            strong  80/20    skew  T= 4 ops= 2000000 buckets=  16384 p_hot=0.99  time=0.7080  thr=2.82 Mops  speedup=1.95
AGH            strong  80/20    skew  T= 8 ops= 2000000 buckets=  16384 p_hot=0.99  time=0.5604  thr=3.57 Mops  speedup=2.47
AGH            strong  80/20    skew  T=16 ops= 2000000 buckets=  16384 p_hot=0.99  time=0.4755  thr=4.21 Mops  speedup=2.91
AGH            strong  80/20 uniform  T= 1 ops= 2000000 buckets=  65536  time=0.7904  thr=2.53 Mops  speedup=0.38
AGH            strong  80/20 uniform  T= 2 ops= 2000000 buckets=  65536  time=0.5518  thr=3.62 Mops  speedup=0.54
AGH            strong  80/20 uniform  T= 4 ops= 2000000 buckets=  65536  time=0.3384  thr=5.91 Mops  speedup=0.88
AGH            strong  80/20 uniform  T= 8 ops= 2000000 buckets=  65536  time=0.2031  thr=9.85 Mops  speedup=1.47
AGH            strong  80/20 uniform  T=16 ops= 2000000 buckets=  65536  time=0.1562  thr=12.80 Mops  speedup=1.91
AGH            strong  80/20    skew  T= 1 ops= 2000000 buckets=  65536 p_hot=0.70  time=0.9031  thr=2.21 Mops  speedup=0.40
AGH            strong  80/20    skew  T= 2 ops= 2000000 buckets=  65536 p_hot=0.70  time=0.5006  thr=4.00 Mops  speedup=0.72
AGH            strong  80/20    skew  T= 4 ops= 2000000 buckets=  65536 p_hot=0.70  time=0.3581  thr=5.58 Mops  speedup=1.00
AGH            strong  80/20    skew  T= 8 ops= 2000000 buckets=  65536 p_hot=0.70  time=0.3239  thr=6.17 Mops  speedup=1.11
AGH            strong  80/20    skew  T=16 ops= 2000000 buckets=  65536 p_hot=0.70  time=0.3076  thr=6.50 Mops  speedup=1.16
AGH            strong  80/20    skew  T= 1 ops= 2000000 buckets=  65536 p_hot=0.90  time=0.7729  thr=2.59 Mops  speedup=0.46
AGH            strong  80/20    skew  T= 2 ops= 2000000 buckets=  65536 p_hot=0.90  time=0.4374  thr=4.57 Mops  speedup=0.81
AGH            strong  80/20    skew  T= 4 ops= 2000000 buckets=  65536 p_hot=0.90  time=0.3328  thr=6.01 Mops  speedup=1.06
AGH            strong  80/20    skew  T= 8 ops= 2000000 buckets=  65536 p_hot=0.90  time=0.3209  thr=6.23 Mops  speedup=1.10
AGH            strong  80/20    skew  T=16 ops= 2000000 buckets=  65536 p_hot=0.90  time=0.2899  thr=6.90 Mops  speedup=1.22
AGH            strong  80/20    skew  T= 1 ops= 2000000 buckets=  65536 p_hot=0.99  time=0.7112  thr=2.81 Mops  speedup=0.49
AGH            strong  80/20    skew  T= 2 ops= 2000000 buckets=  65536 p_hot=0.99  time=0.4019  thr=4.98 Mops  speedup=0.88
AGH            strong  80/20    skew  T= 4 ops= 2000000 buckets=  65536 p_hot=0.99  time=0.3263  thr=6.13 Mops  speedup=1.08
AGH            strong  80/20    skew  T= 8 ops= 2000000 buckets=  65536 p_hot=0.99  time=0.3180  thr=6.29 Mops  speedup=1.11
AGH            strong  80/20    skew  T=16 ops= 2000000 buckets=  65536 p_hot=0.99  time=0.2849  thr=7.02 Mops  speedup=1.23
AGH            strong  80/20 uniform  T= 1 ops= 2000000 buckets= 262144  time=0.3958  thr=5.05 Mops  speedup=0.26
AGH            strong  80/20 uniform  T= 2 ops= 2000000 buckets= 262144  time=0.2962  thr=6.75 Mops  speedup=0.34
AGH            strong  80/20 uniform  T= 4 ops= 2000000 buckets= 262144  time=0.1991  thr=10.04 Mops  speedup=0.51
AGH            strong  80/20 uniform  T= 8 ops= 2000000 buckets= 262144  time=0.1348  thr=14.84 Mops  speedup=0.76
AGH            strong  80/20 uniform  T=16 ops= 2000000 buckets= 262144  time=0.1149  thr=17.40 Mops  speedup=0.89
AGH            strong  80/20    skew  T= 1 ops= 2000000 buckets= 262144 p_hot=0.70  time=0.5199  thr=3.85 Mops  speedup=0.27
AGH            strong  80/20    skew  T= 2 ops= 2000000 buckets= 262144 p_hot=0.70  time=0.2994  thr=6.68 Mops  speedup=0.48
AGH            strong  80/20    skew  T= 4 ops= 2000000 buckets= 262144 p_hot=0.70  time=0.2669  thr=7.49 Mops  speedup=0.54
AGH            strong  80/20    skew  T= 8 ops= 2000000 buckets= 262144 p_hot=0.70  time=0.3011  thr=6.64 Mops  speedup=0.47
AGH            strong  80/20    skew  T=16 ops= 2000000 buckets= 262144 p_hot=0.70  time=0.2806  thr=7.13 Mops  speedup=0.51
AGH            strong  80/20    skew  T= 1 ops= 2000000 buckets= 262144 p_hot=0.90  time=0.4729  thr=4.23 Mops  speedup=0.31
AGH            strong  80/20    skew  T= 2 ops= 2000000 buckets= 262144 p_hot=0.90  time=0.2733  thr=7.32 Mops  speedup=0.53
AGH            strong  80/20    skew  T= 4 ops= 2000000 buckets= 262144 p_hot=0.90  time=0.2529  thr=7.91 Mops  speedup=0.57
AGH            strong  80/20    skew  T= 8 ops= 2000000 buckets= 262144 p_hot=0.90  time=0.2900  thr=6.90 Mops  speedup=0.50
AGH            strong  80/20    skew  T=16 ops= 2000000 buckets= 262144 p_hot=0.90  time=0.2683  thr=7.45 Mops  speedup=0.54
AGH            strong  80/20    skew  T= 1 ops= 2000000 buckets= 262144 p_hot=0.99  time=0.4490  thr=4.45 Mops  speedup=0.32
AGH            strong  80/20    skew  T= 2 ops= 2000000 buckets= 262144 p_hot=0.99  time=0.2608  thr=7.67 Mops  speedup=0.55
AGH            strong  80/20    skew  T= 4 ops= 2000000 buckets= 262144 p_hot=0.99  time=0.2467  thr=8.11 Mops  speedup=0.58
AGH            strong  80/20    skew  T= 8 ops= 2000000 buckets= 262144 p_hot=0.99  time=0.2831  thr=7.06 Mops  speedup=0.51
AGH            strong  80/20    skew  T=16 ops= 2000000 buckets= 262144 p_hot=0.99  time=0.2639  thr=7.58 Mops  speedup=0.54
AGH            strong  80/20 uniform  T= 1 ops= 2000000 buckets=1048576  time=0.3493  thr=5.73 Mops  speedup=0.17
AGH            strong  80/20 uniform  T= 2 ops= 2000000 buckets=1048576  time=0.2453  thr=8.15 Mops  speedup=0.24
AGH            strong  80/20 uniform  T= 4 ops= 2000000 buckets=1048576  time=0.1547  thr=12.93 Mops  speedup=0.39
AGH            strong  80/20 uniform  T= 8 ops= 2000000 buckets=1048576  time=0.1093  thr=18.30 Mops  speedup=0.55
AGH            strong  80/20 uniform  T=16 ops= 2000000 buckets=1048576  time=0.1055  thr=18.95 Mops  speedup=0.57
AGH            strong  80/20    skew  T= 1 ops= 2000000 buckets=1048576 p_hot=0.70  time=0.4332  thr=4.62 Mops  speedup=0.23
AGH            strong  80/20    skew  T= 2 ops= 2000000 buckets=1048576 p_hot=0.70  time=0.2497  thr=8.01 Mops  speedup=0.40
AGH            strong  80/20    skew  T= 4 ops= 2000000 buckets=1048576 p_hot=0.70  time=0.2528  thr=7.91 Mops  speedup=0.39
AGH            strong  80/20    skew  T= 8 ops= 2000000 buckets=1048576 p_hot=0.70  time=0.2945  thr=6.79 Mops  speedup=0.34
AGH            strong  80/20    skew  T=16 ops= 2000000 buckets=1048576 p_hot=0.70  time=0.2679  thr=7.47 Mops  speedup=0.37
AGH            strong  80/20    skew  T= 1 ops= 2000000 buckets=1048576 p_hot=0.90  time=0.4029  thr=4.96 Mops  speedup=0.24
AGH            strong  80/20    skew  T= 2 ops= 2000000 buckets=1048576 p_hot=0.90  time=0.2384  thr=8.39 Mops  speedup=0.40
AGH            strong  80/20    skew  T= 4 ops= 2000000 buckets=1048576 p_hot=0.90  time=0.2418  thr=8.27 Mops  speedup=0.40
AGH            strong  80/20    skew  T= 8 ops= 2000000 buckets=1048576 p_hot=0.90  time=0.2833  thr=7.06 Mops  speedup=0.34
AGH            strong  80/20    skew  T=16 ops= 2000000 buckets=1048576 p_hot=0.90  time=0.2553  thr=7.83 Mops  speedup=0.38
AGH            strong  80/20    skew  T= 1 ops= 2000000 buckets=1048576 p_hot=0.99  time=0.3890  thr=5.14 Mops  speedup=0.25
AGH            strong  80/20    skew  T= 2 ops= 2000000 buckets=1048576 p_hot=0.99  time=0.2320  thr=8.62 Mops  speedup=0.41
AGH            strong  80/20    skew  T= 4 ops= 2000000 buckets=1048576 p_hot=0.99  time=0.2382  thr=8.40 Mops  speedup=0.40
AGH            strong  80/20    skew  T= 8 ops= 2000000 buckets=1048576 p_hot=0.99  time=0.2794  thr=7.16 Mops  speedup=0.34
AGH            strong  80/20    skew  T=16 ops= 2000000 buckets=1048576 p_hot=0.99  time=0.2502  thr=7.99 Mops  speedup=0.38
AGH            strong  50/50 uniform  T= 1 ops= 2000000 buckets=  16384  time=3.4796  thr=0.57 Mops  speedup=0.71
AGH            strong  50/50 uniform  T= 2 ops= 2000000 buckets=  16384  time=2.1873  thr=0.91 Mops  speedup=1.13
AGH            strong  50/50 uniform  T= 4 ops= 2000000 buckets=  16384  time=1.3041  thr=1.53 Mops  speedup=1.89
AGH            strong  50/50 uniform  T= 8 ops= 2000000 buckets=  16384  time=0.7723  thr=2.59 Mops  speedup=3.19
AGH            strong  50/50 uniform  T=16 ops= 2000000 buckets=  16384  time=0.5004  thr=4.00 Mops  speedup=4.92
AGH            strong  50/50    skew  T= 1 ops= 2000000 buckets=  16384 p_hot=0.70  time=3.5140  thr=0.57 Mops  speedup=0.74
AGH            strong  50/50    skew  T= 2 ops= 2000000 buckets=  16384 p_hot=0.70  time=2.1570  thr=0.93 Mops  speedup=1.20
AGH            strong  50/50    skew  T= 4 ops= 2000000 buckets=  16384 p_hot=0.70  time=1.2929  thr=1.55 Mops  speedup=2.00
AGH            strong  50/50    skew  T= 8 ops= 2000000 buckets=  16384 p_hot=0.70  time=0.8044  thr=2.49 Mops  speedup=3.21
AGH            strong  50/50    skew  T=16 ops= 2000000 buckets=  16384 p_hot=0.70  time=0.5990  thr=3.34 Mops  speedup=4.31
AGH            strong  50/50    skew  T= 1 ops= 2000000 buckets=  16384 p_hot=0.90  time=3.2458  thr=0.62 Mops  speedup=0.79
AGH            strong  50/50    skew  T= 2 ops= 2000000 buckets=  16384 p_hot=0.90  time=2.0266  thr=0.99 Mops  speedup=1.27
AGH            strong  50/50    skew  T= 4 ops= 2000000 buckets=  16384 p_hot=0.90  time=1.2331  thr=1.62 Mops  speedup=2.08
AGH            strong  50/50    skew  T= 8 ops= 2000000 buckets=  16384 p_hot=0.90  time=0.7960  thr=2.51 Mops  speedup=3.22
AGH            strong  50/50    skew  T=16 ops= 2000000 buckets=  16384 p_hot=0.90  time=0.5961  thr=3.36 Mops  speedup=4.30
AGH            strong  50/50    skew  T= 1 ops= 2000000 buckets=  16384 p_hot=0.99  time=3.1092  thr=0.64 Mops  speedup=0.82
AGH            strong  50/50    skew  T= 2 ops= 2000000 buckets=  16384 p_hot=0.99  time=1.9429  thr=1.03 Mops  speedup=1.32
AGH            strong  50/50    skew  T= 4 ops= 2000000 buckets=  16384 p_hot=0.99  time=1.2379  thr=1.62 Mops  speedup=2.07
AGH            strong  50/50    skew  T= 8 ops= 2000000 buckets=  16384 p_hot=0.99  time=0.7913  thr=2.53 Mops  speedup=3.24
AGH            strong  50/50    skew  T=16 ops= 2000000 buckets=  16384 p_hot=0.99  time=0.5987  thr=3.34 Mops  speedup=4.28
AGH            strong  50/50 uniform  T= 1 ops= 2000000 buckets=  65536  time=0.9622  thr=2.08 Mops  speedup=0.49
AGH            strong  50/50 uniform  T= 2 ops= 2000000 buckets=  65536  time=0.7177  thr=2.79 Mops  speedup=0.65
AGH            strong  50/50 uniform  T= 4 ops= 2000000 buckets=  65536  time=0.4531  thr=4.41 Mops  speedup=1.03
AGH            strong  50/50 uniform  T= 8 ops= 2000000 buckets=  65536  time=0.2814  thr=7.11 Mops  speedup=1.66
AGH            strong  50/50 uniform  T=16 ops= 2000000 buckets=  65536  time=0.2216  thr=9.02 Mops  speedup=2.11
AGH            strong  50/50    skew  T= 1 ops= 2000000 buckets=  65536 p_hot=0.70  time=1.0190  thr=1.96 Mops  speedup=0.52
AGH            strong  50/50    skew  T= 2 ops= 2000000 buckets=  65536 p_hot=0.70  time=0.6851  thr=2.92 Mops  speedup=0.78
AGH            strong  50/50    skew  T= 4 ops= 2000000 buckets=  65536 p_hot=0.70  time=0.4842  thr=4.13 Mops  speedup=1.10
AGH            strong  50/50    skew  T= 8 ops= 2000000 buckets=  65536 p_hot=0.70  time=0.3619  thr=5.53 Mops  speedup=1.47
AGH            strong  50/50    skew  T=16 ops= 2000000 buckets=  65536 p_hot=0.70  time=0.3323  thr=6.02 Mops  speedup=1.60
AGH            strong  50/50    skew  T= 1 ops= 2000000 buckets=  65536 p_hot=0.90  time=0.9302  thr=2.15 Mops  speedup=0.57
AGH            strong  50/50    skew  T= 2 ops= 2000000 buckets=  65536 p_hot=0.90  time=0.6475  thr=3.09 Mops  speedup=0.82
AGH            strong  50/50    skew  T= 4 ops= 2000000 buckets=  65536 p_hot=0.90  time=0.4674  thr=4.28 Mops  speedup=1.13
AGH            strong  50/50    skew  T= 8 ops= 2000000 buckets=  65536 p_hot=0.90  time=0.3552  thr=5.63 Mops  speedup=1.49
AGH            strong  50/50    skew  T=16 ops= 2000000 buckets=  65536 p_hot=0.90  time=0.3238  thr=6.18 Mops  speedup=1.63
AGH            strong  50/50    skew  T= 1 ops= 2000000 buckets=  65536 p_hot=0.99  time=0.8864  thr=2.26 Mops  speedup=0.60
AGH            strong  50/50    skew  T= 2 ops= 2000000 buckets=  65536 p_hot=0.99  time=0.6300  thr=3.17 Mops  speedup=0.84
AGH            strong  50/50    skew  T= 4 ops= 2000000 buckets=  65536 p_hot=0.99  time=0.4605  thr=4.34 Mops  speedup=1.15
AGH            strong  50/50    skew  T= 8 ops= 2000000 buckets=  65536 p_hot=0.99  time=0.3543  thr=5.64 Mops  speedup=1.49
AGH            strong  50/50    skew  T=16 ops= 2000000 buckets=  65536 p_hot=0.99  time=0.3175  thr=6.30 Mops  speedup=1.67
AGH            strong  50/50 uniform  T= 1 ops= 2000000 buckets= 262144  time=0.4225  thr=4.73 Mops  speedup=0.35
AGH            strong  50/50 uniform  T= 2 ops= 2000000 buckets= 262144  time=0.3485  thr=5.74 Mops  speedup=0.43
AGH            strong  50/50 uniform  T= 4 ops= 2000000 buckets= 262144  time=0.2484  thr=8.05 Mops  speedup=0.60
AGH            strong  50/50 uniform  T= 8 ops= 2000000 buckets= 262144  time=0.1928  thr=10.37 Mops  speedup=0.77
AGH            strong  50/50 uniform  T=16 ops= 2000000 buckets= 262144  time=0.1847  thr=10.83 Mops  speedup=0.81
AGH            strong  50/50    skew  T= 1 ops= 2000000 buckets= 262144 p_hot=0.70  time=0.5188  thr=3.86 Mops  speedup=0.38
AGH            strong  50/50    skew  T= 2 ops= 2000000 buckets= 262144 p_hot=0.70  time=0.3538  thr=5.65 Mops  speedup=0.56
AGH            strong  50/50    skew  T= 4 ops= 2000000 buckets= 262144 p_hot=0.70  time=0.3006  thr=6.65 Mops  speedup=0.66
AGH            strong  50/50    skew  T= 8 ops= 2000000 buckets= 262144 p_hot=0.70  time=0.3244  thr=6.17 Mops  speedup=0.61
AGH            strong  50/50    skew  T=16 ops= 2000000 buckets= 262144 p_hot=0.70  time=0.2982  thr=6.71 Mops  speedup=0.67
AGH            strong  50/50    skew  T= 1 ops= 2000000 buckets= 262144 p_hot=0.90  time=0.4855  thr=4.12 Mops  speedup=0.41
AGH            strong  50/50    skew  T= 2 ops= 2000000 buckets= 262144 p_hot=0.90  time=0.3403  thr=5.88 Mops  speedup=0.58
AGH            strong  50/50    skew  T= 4 ops= 2000000 buckets= 262144 p_hot=0.90  time=0.2885  thr=6.93 Mops  speedup=0.69
AGH            strong  50/50    skew  T= 8 ops= 2000000 buckets= 262144 p_hot=0.90  time=0.3113  thr=6.42 Mops  speedup=0.64
AGH            strong  50/50    skew  T=16 ops= 2000000 buckets= 262144 p_hot=0.90  time=0.2880  thr=6.94 Mops  speedup=0.69
AGH            strong  50/50    skew  T= 1 ops= 2000000 buckets= 262144 p_hot=0.99  time=0.4691  thr=4.26 Mops  speedup=0.41
AGH            strong  50/50    skew  T= 2 ops= 2000000 buckets= 262144 p_hot=0.99  time=0.3320  thr=6.02 Mops  speedup=0.58
AGH            strong  50/50    skew  T= 4 ops= 2000000 buckets= 262144 p_hot=0.99  time=0.2853  thr=7.01 Mops  speedup=0.68
AGH            strong  50/50    skew  T= 8 ops= 2000000 buckets= 262144 p_hot=0.99  time=0.3058  thr=6.54 Mops  speedup=0.63
AGH            strong  50/50    skew  T=16 ops= 2000000 buckets= 262144 p_hot=0.99  time=0.2815  thr=7.11 Mops  speedup=0.69
AGH            strong  50/50 uniform  T= 1 ops= 2000000 buckets=1048576  time=0.3669  thr=5.45 Mops  speedup=0.25
AGH            strong  50/50 uniform  T= 2 ops= 2000000 buckets=1048576  time=0.2753  thr=7.26 Mops  speedup=0.34
AGH            strong  50/50 uniform  T= 4 ops= 2000000 buckets=1048576  time=0.2062  thr=9.70 Mops  speedup=0.45
AGH            strong  50/50 uniform  T= 8 ops= 2000000 buckets=1048576  time=0.1896  thr=10.55 Mops  speedup=0.49
AGH            strong  50/50 uniform  T=16 ops= 2000000 buckets=1048576  time=0.1786  thr=11.20 Mops  speedup=0.52
AGH            strong  50/50    skew  T= 1 ops= 2000000 buckets=1048576 p_hot=0.70  time=0.4472  thr=4.47 Mops  speedup=0.33
AGH            strong  50/50    skew  T= 2 ops= 2000000 buckets=1048576 p_hot=0.70  time=0.2854  thr=7.01 Mops  speedup=0.52
AGH            strong  50/50    skew  T= 4 ops= 2000000 buckets=1048576 p_hot=0.70  time=0.2725  thr=7.34 Mops  speedup=0.54
AGH            strong  50/50    skew  T= 8 ops= 2000000 buckets=1048576 p_hot=0.70  time=0.3172  thr=6.31 Mops  speedup=0.46
AGH            strong  50/50    skew  T=16 ops= 2000000 buckets=1048576 p_hot=0.70  time=0.2847  thr=7.02 Mops  speedup=0.52
AGH            strong  50/50    skew  T= 1 ops= 2000000 buckets=1048576 p_hot=0.90  time=0.4263  thr=4.69 Mops  speedup=0.31
AGH            strong  50/50    skew  T= 2 ops= 2000000 buckets=1048576 p_hot=0.90  time=0.2788  thr=7.17 Mops  speedup=0.47
AGH            strong  50/50    skew  T= 4 ops= 2000000 buckets=1048576 p_hot=0.90  time=0.2640  thr=7.58 Mops  speedup=0.49
AGH            strong  50/50    skew  T= 8 ops= 2000000 buckets=1048576 p_hot=0.90  time=0.3057  thr=6.54 Mops  speedup=0.43
AGH            strong  50/50    skew  T=16 ops= 2000000 buckets=1048576 p_hot=0.90  time=0.2733  thr=7.32 Mops  speedup=0.48
AGH            strong  50/50    skew  T= 1 ops= 2000000 buckets=1048576 p_hot=0.99  time=0.4191  thr=4.77 Mops  speedup=0.30
AGH            strong  50/50    skew  T= 2 ops= 2000000 buckets=1048576 p_hot=0.99  time=0.2746  thr=7.28 Mops  speedup=0.46
AGH            strong  50/50    skew  T= 4 ops= 2000000 buckets=1048576 p_hot=0.99  time=0.2601  thr=7.69 Mops  speedup=0.49
AGH            strong  50/50    skew  T= 8 ops= 2000000 buckets=1048576 p_hot=0.99  time=0.2997  thr=6.67 Mops  speedup=0.42
AGH            strong  50/50    skew  T=16 ops= 2000000 buckets=1048576 p_hot=0.99  time=0.2673  thr=7.48 Mops  speedup=0.47
AGH            weak  80/20 uniform  T= 1 ops=  250000 buckets=  16384  time=0.0391  thr=6.39 Mops  speedup=0.29
AGH            weak  80/20 uniform  T= 2 ops=  500000 buckets=  16384  time=0.1200  thr=4.17 Mops  speedup=0.36
AGH            weak  80/20 uniform  T= 4 ops= 1000000 buckets=  16384  time=0.2572  thr=3.89 Mops  speedup=1.01
AGH            weak  80/20 uniform  T= 8 ops= 2000000 buckets=  16384  time=0.5460  thr=3.66 Mops  speedup=2.29
AGH            weak  80/20 uniform  T=16 ops= 4000000 buckets=  16384  time=1.3499  thr=2.96 Mops  speedup=3.83
AGH            weak  80/20    skew  T= 1 ops=  250000 buckets=  16384 p_hot=0.70  time=0.0497  thr=5.03 Mops  speedup=0.35
AGH            weak  80/20    skew  T= 2 ops=  500000 buckets=  16384 p_hot=0.70  time=0.1069  thr=4.68 Mops  speedup=0.52
AGH            weak  80/20    skew  T= 4 ops= 1000000 buckets=  16384 p_hot=0.70  time=0.2439  thr=4.10 Mops  speedup=1.17
AGH            weak  80/20    skew  T= 8 ops= 2000000 buckets=  16384 p_hot=0.70  time=0.5988  thr=3.34 Mops  speedup=2.17
AGH            weak  80/20    skew  T=16 ops= 4000000 buckets=  16384 p_hot=0.70  time=1.5385  thr=2.60 Mops  speedup=3.44
AGH            weak  80/20    skew  T= 1 ops=  250000 buckets=  16384 p_hot=0.90  time=0.0449  thr=5.57 Mops  speedup=0.37
AGH            weak  80/20    skew  T= 2 ops=  500000 buckets=  16384 p_hot=0.90  time=0.0938  thr=5.33 Mops  speedup=0.58
AGH            weak  80/20    skew  T= 4 ops= 1000000 buckets=  16384 p_hot=0.90  time=0.2265  thr=4.42 Mops  speedup=1.27
AGH            weak  80/20    skew  T= 8 ops= 2000000 buckets=  16384 p_hot=0.90  time=0.5859  thr=3.41 Mops  speedup=2.23
AGH            weak  80/20    skew  T=16 ops= 4000000 buckets=  16384 p_hot=0.90  time=1.5286  thr=2.62 Mops  speedup=3.46
AGH            weak  80/20    skew  T= 1 ops=  250000 buckets=  16384 p_hot=0.99  time=0.0425  thr=5.88 Mops  speedup=0.38
AGH            weak  80/20    skew  T= 2 ops=  500000 buckets=  16384 p_hot=0.99  time=0.0878  thr=5.69 Mops  speedup=0.62
AGH            weak  80/20    skew  T= 4 ops= 1000000 buckets=  16384 p_hot=0.99  time=0.2147  thr=4.66 Mops  speedup=1.35
AGH            weak  80/20    skew  T= 8 ops= 2000000 buckets=  16384 p_hot=0.99  time=0.5791  thr=3.45 Mops  speedup=2.26
AGH            weak  80/20    skew  T=16 ops= 4000000 buckets=  16384 p_hot=0.99  time=1.5226  thr=2.63 Mops  speedup=3.47
AGH            weak  80/20 uniform  T= 1 ops=  250000 buckets=  65536  time=0.0309  thr=8.08 Mops  speedup=0.24
AGH            weak  80/20 uniform  T= 2 ops=  500000 buckets=  65536  time=0.0630  thr=7.94 Mops  speedup=0.34
AGH            weak  80/20 uniform  T= 4 ops= 1000000 buckets=  65536  time=0.1244  thr=8.04 Mops  speedup=0.59
AGH            weak  80/20 uniform  T= 8 ops= 2000000 buckets=  65536  time=0.2130  thr=9.39 Mops  speedup=1.28
AGH            weak  80/20 uniform  T=16 ops= 4000000 buckets=  65536  time=0.4435  thr=9.02 Mops  speedup=2.89
AGH            weak  80/20    skew  T= 1 ops=  250000 buckets=  65536 p_hot=0.70  time=0.0406  thr=6.16 Mops  speedup=0.33
AGH            weak  80/20    skew  T= 2 ops=  500000 buckets=  65536 p_hot=0.70  time=0.0629  thr=7.95 Mops  speedup=0.52
AGH            weak  80/20    skew  T= 4 ops= 1000000 buckets=  65536 p_hot=0.70  time=0.1382  thr=7.23 Mops  speedup=0.70
AGH            weak  80/20    skew  T= 8 ops= 2000000 buckets=  65536 p_hot=0.70  time=0.3292  thr=6.08 Mops  speedup=0.99
AGH            weak  80/20    skew  T=16 ops= 4000000 buckets=  65536 p_hot=0.70  time=0.7420  thr=5.39 Mops  speedup=1.87
AGH            weak  80/20    skew  T= 1 ops=  250000 buckets=  65536 p_hot=0.90  time=0.0379  thr=6.60 Mops  speedup=0.34
AGH            weak  80/20    skew  T= 2 ops=  500000 buckets=  65536 p_hot=0.90  time=0.0579  thr=8.64 Mops  speedup=0.55
AGH            weak  80/20    skew  T= 4 ops= 1000000 buckets=  65536 p_hot=0.90  time=0.1279  thr=7.82 Mops  speedup=0.75
AGH            weak  80/20    skew  T= 8 ops= 2000000 buckets=  65536 p_hot=0.90  time=0.3229  thr=6.19 Mops  speedup=1.01
AGH            weak  80/20    skew  T=16 ops= 4000000 buckets=  65536 p_hot=0.90  time=0.7347  thr=5.44 Mops  speedup=1.87
AGH            weak  80/20    skew  T= 1 ops=  250000 buckets=  65536 p_hot=0.99  time=0.0363  thr=6.89 Mops  speedup=0.34
AGH            weak  80/20    skew  T= 2 ops=  500000 buckets=  65536 p_hot=0.99  time=0.0554  thr=9.02 Mops  speedup=0.56
AGH            weak  80/20    skew  T= 4 ops= 1000000 buckets=  65536 p_hot=0.99  time=0.1229  thr=8.14 Mops  speedup=0.77
AGH            weak  80/20    skew  T= 8 ops= 2000000 buckets=  65536 p_hot=0.99  time=0.3234  thr=6.18 Mops  speedup=1.00
AGH            weak  80/20    skew  T=16 ops= 4000000 buckets=  65536 p_hot=0.99  time=0.7350  thr=5.44 Mops  speedup=1.86
AGH            weak  80/20 uniform  T= 1 ops=  250000 buckets= 262144  time=0.0373  thr=6.69 Mops  speedup=0.17
AGH            weak  80/20 uniform  T= 2 ops=  500000 buckets= 262144  time=0.0586  thr=8.53 Mops  speedup=0.23
AGH            weak  80/20 uniform  T= 4 ops= 1000000 buckets= 262144  time=0.0894  thr=11.18 Mops  speedup=0.37
AGH            weak  80/20 uniform  T= 8 ops= 2000000 buckets= 262144  time=0.1371  thr=14.59 Mops  speedup=0.69
AGH            weak  80/20 uniform  T=16 ops= 4000000 buckets= 262144  time=0.2563  thr=15.61 Mops  speedup=1.23
AGH            weak  80/20    skew  T= 1 ops=  250000 buckets= 262144 p_hot=0.70  time=0.0418  thr=5.98 Mops  speedup=0.29
AGH            weak  80/20    skew  T= 2 ops=  500000 buckets= 262144 p_hot=0.70  time=0.0557  thr=8.97 Mops  speedup=0.45
AGH            weak  80/20    skew  T= 4 ops= 1000000 buckets= 262144 p_hot=0.70  time=0.1258  thr=7.95 Mops  speedup=0.45
AGH            weak  80/20    skew  T= 8 ops= 2000000 buckets= 262144 p_hot=0.70  time=0.3030  thr=6.60 Mops  speedup=0.47
AGH            weak  80/20    skew  T=16 ops= 4000000 buckets= 262144 p_hot=0.70  time=0.5817  thr=6.88 Mops  speedup=0.69
AGH            weak  80/20    skew  T= 1 ops=  250000 buckets= 262144 p_hot=0.90  time=0.0380  thr=6.58 Mops  speedup=0.30
AGH            weak  80/20    skew  T= 2 ops=  500000 buckets= 262144 p_hot=0.90  time=0.0524  thr=9.53 Mops  speedup=0.46
AGH            weak  80/20    skew  T= 4 ops= 1000000 buckets= 262144 p_hot=0.90  time=0.1184  thr=8.45 Mops  speedup=0.46
AGH            weak  80/20    skew  T= 8 ops= 2000000 buckets= 262144 p_hot=0.90  time=0.2906  thr=6.88 Mops  speedup=0.47
AGH            weak  80/20    skew  T=16 ops= 4000000 buckets= 262144 p_hot=0.90  time=0.5621  thr=7.12 Mops  speedup=0.70
AGH            weak  80/20    skew  T= 1 ops=  250000 buckets= 262144 p_hot=0.99  time=0.0360  thr=6.95 Mops  speedup=0.31
AGH            weak  80/20    skew  T= 2 ops=  500000 buckets= 262144 p_hot=0.99  time=0.0508  thr=9.84 Mops  speedup=0.47
AGH            weak  80/20    skew  T= 4 ops= 1000000 buckets= 262144 p_hot=0.99  time=0.1168  thr=8.56 Mops  speedup=0.46
AGH            weak  80/20    skew  T= 8 ops= 2000000 buckets= 262144 p_hot=0.99  time=0.2826  thr=7.08 Mops  speedup=0.48
AGH            weak  80/20    skew  T=16 ops= 4000000 buckets= 262144 p_hot=0.99  time=0.5537  thr=7.22 Mops  speedup=0.71
AGH            weak  80/20 uniform  T= 1 ops=  250000 buckets=1048576  time=0.0381  thr=6.56 Mops  speedup=0.17
AGH            weak  80/20 uniform  T= 2 ops=  500000 buckets=1048576  time=0.0610  thr=8.20 Mops  speedup=0.21
AGH            weak  80/20 uniform  T= 4 ops= 1000000 buckets=1048576  time=0.0827  thr=12.09 Mops  speedup=0.31
AGH            weak  80/20 uniform  T= 8 ops= 2000000 buckets=1048576  time=0.1124  thr=17.80 Mops  speedup=0.49
AGH            weak  80/20 uniform  T=16 ops= 4000000 buckets=1048576  time=0.2174  thr=18.40 Mops  speedup=0.68
AGH            weak  80/20    skew  T= 1 ops=  250000 buckets=1048576 p_hot=0.70  time=0.0427  thr=5.85 Mops  speedup=0.28
AGH            weak  80/20    skew  T= 2 ops=  500000 buckets=1048576 p_hot=0.70  time=0.0554  thr=9.02 Mops  speedup=0.44
AGH            weak  80/20    skew  T= 4 ops= 1000000 buckets=1048576 p_hot=0.70  time=0.1231  thr=8.12 Mops  speedup=0.39
AGH            weak  80/20    skew  T= 8 ops= 2000000 buckets=1048576 p_hot=0.70  time=0.2946  thr=6.79 Mops  speedup=0.34
AGH            weak  80/20    skew  T=16 ops= 4000000 buckets=1048576 p_hot=0.70  time=0.5505  thr=7.27 Mops  speedup=0.43
AGH            weak  80/20    skew  T= 1 ops=  250000 buckets=1048576 p_hot=0.90  time=0.0390  thr=6.41 Mops  speedup=0.29
AGH            weak  80/20    skew  T= 2 ops=  500000 buckets=1048576 p_hot=0.90  time=0.0519  thr=9.64 Mops  speedup=0.45
AGH            weak  80/20    skew  T= 4 ops= 1000000 buckets=1048576 p_hot=0.90  time=0.1163  thr=8.60 Mops  speedup=0.39
AGH            weak  80/20    skew  T= 8 ops= 2000000 buckets=1048576 p_hot=0.90  time=0.2840  thr=7.04 Mops  speedup=0.34
AGH            weak  80/20    skew  T=16 ops= 4000000 buckets=1048576 p_hot=0.90  time=0.5267  thr=7.59 Mops  speedup=0.44
AGH            weak  80/20    skew  T= 1 ops=  250000 buckets=1048576 p_hot=0.99  time=0.0370  thr=6.75 Mops  speedup=0.30
AGH            weak  80/20    skew  T= 2 ops=  500000 buckets=1048576 p_hot=0.99  time=0.0498  thr=10.05 Mops  speedup=0.46
AGH            weak  80/20    skew  T= 4 ops= 1000000 buckets=1048576 p_hot=0.99  time=0.1141  thr=8.76 Mops  speedup=0.39
AGH            weak  80/20    skew  T= 8 ops= 2000000 buckets=1048576 p_hot=0.99  time=0.2798  thr=7.15 Mops  speedup=0.34
AGH            weak  80/20    skew  T=16 ops= 4000000 buckets=1048576 p_hot=0.99  time=0.5194  thr=7.70 Mops  speedup=0.44
AGH            weak  50/50 uniform  T= 1 ops=  250000 buckets=  16384  time=0.0543  thr=4.61 Mops  speedup=0.38
AGH            weak  50/50 uniform  T= 2 ops=  500000 buckets=  16384  time=0.1632  thr=3.06 Mops  speedup=0.62
AGH            weak  50/50 uniform  T= 4 ops= 1000000 buckets=  16384  time=0.3574  thr=2.80 Mops  speedup=1.41
AGH            weak  50/50 uniform  T= 8 ops= 2000000 buckets=  16384  time=0.8062  thr=2.48 Mops  speedup=3.16
AGH            weak  50/50 uniform  T=16 ops= 4000000 buckets=  16384  time=1.9515  thr=2.05 Mops  speedup=5.54
AGH            weak  50/50    skew  T= 1 ops=  250000 buckets=  16384 p_hot=0.70  time=0.0586  thr=4.27 Mops  speedup=0.45
AGH            weak  50/50    skew  T= 2 ops=  500000 buckets=  16384 p_hot=0.70  time=0.1558  thr=3.21 Mops  speedup=0.75
AGH            weak  50/50    skew  T= 4 ops= 1000000 buckets=  16384 p_hot=0.70  time=0.3818  thr=2.62 Mops  speedup=1.38
AGH            weak  50/50    skew  T= 8 ops= 2000000 buckets=  16384 p_hot=0.70  time=0.8245  thr=2.43 Mops  speedup=2.89
AGH            weak  50/50    skew  T=16 ops= 4000000 buckets=  16384 p_hot=0.70  time=2.0392  thr=1.96 Mops  speedup=5.20
AGH            weak  50/50    skew  T= 1 ops=  250000 buckets=  16384 p_hot=0.90  time=0.0549  thr=4.55 Mops  speedup=0.46
AGH            weak  50/50    skew  T= 2 ops=  500000 buckets=  16384 p_hot=0.90  time=0.1468  thr=3.41 Mops  speedup=0.78
AGH            weak  50/50    skew  T= 4 ops= 1000000 buckets=  16384 p_hot=0.90  time=0.3662  thr=2.73 Mops  speedup=1.42
AGH            weak  50/50    skew  T= 8 ops= 2000000 buckets=  16384 p_hot=0.90  time=0.8168  thr=2.45 Mops  speedup=2.92
AGH            weak  50/50    skew  T=16 ops= 4000000 buckets=  16384 p_hot=0.90  time=2.0361  thr=1.96 Mops  speedup=5.25
AGH            weak  50/50    skew  T= 1 ops=  250000 buckets=  16384 p_hot=0.99  time=0.0537  thr=4.65 Mops  speedup=0.47
AGH            weak  50/50    skew  T= 2 ops=  500000 buckets=  16384 p_hot=0.99  time=0.1433  thr=3.49 Mops  speedup=0.79
AGH            weak  50/50    skew  T= 4 ops= 1000000 buckets=  16384 p_hot=0.99  time=0.3497  thr=2.86 Mops  speedup=1.49
AGH            weak  50/50    skew  T= 8 ops= 2000000 buckets=  16384 p_hot=0.99  time=0.8124  thr=2.46 Mops  speedup=2.93
AGH            weak  50/50    skew  T=16 ops= 4000000 buckets=  16384 p_hot=0.99  time=2.0213  thr=1.98 Mops  speedup=5.26
AGH            weak  50/50 uniform  T= 1 ops=  250000 buckets=  65536  time=0.0297  thr=8.43 Mops  speedup=0.41
AGH            weak  50/50 uniform  T= 2 ops=  500000 buckets=  65536  time=0.0690  thr=7.25 Mops  speedup=0.51
AGH            weak  50/50 uniform  T= 4 ops= 1000000 buckets=  65536  time=0.1481  thr=6.75 Mops  speedup=0.74
AGH            weak  50/50 uniform  T= 8 ops= 2000000 buckets=  65536  time=0.2825  thr=7.08 Mops  speedup=1.51
AGH            weak  50/50 uniform  T=16 ops= 4000000 buckets=  65536  time=0.5894  thr=6.79 Mops  speedup=3.94
AGH            weak  50/50    skew  T= 1 ops=  250000 buckets=  65536 p_hot=0.70  time=0.0355  thr=7.05 Mops  speedup=0.52
AGH            weak  50/50    skew  T= 2 ops=  500000 buckets=  65536 p_hot=0.70  time=0.0656  thr=7.62 Mops  speedup=0.73
AGH            weak  50/50    skew  T= 4 ops= 1000000 buckets=  65536 p_hot=0.70  time=0.1583  thr=6.32 Mops  speedup=0.88
AGH            weak  50/50    skew  T= 8 ops= 2000000 buckets=  65536 p_hot=0.70  time=0.3628  thr=5.51 Mops  speedup=1.38
AGH            weak  50/50    skew  T=16 ops= 4000000 buckets=  65536 p_hot=0.70  time=0.8511  thr=4.70 Mops  speedup=2.80
AGH            weak  50/50    skew  T= 1 ops=  250000 buckets=  65536 p_hot=0.90  time=0.0342  thr=7.31 Mops  speedup=0.52
AGH            weak  50/50    skew  T= 2 ops=  500000 buckets=  65536 p_hot=0.90  time=0.0632  thr=7.91 Mops  speedup=0.77
AGH            weak  50/50    skew  T= 4 ops= 1000000 buckets=  65536 p_hot=0.90  time=0.1547  thr=6.46 Mops  speedup=0.94
AGH            weak  50/50    skew  T= 8 ops= 2000000 buckets=  65536 p_hot=0.90  time=0.3544  thr=5.64 Mops  speedup=1.40
AGH            weak  50/50    skew  T=16 ops= 4000000 buckets=  65536 p_hot=0.90  time=0.8480  thr=4.72 Mops  speedup=2.79
AGH            weak  50/50    skew  T= 1 ops=  250000 buckets=  65536 p_hot=0.99  time=0.0336  thr=7.45 Mops  speedup=0.52
AGH            weak  50/50    skew  T= 2 ops=  500000 buckets=  65536 p_hot=0.99  time=0.0624  thr=8.01 Mops  speedup=0.79
AGH            weak  50/50    skew  T= 4 ops= 1000000 buckets=  65536 p_hot=0.99  time=0.1513  thr=6.61 Mops  speedup=0.98
AGH            weak  50/50    skew  T= 8 ops= 2000000 buckets=  65536 p_hot=0.99  time=0.3440  thr=5.81 Mops  speedup=1.45
AGH            weak  50/50    skew  T=16 ops= 4000000 buckets=  65536 p_hot=0.99  time=0.8331  thr=4.80 Mops  speedup=2.84
AGH            weak  50/50 uniform  T= 1 ops=  250000 buckets= 262144  time=0.0294  thr=8.52 Mops  speedup=0.36
AGH            weak  50/50 uniform  T= 2 ops=  500000 buckets= 262144  time=0.0527  thr=9.49 Mops  speedup=0.42
AGH            weak  50/50 uniform  T= 4 ops= 1000000 buckets= 262144  time=0.0955  thr=10.47 Mops  speedup=0.58
AGH            weak  50/50 uniform  T= 8 ops= 2000000 buckets= 262144  time=0.1902  thr=10.52 Mops  speedup=0.83
AGH            weak  50/50 uniform  T=16 ops= 4000000 buckets= 262144  time=0.3870  thr=10.34 Mops  speedup=1.34
AGH            weak  50/50    skew  T= 1 ops=  250000 buckets= 262144 p_hot=0.70  time=0.0355  thr=7.04 Mops  speedup=0.45
AGH            weak  50/50    skew  T= 2 ops=  500000 buckets= 262144 p_hot=0.70  time=0.0546  thr=9.17 Mops  speedup=0.61
AGH            weak  50/50    skew  T= 4 ops= 1000000 buckets= 262144 p_hot=0.70  time=0.1295  thr=7.72 Mops  speedup=0.61
AGH            weak  50/50    skew  T= 8 ops= 2000000 buckets= 262144 p_hot=0.70  time=0.3236  thr=6.18 Mops  speedup=0.65
AGH            weak  50/50    skew  T=16 ops= 4000000 buckets= 262144 p_hot=0.70  time=0.6073  thr=6.59 Mops  speedup=1.06
AGH            weak  50/50    skew  T= 1 ops=  250000 buckets= 262144 p_hot=0.90  time=0.0327  thr=7.64 Mops  speedup=0.47
AGH            weak  50/50    skew  T= 2 ops=  500000 buckets= 262144 p_hot=0.90  time=0.0527  thr=9.49 Mops  speedup=0.61
AGH            weak  50/50    skew  T= 4 ops= 1000000 buckets= 262144 p_hot=0.90  time=0.1231  thr=8.12 Mops  speedup=0.62
AGH            weak  50/50    skew  T= 8 ops= 2000000 buckets= 262144 p_hot=0.90  time=0.3099  thr=6.45 Mops  speedup=0.67
AGH            weak  50/50    skew  T=16 ops= 4000000 buckets= 262144 p_hot=0.90  time=0.5825  thr=6.87 Mops  speedup=1.08
AGH            weak  50/50    skew  T= 1 ops=  250000 buckets= 262144 p_hot=0.99  time=0.0319  thr=7.84 Mops  speedup=0.48
AGH            weak  50/50    skew  T= 2 ops=  500000 buckets= 262144 p_hot=0.99  time=0.0515  thr=9.70 Mops  speedup=0.61
AGH            weak  50/50    skew  T= 4 ops= 1000000 buckets= 262144 p_hot=0.99  time=0.1225  thr=8.16 Mops  speedup=0.62
AGH            weak  50/50    skew  T= 8 ops= 2000000 buckets= 262144 p_hot=0.99  time=0.3053  thr=6.55 Mops  speedup=0.67
AGH            weak  50/50    skew  T=16 ops= 4000000 buckets= 262144 p_hot=0.99  time=0.5730  thr=6.98 Mops  speedup=1.09
AGH            weak  50/50 uniform  T= 1 ops=  250000 buckets=1048576  time=0.0320  thr=7.82 Mops  speedup=0.34
AGH            weak  50/50 uniform  T= 2 ops=  500000 buckets=1048576  time=0.0511  thr=9.78 Mops  speedup=0.42
AGH            weak  50/50 uniform  T= 4 ops= 1000000 buckets=1048576  time=0.0815  thr=12.28 Mops  speedup=0.54
AGH            weak  50/50 uniform  T= 8 ops= 2000000 buckets=1048576  time=0.1896  thr=10.55 Mops  speedup=0.47
AGH            weak  50/50 uniform  T=16 ops= 4000000 buckets=1048576  time=0.3529  thr=11.33 Mops  speedup=0.69
AGH            weak  50/50    skew  T= 1 ops=  250000 buckets=1048576 p_hot=0.70  time=0.0384  thr=6.51 Mops  speedup=0.42
AGH            weak  50/50    skew  T= 2 ops=  500000 buckets=1048576 p_hot=0.70  time=0.0527  thr=9.48 Mops  speedup=0.61
AGH            weak  50/50    skew  T= 4 ops= 1000000 buckets=1048576 p_hot=0.70  time=0.1256  thr=7.96 Mops  speedup=0.52
AGH            weak  50/50    skew  T= 8 ops= 2000000 buckets=1048576 p_hot=0.70  time=0.3142  thr=6.37 Mops  speedup=0.43
AGH            weak  50/50    skew  T=16 ops= 4000000 buckets=1048576 p_hot=0.70  time=0.5734  thr=6.98 Mops  speedup=0.58
AGH            weak  50/50    skew  T= 1 ops=  250000 buckets=1048576 p_hot=0.90  time=0.0352  thr=7.10 Mops  speedup=0.44
AGH            weak  50/50    skew  T= 2 ops=  500000 buckets=1048576 p_hot=0.90  time=0.0491  thr=10.18 Mops  speedup=0.63
AGH            weak  50/50    skew  T= 4 ops= 1000000 buckets=1048576 p_hot=0.90  time=0.1204  thr=8.31 Mops  speedup=0.51
AGH            weak  50/50    skew  T= 8 ops= 2000000 buckets=1048576 p_hot=0.90  time=0.3061  thr=6.53 Mops  speedup=0.42
AGH            weak  50/50    skew  T=16 ops= 4000000 buckets=1048576 p_hot=0.90  time=0.5487  thr=7.29 Mops  speedup=0.59
AGH            weak  50/50    skew  T= 1 ops=  250000 buckets=1048576 p_hot=0.99  time=0.0342  thr=7.31 Mops  speedup=0.44
AGH            weak  50/50    skew  T= 2 ops=  500000 buckets=1048576 p_hot=0.99  time=0.0476  thr=10.51 Mops  speedup=0.64
AGH            weak  50/50    skew  T= 4 ops= 1000000 buckets=1048576 p_hot=0.99  time=0.1161  thr=8.61 Mops  speedup=0.52
AGH            weak  50/50    skew  T= 8 ops= 2000000 buckets=1048576 p_hot=0.99  time=0.2965  thr=6.75 Mops  speedup=0.43
AGH            weak  50/50    skew  T=16 ops= 4000000 buckets=1048576 p_hot=0.99  time=0.5384  thr=7.43 Mops  speedup=0.60
CSV_RESULTS_BEGIN
impl,mode,mix,dist,threads,ops,bucket_count,read_ratio,p_hot,time_s,throughput_mops,speedup,seq_baseline_s
AGH,strong,80/20,uniform,1,2000000,16384,0.80,0.00,3.047541,0.656,0.454,1.383582
AGH,strong,80/20,uniform,2,2000000,16384,0.80,0.00,1.478737,1.353,0.936,1.383582
AGH,strong,80/20,uniform,4,2000000,16384,0.80,0.00,0.746892,2.678,1.852,1.383582
AGH,strong,80/20,uniform,8,2000000,16384,0.80,0.00,0.430629,4.644,3.213,1.383582
AGH,strong,80/20,uniform,16,2000000,16384,0.80,0.00,0.272835,7.330,5.071,1.383582
AGH,strong,80/20,skew,1,2000000,16384,0.80,0.70,2.578428,0.776,0.539,1.388843
AGH,strong,80/20,skew,2,2000000,16384,0.80,0.70,1.447101,1.382,0.960,1.388843
AGH,strong,80/20,skew,4,2000000,16384,0.80,0.70,0.819858,2.439,1.694,1.388843
AGH,strong,80/20,skew,8,2000000,16384,0.80,0.70,0.574066,3.484,2.419,1.388843
AGH,strong,80/20,skew,16,2000000,16384,0.80,0.70,0.471461,4.242,2.946,1.388843
AGH,strong,80/20,skew,1,2000000,16384,0.80,0.90,2.091860,0.956,0.657,1.374912
AGH,strong,80/20,skew,2,2000000,16384,0.80,0.90,1.188497,1.683,1.157,1.374912
AGH,strong,80/20,skew,4,2000000,16384,0.80,0.90,0.747947,2.674,1.838,1.374912
AGH,strong,80/20,skew,8,2000000,16384,0.80,0.90,0.561277,3.563,2.450,1.374912
AGH,strong,80/20,skew,16,2000000,16384,0.80,0.90,0.476001,4.202,2.888,1.374912
AGH,strong,80/20,skew,1,2000000,16384,0.80,0.99,1.873728,1.067,0.738,1.382551
AGH,strong,80/20,skew,2,2000000,16384,0.80,0.99,1.105080,1.810,1.251,1.382551
AGH,strong,80/20,skew,4,2000000,16384,0.80,0.99,0.708006,2.825,1.953,1.382551
AGH,strong,80/20,skew,8,2000000,16384,0.80,0.99,0.560352,3.569,2.467,1.382551
AGH,strong,80/20,skew,16,2000000,16384,0.80,0.99,0.475546,4.206,2.907,1.382551
AGH,strong,80/20,uniform,1,2000000,65536,0.80,0.00,0.790408,2.530,0.378,0.298854
AGH,strong,80/20,uniform,2,2000000,65536,0.80,0.00,0.551820,3.624,0.542,0.298854
AGH,strong,80/20,uniform,4,2000000,65536,0.80,0.00,0.338447,5.909,0.883,0.298854
AGH,strong,80/20,uniform,8,2000000,65536,0.80,0.00,0.203058,9.849,1.472,0.298854
AGH,strong,80/20,uniform,16,2000000,65536,0.80,0.00,0.156242,12.801,1.913,0.298854
AGH,strong,80/20,skew,1,2000000,65536,0.80,0.70,0.903134,2.215,0.396,0.358039
AGH,strong,80/20,skew,2,2000000,65536,0.80,0.70,0.500622,3.995,0.715,0.358039
AGH,strong,80/20,skew,4,2000000,65536,0.80,0.70,0.358132,5.585,1.000,0.358039
AGH,strong,80/20,skew,8,2000000,65536,0.80,0.70,0.323888,6.175,1.105,0.358039
AGH,strong,80/20,skew,16,2000000,65536,0.80,0.70,0.307615,6.502,1.164,0.358039
AGH,strong,80/20,skew,1,2000000,65536,0.80,0.90,0.772877,2.588,0.458,0.353685
AGH,strong,80/20,skew,2,2000000,65536,0.80,0.90,0.437417,4.572,0.809,0.353685
AGH,strong,80/20,skew,4,2000000,65536,0.80,0.90,0.332758,6.010,1.063,0.353685
AGH,strong,80/20,skew,8,2000000,65536,0.80,0.90,0.320869,6.233,1.102,0.353685
AGH,strong,80/20,skew,16,2000000,65536,0.80,0.90,0.289942,6.898,1.220,0.353685
AGH,strong,80/20,skew,1,2000000,65536,0.80,0.99,0.711173,2.812,0.495,0.351681
AGH,strong,80/20,skew,2,2000000,65536,0.80,0.99,0.401913,4.976,0.875,0.351681
AGH,strong,80/20,skew,4,2000000,65536,0.80,0.99,0.326300,6.129,1.078,0.351681
AGH,strong,80/20,skew,8,2000000,65536,0.80,0.99,0.317986,6.290,1.106,0.351681
AGH,strong,80/20,skew,16,2000000,65536,0.80,0.99,0.284860,7.021,1.235,0.351681
AGH,strong,80/20,uniform,1,2000000,262144,0.80,0.00,0.395842,5.053,0.257,0.101789
AGH,strong,80/20,uniform,2,2000000,262144,0.80,0.00,0.296198,6.752,0.344,0.101789
AGH,strong,80/20,uniform,4,2000000,262144,0.80,0.00,0.199136,10.043,0.511,0.101789
AGH,strong,80/20,uniform,8,2000000,262144,0.80,0.00,0.134759,14.841,0.755,0.101789
AGH,strong,80/20,uniform,16,2000000,262144,0.80,0.00,0.114944,17.400,0.886,0.101789
AGH,strong,80/20,skew,1,2000000,262144,0.80,0.70,0.519942,3.847,0.275,0.142942
AGH,strong,80/20,skew,2,2000000,262144,0.80,0.70,0.299364,6.681,0.477,0.142942
AGH,strong,80/20,skew,4,2000000,262144,0.80,0.70,0.266887,7.494,0.536,0.142942
AGH,strong,80/20,skew,8,2000000,262144,0.80,0.70,0.301092,6.642,0.475,0.142942
AGH,strong,80/20,skew,16,2000000,262144,0.80,0.70,0.280557,7.129,0.509,0.142942
AGH,strong,80/20,skew,1,2000000,262144,0.80,0.90,0.472866,4.230,0.307,0.145206
AGH,strong,80/20,skew,2,2000000,262144,0.80,0.90,0.273296,7.318,0.531,0.145206
AGH,strong,80/20,skew,4,2000000,262144,0.80,0.90,0.252851,7.910,0.574,0.145206
AGH,strong,80/20,skew,8,2000000,262144,0.80,0.90,0.289999,6.897,0.501,0.145206
AGH,strong,80/20,skew,16,2000000,262144,0.80,0.90,0.268280,7.455,0.541,0.145206
AGH,strong,80/20,skew,1,2000000,262144,0.80,0.99,0.448975,4.455,0.320,0.143547
AGH,strong,80/20,skew,2,2000000,262144,0.80,0.99,0.260817,7.668,0.550,0.143547
AGH,strong,80/20,skew,4,2000000,262144,0.80,0.99,0.246678,8.108,0.582,0.143547
AGH,strong,80/20,skew,8,2000000,262144,0.80,0.99,0.283110,7.064,0.507,0.143547
AGH,strong,80/20,skew,16,2000000,262144,0.80,0.99,0.263889,7.579,0.544,0.143547
AGH,strong,80/20,uniform,1,2000000,1048576,0.80,0.00,0.349256,5.726,0.172,0.060056
AGH,strong,80/20,uniform,2,2000000,1048576,0.80,0.00,0.245288,8.154,0.245,0.060056
AGH,strong,80/20,uniform,4,2000000,1048576,0.80,0.00,0.154661,12.931,0.388,0.060056
AGH,strong,80/20,uniform,8,2000000,1048576,0.80,0.00,0.109289,18.300,0.550,0.060056
AGH,strong,80/20,uniform,16,2000000,1048576,0.80,0.00,0.105516,18.955,0.569,0.060056
AGH,strong,80/20,skew,1,2000000,1048576,0.80,0.70,0.433197,4.617,0.229,0.099253
AGH,strong,80/20,skew,2,2000000,1048576,0.80,0.70,0.249665,8.011,0.398,0.099253
AGH,strong,80/20,skew,4,2000000,1048576,0.80,0.70,0.252798,7.911,0.393,0.099253
AGH,strong,80/20,skew,8,2000000,1048576,0.80,0.70,0.294535,6.790,0.337,0.099253
AGH,strong,80/20,skew,16,2000000,1048576,0.80,0.70,0.267866,7.466,0.371,0.099253
AGH,strong,80/20,skew,1,2000000,1048576,0.80,0.90,0.402903,4.964,0.240,0.096554
AGH,strong,80/20,skew,2,2000000,1048576,0.80,0.90,0.238432,8.388,0.405,0.096554
AGH,strong,80/20,skew,4,2000000,1048576,0.80,0.90,0.241794,8.272,0.399,0.096554
AGH,strong,80/20,skew,8,2000000,1048576,0.80,0.90,0.283258,7.061,0.341,0.096554
AGH,strong,80/20,skew,16,2000000,1048576,0.80,0.90,0.255289,7.834,0.378,0.096554
AGH,strong,80/20,skew,1,2000000,1048576,0.80,0.99,0.388992,5.141,0.247,0.095958
AGH,strong,80/20,skew,2,2000000,1048576,0.80,0.99,0.232003,8.621,0.414,0.095958
AGH,strong,80/20,skew,4,2000000,1048576,0.80,0.99,0.238193,8.397,0.403,0.095958
AGH,strong,80/20,skew,8,2000000,1048576,0.80,0.99,0.279368,7.159,0.343,0.095958
AGH,strong,80/20,skew,16,2000000,1048576,0.80,0.99,0.250181,7.994,0.384,0.095958
AGH,strong,50/50,uniform,1,2000000,16384,0.50,0.00,3.479646,0.575,0.707,2.461652
AGH,strong,50/50,uniform,2,2000000,16384,0.50,0.00,2.187282,0.914,1.125,2.461652
AGH,strong,50/50,uniform,4,2000000,16384,0.50,0.00,1.304051,1.534,1.888,2.461652
AGH,strong,50/50,uniform,8,2000000,16384,0.50,0.00,0.772259,2.590,3.188,2.461652
AGH,strong,50/50,uniform,16,2000000,16384,0.50,0.00,0.500385,3.997,4.920,2.461652
AGH,strong,50/50,skew,1,2000000,16384,0.50,0.70,3.513998,0.569,0.735,2.583012
AGH,strong,50/50,skew,2,2000000,16384,0.50,0.70,2.156974,0.927,1.198,2.583012
AGH,strong,50/50,skew,4,2000000,16384,0.50,0.70,1.292880,1.547,1.998,2.583012
AGH,strong,50/50,skew,8,2000000,16384,0.50,0.70,0.804433,2.486,3.211,2.583012
AGH,strong,50/50,skew,16,2000000,16384,0.50,0.70,0.599028,3.339,4.312,2.583012
AGH,strong,50/50,skew,1,2000000,16384,0.50,0.90,3.245754,0.616,0.790,2.565140
AGH,strong,50/50,skew,2,2000000,16384,0.50,0.90,2.026619,0.987,1.266,2.565140
AGH,strong,50/50,skew,4,2000000,16384,0.50,0.90,1.233144,1.622,2.080,2.565140
AGH,strong,50/50,skew,8,2000000,16384,0.50,0.90,0.796020,2.512,3.222,2.565140
AGH,strong,50/50,skew,16,2000000,16384,0.50,0.90,0.596115,3.355,4.303,2.565140
AGH,strong,50/50,skew,1,2000000,16384,0.50,0.99,3.109240,0.643,0.824,2.562725
AGH,strong,50/50,skew,2,2000000,16384,0.50,0.99,1.942863,1.029,1.319,2.562725
AGH,strong,50/50,skew,4,2000000,16384,0.50,0.99,1.237865,1.616,2.070,2.562725
AGH,strong,50/50,skew,8,2000000,16384,0.50,0.99,0.791286,2.528,3.239,2.562725
AGH,strong,50/50,skew,16,2000000,16384,0.50,0.99,0.598743,3.340,4.280,2.562725
AGH,strong,50/50,uniform,1,2000000,65536,0.50,0.00,0.962226,2.079,0.487,0.468391
AGH,strong,50/50,uniform,2,2000000,65536,0.50,0.00,0.717659,2.787,0.653,0.468391
AGH,strong,50/50,uniform,4,2000000,65536,0.50,0.00,0.453115,4.414,1.034,0.468391
AGH,strong,50/50,uniform,8,2000000,65536,0.50,0.00,0.281394,7.107,1.665,0.468391
AGH,strong,50/50,uniform,16,2000000,65536,0.50,0.00,0.221636,9.024,2.113,0.468391
AGH,strong,50/50,skew,1,2000000,65536,0.50,0.70,1.019032,1.963,0.522,0.532073
AGH,strong,50/50,skew,2,2000000,65536,0.50,0.70,0.685108,2.919,0.777,0.532073
AGH,strong,50/50,skew,4,2000000,65536,0.50,0.70,0.484246,4.130,1.099,0.532073
AGH,strong,50/50,skew,8,2000000,65536,0.50,0.70,0.361865,5.527,1.470,0.532073
AGH,strong,50/50,skew,16,2000000,65536,0.50,0.70,0.332291,6.019,1.601,0.532073
AGH,strong,50/50,skew,1,2000000,65536,0.50,0.90,0.930215,2.150,0.569,0.529388
AGH,strong,50/50,skew,2,2000000,65536,0.50,0.90,0.647511,3.089,0.818,0.529388
AGH,strong,50/50,skew,4,2000000,65536,0.50,0.90,0.467449,4.279,1.133,0.529388
AGH,strong,50/50,skew,8,2000000,65536,0.50,0.90,0.355241,5.630,1.490,0.529388
AGH,strong,50/50,skew,16,2000000,65536,0.50,0.90,0.323818,6.176,1.635,0.529388
AGH,strong,50/50,skew,1,2000000,65536,0.50,0.99,0.886382,2.256,0.596,0.528596
AGH,strong,50/50,skew,2,2000000,65536,0.50,0.99,0.630024,3.174,0.839,0.528596
AGH,strong,50/50,skew,4,2000000,65536,0.50,0.99,0.460489,4.343,1.148,0.528596
AGH,strong,50/50,skew,8,2000000,65536,0.50,0.99,0.354337,5.644,1.492,0.528596
AGH,strong,50/50,skew,16,2000000,65536,0.50,0.99,0.317462,6.300,1.665,0.528596
AGH,strong,50/50,uniform,1,2000000,262144,0.50,0.00,0.422489,4.734,0.353,0.149289
AGH,strong,50/50,uniform,2,2000000,262144,0.50,0.00,0.348530,5.738,0.428,0.149289
AGH,strong,50/50,uniform,4,2000000,262144,0.50,0.00,0.248357,8.053,0.601,0.149289
AGH,strong,50/50,uniform,8,2000000,262144,0.50,0.00,0.192786,10.374,0.774,0.149289
AGH,strong,50/50,uniform,16,2000000,262144,0.50,0.00,0.184736,10.826,0.808,0.149289
AGH,strong,50/50,skew,1,2000000,262144,0.50,0.70,0.518775,3.855,0.384,0.199044
AGH,strong,50/50,skew,2,2000000,262144,0.50,0.70,0.353822,5.653,0.563,0.199044
AGH,strong,50/50,skew,4,2000000,262144,0.50,0.70,0.300564,6.654,0.662,0.199044
AGH,strong,50/50,skew,8,2000000,262144,0.50,0.70,0.324379,6.166,0.614,0.199044
AGH,strong,50/50,skew,16,2000000,262144,0.50,0.70,0.298221,6.706,0.667,0.199044
AGH,strong,50/50,skew,1,2000000,262144,0.50,0.90,0.485454,4.120,0.408,0.197981
AGH,strong,50/50,skew,2,2000000,262144,0.50,0.90,0.340333,5.877,0.582,0.197981
AGH,strong,50/50,skew,4,2000000,262144,0.50,0.90,0.288516,6.932,0.686,0.197981
AGH,strong,50/50,skew,8,2000000,262144,0.50,0.90,0.311292,6.425,0.636,0.197981
AGH,strong,50/50,skew,16,2000000,262144,0.50,0.90,0.287985,6.945,0.687,0.197981
AGH,strong,50/50,skew,1,2000000,262144,0.50,0.99,0.469062,4.264,0.412,0.193393
AGH,strong,50/50,skew,2,2000000,262144,0.50,0.99,0.332039,6.023,0.582,0.193393
AGH,strong,50/50,skew,4,2000000,262144,0.50,0.99,0.285315,7.010,0.678,0.193393
AGH,strong,50/50,skew,8,2000000,262144,0.50,0.99,0.305760,6.541,0.632,0.193393
AGH,strong,50/50,skew,16,2000000,262144,0.50,0.99,0.281468,7.106,0.687,0.193393
AGH,strong,50/50,uniform,1,2000000,1048576,0.50,0.00,0.366947,5.450,0.252,0.092330
AGH,strong,50/50,uniform,2,2000000,1048576,0.50,0.00,0.275326,7.264,0.335,0.092330
AGH,strong,50/50,uniform,4,2000000,1048576,0.50,0.00,0.206173,9.701,0.448,0.092330
AGH,strong,50/50,uniform,8,2000000,1048576,0.50,0.00,0.189625,10.547,0.487,0.092330
AGH,strong,50/50,uniform,16,2000000,1048576,0.50,0.00,0.178572,11.200,0.517,0.092330
AGH,strong,50/50,skew,1,2000000,1048576,0.50,0.70,0.447153,4.473,0.329,0.146962
AGH,strong,50/50,skew,2,2000000,1048576,0.50,0.70,0.285363,7.009,0.515,0.146962
AGH,strong,50/50,skew,4,2000000,1048576,0.50,0.70,0.272456,7.341,0.539,0.146962
AGH,strong,50/50,skew,8,2000000,1048576,0.50,0.70,0.317178,6.306,0.463,0.146962
AGH,strong,50/50,skew,16,2000000,1048576,0.50,0.70,0.284724,7.024,0.516,0.146962
AGH,strong,50/50,skew,1,2000000,1048576,0.50,0.90,0.426324,4.691,0.305,0.130110
AGH,strong,50/50,skew,2,2000000,1048576,0.50,0.90,0.278825,7.173,0.467,0.130110
AGH,strong,50/50,skew,4,2000000,1048576,0.50,0.90,0.263997,7.576,0.493,0.130110
AGH,strong,50/50,skew,8,2000000,1048576,0.50,0.90,0.305730,6.542,0.426,0.130110
AGH,strong,50/50,skew,16,2000000,1048576,0.50,0.90,0.273280,7.318,0.476,0.130110
AGH,strong,50/50,skew,1,2000000,1048576,0.50,0.99,0.419141,4.772,0.303,0.126966
AGH,strong,50/50,skew,2,2000000,1048576,0.50,0.99,0.274644,7.282,0.462,0.126966
AGH,strong,50/50,skew,4,2000000,1048576,0.50,0.99,0.260134,7.688,0.488,0.126966
AGH,strong,50/50,skew,8,2000000,1048576,0.50,0.99,0.299730,6.673,0.424,0.126966
AGH,strong,50/50,skew,16,2000000,1048576,0.50,0.99,0.267309,7.482,0.475,0.126966
AGH,weak,80/20,uniform,1,250000,16384,0.80,0.00,0.039099,6.394,0.292,0.011428
AGH,weak,80/20,uniform,2,500000,16384,0.80,0.00,0.119984,4.167,0.357,0.042853
AGH,weak,80/20,uniform,4,1000000,16384,0.80,0.00,0.257198,3.888,1.010,0.259784
AGH,weak,80/20,uniform,8,2000000,16384,0.80,0.00,0.546011,3.663,2.286,1.248026
AGH,weak,80/20,uniform,16,4000000,16384,0.80,0.00,1.349912,2.963,3.827,5.165459
AGH,weak,80/20,skew,1,250000,16384,0.80,0.70,0.049721,5.028,0.346,0.017211
AGH,weak,80/20,skew,2,500000,16384,0.80,0.70,0.106907,4.677,0.522,0.055764
AGH,weak,80/20,skew,4,1000000,16384,0.80,0.70,0.243929,4.100,1.172,0.285967
AGH,weak,80/20,skew,8,2000000,16384,0.80,0.70,0.598843,3.340,2.166,1.297017
AGH,weak,80/20,skew,16,4000000,16384,0.80,0.70,1.538516,2.600,3.436,5.285719
AGH,weak,80/20,skew,1,250000,16384,0.80,0.90,0.044853,5.574,0.373,0.016719
AGH,weak,80/20,skew,2,500000,16384,0.80,0.90,0.093803,5.330,0.581,0.054472
AGH,weak,80/20,skew,4,1000000,16384,0.80,0.90,0.226469,4.416,1.275,0.288708
AGH,weak,80/20,skew,8,2000000,16384,0.80,0.90,0.585884,3.414,2.234,1.308587
AGH,weak,80/20,skew,16,4000000,16384,0.80,0.90,1.528633,2.617,3.465,5.296336
AGH,weak,80/20,skew,1,250000,16384,0.80,0.99,0.042494,5.883,0.384,0.016336
AGH,weak,80/20,skew,2,500000,16384,0.80,0.99,0.087838,5.692,0.625,0.054887
AGH,weak,80/20,skew,4,1000000,16384,0.80,0.99,0.214710,4.657,1.347,0.289238
AGH,weak,80/20,skew,8,2000000,16384,0.80,0.99,0.579108,3.454,2.255,1.306040
AGH,weak,80/20,skew,16,4000000,16384,0.80,0.99,1.522633,2.627,3.471,5.285253
AGH,weak,80/20,uniform,1,250000,65536,0.80,0.00,0.030936,8.081,0.238,0.007372
AGH,weak,80/20,uniform,2,500000,65536,0.80,0.00,0.062963,7.941,0.336,0.021171
AGH,weak,80/20,uniform,4,1000000,65536,0.80,0.00,0.124449,8.035,0.594,0.073959
AGH,weak,80/20,uniform,8,2000000,65536,0.80,0.00,0.213013,9.389,1.281,0.272944
AGH,weak,80/20,uniform,16,4000000,65536,0.80,0.00,0.443455,9.020,2.894,1.283215
AGH,weak,80/20,skew,1,250000,65536,0.80,0.70,0.040610,6.156,0.326,0.013255
AGH,weak,80/20,skew,2,500000,65536,0.80,0.70,0.062907,7.948,0.523,0.032902
AGH,weak,80/20,skew,4,1000000,65536,0.80,0.70,0.138236,7.234,0.705,0.097389
AGH,weak,80/20,skew,8,2000000,65536,0.80,0.70,0.329184,6.076,0.994,0.327369
AGH,weak,80/20,skew,16,4000000,65536,0.80,0.70,0.742002,5.391,1.865,1.383949
AGH,weak,80/20,skew,1,250000,65536,0.80,0.90,0.037866,6.602,0.335,0.012688
AGH,weak,80/20,skew,2,500000,65536,0.80,0.90,0.057856,8.642,0.548,0.031729
AGH,weak,80/20,skew,4,1000000,65536,0.80,0.90,0.127939,7.816,0.751,0.096131
AGH,weak,80/20,skew,8,2000000,65536,0.80,0.90,0.322880,6.194,1.006,0.324930
AGH,weak,80/20,skew,16,4000000,65536,0.80,0.90,0.734683,5.445,1.868,1.372352
AGH,weak,80/20,skew,1,250000,65536,0.80,0.99,0.036272,6.892,0.343,0.012438
AGH,weak,80/20,skew,2,500000,65536,0.80,0.99,0.055431,9.020,0.563,0.031230
AGH,weak,80/20,skew,4,1000000,65536,0.80,0.99,0.122922,8.135,0.771,0.094785
AGH,weak,80/20,skew,8,2000000,65536,0.80,0.99,0.323449,6.183,0.996,0.322209
AGH,weak,80/20,skew,16,4000000,65536,0.80,0.99,0.734988,5.442,1.862,1.368815
AGH,weak,80/20,uniform,1,250000,262144,0.80,0.00,0.037346,6.694,0.173,0.006459
AGH,weak,80/20,uniform,2,500000,262144,0.80,0.00,0.058626,8.529,0.233,0.013674
AGH,weak,80/20,uniform,4,1000000,262144,0.80,0.00,0.089429,11.182,0.373,0.033366
AGH,weak,80/20,uniform,8,2000000,262144,0.80,0.00,0.137061,14.592,0.687,0.094152
AGH,weak,80/20,uniform,16,4000000,262144,0.80,0.00,0.256301,15.607,1.228,0.314634
AGH,weak,80/20,skew,1,250000,262144,0.80,0.70,0.041838,5.975,0.289,0.012089
AGH,weak,80/20,skew,2,500000,262144,0.80,0.70,0.055713,8.974,0.452,0.025194
AGH,weak,80/20,skew,4,1000000,262144,0.80,0.70,0.125784,7.950,0.450,0.056608
AGH,weak,80/20,skew,8,2000000,262144,0.80,0.70,0.302974,6.601,0.471,0.142554
AGH,weak,80/20,skew,16,4000000,262144,0.80,0.70,0.581735,6.876,0.693,0.403282
AGH,weak,80/20,skew,1,250000,262144,0.80,0.90,0.037974,6.584,0.302,0.011477
AGH,weak,80/20,skew,2,500000,262144,0.80,0.90,0.052449,9.533,0.456,0.023934
AGH,weak,80/20,skew,4,1000000,262144,0.80,0.90,0.118356,8.449,0.460,0.054477
AGH,weak,80/20,skew,8,2000000,262144,0.80,0.90,0.290636,6.881,0.475,0.137929
AGH,weak,80/20,skew,16,4000000,262144,0.80,0.90,0.562112,7.116,0.702,0.394873
AGH,weak,80/20,skew,1,250000,262144,0.80,0.99,0.035970,6.950,0.308,0.011084
AGH,weak,80/20,skew,2,500000,262144,0.80,0.99,0.050807,9.841,0.468,0.023771
AGH,weak,80/20,skew,4,1000000,262144,0.80,0.99,0.116794,8.562,0.457,0.053391
AGH,weak,80/20,skew,8,2000000,262144,0.80,0.99,0.282642,7.076,0.481,0.136047
AGH,weak,80/20,skew,16,4000000,262144,0.80,0.99,0.553675,7.224,0.706,0.390806
AGH,weak,80/20,uniform,1,250000,1048576,0.80,0.00,0.038092,6.563,0.172,0.006558
AGH,weak,80/20,uniform,2,500000,1048576,0.80,0.00,0.060958,8.202,0.208,0.012662
AGH,weak,80/20,uniform,4,1000000,1048576,0.80,0.00,0.082714,12.090,0.308,0.025468
AGH,weak,80/20,uniform,8,2000000,1048576,0.80,0.00,0.112362,17.800,0.491,0.055117
AGH,weak,80/20,uniform,16,4000000,1048576,0.80,0.00,0.217419,18.398,0.681,0.148117
AGH,weak,80/20,skew,1,250000,1048576,0.80,0.70,0.042722,5.852,0.279,0.011926
AGH,weak,80/20,skew,2,500000,1048576,0.80,0.70,0.055425,9.021,0.437,0.024215
AGH,weak,80/20,skew,4,1000000,1048576,0.80,0.70,0.123084,8.125,0.387,0.047602
AGH,weak,80/20,skew,8,2000000,1048576,0.80,0.70,0.294642,6.788,0.342,0.100647
AGH,weak,80/20,skew,16,4000000,1048576,0.80,0.70,0.550522,7.266,0.433,0.238459
AGH,weak,80/20,skew,1,250000,1048576,0.80,0.90,0.039031,6.405,0.290,0.011327
AGH,weak,80/20,skew,2,500000,1048576,0.80,0.90,0.051856,9.642,0.448,0.023232
AGH,weak,80/20,skew,4,1000000,1048576,0.80,0.90,0.116250,8.602,0.391,0.045397
AGH,weak,80/20,skew,8,2000000,1048576,0.80,0.90,0.283958,7.043,0.339,0.096228
AGH,weak,80/20,skew,16,4000000,1048576,0.80,0.90,0.526669,7.595,0.436,0.229841
AGH,weak,80/20,skew,1,250000,1048576,0.80,0.99,0.037012,6.755,0.300,0.011111
AGH,weak,80/20,skew,2,500000,1048576,0.80,0.99,0.049774,10.045,0.455,0.022666
AGH,weak,80/20,skew,4,1000000,1048576,0.80,0.99,0.114111,8.763,0.389,0.044352
AGH,weak,80/20,skew,8,2000000,1048576,0.80,0.99,0.279755,7.149,0.337,0.094348
AGH,weak,80/20,skew,16,4000000,1048576,0.80,0.99,0.519426,7.701,0.437,0.226842
AGH,weak,50/50,uniform,1,250000,16384,0.50,0.00,0.054277,4.606,0.378,0.020525
AGH,weak,50/50,uniform,2,500000,16384,0.50,0.00,0.163209,3.064,0.615,0.100451
AGH,weak,50/50,uniform,4,1000000,16384,0.50,0.00,0.357405,2.798,1.412,0.504627
AGH,weak,50/50,uniform,8,2000000,16384,0.50,0.00,0.806185,2.481,3.158,2.545564
AGH,weak,50/50,uniform,16,4000000,16384,0.50,0.00,1.951542,2.050,5.544,10.819077
AGH,weak,50/50,skew,1,250000,16384,0.50,0.70,0.058558,4.269,0.446,0.026114
AGH,weak,50/50,skew,2,500000,16384,0.50,0.70,0.155751,3.210,0.745,0.116083
AGH,weak,50/50,skew,4,1000000,16384,0.50,0.70,0.381813,2.619,1.377,0.525674
AGH,weak,50/50,skew,8,2000000,16384,0.50,0.70,0.824479,2.426,2.892,2.384221
AGH,weak,50/50,skew,16,4000000,16384,0.50,0.70,2.039183,1.962,5.203,10.609115
AGH,weak,50/50,skew,1,250000,16384,0.50,0.90,0.054904,4.553,0.463,0.025435
AGH,weak,50/50,skew,2,500000,16384,0.50,0.90,0.146799,3.406,0.778,0.114208
AGH,weak,50/50,skew,4,1000000,16384,0.50,0.90,0.366248,2.730,1.423,0.521122
AGH,weak,50/50,skew,8,2000000,16384,0.50,0.90,0.816758,2.449,2.920,2.384777
AGH,weak,50/50,skew,16,4000000,16384,0.50,0.90,2.036065,1.965,5.253,10.695885
AGH,weak,50/50,skew,1,250000,16384,0.50,0.99,0.053740,4.652,0.469,0.025192
AGH,weak,50/50,skew,2,500000,16384,0.50,0.99,0.143314,3.489,0.794,0.113738
AGH,weak,50/50,skew,4,1000000,16384,0.50,0.99,0.349747,2.859,1.491,0.521551
AGH,weak,50/50,skew,8,2000000,16384,0.50,0.99,0.812383,2.462,2.929,2.379190
AGH,weak,50/50,skew,16,4000000,16384,0.50,0.99,2.021323,1.979,5.260,10.631725
AGH,weak,50/50,uniform,1,250000,65536,0.50,0.00,0.029670,8.426,0.414,0.012286
AGH,weak,50/50,uniform,2,500000,65536,0.50,0.00,0.069002,7.246,0.507,0.035003
AGH,weak,50/50,uniform,4,1000000,65536,0.50,0.00,0.148093,6.753,0.743,0.109989
AGH,weak,50/50,uniform,8,2000000,65536,0.50,0.00,0.282487,7.080,1.512,0.427148
AGH,weak,50/50,uniform,16,4000000,65536,0.50,0.00,0.589368,6.787,3.940,2.322253
AGH,weak,50/50,skew,1,250000,65536,0.50,0.70,0.035451,7.052,0.524,0.018573
AGH,weak,50/50,skew,2,500000,65536,0.50,0.70,0.065633,7.618,0.728,0.047799
AGH,weak,50/50,skew,4,1000000,65536,0.50,0.70,0.158318,6.316,0.881,0.139523
AGH,weak,50/50,skew,8,2000000,65536,0.50,0.70,0.362831,5.512,1.377,0.499475
AGH,weak,50/50,skew,16,4000000,65536,0.50,0.70,0.851103,4.700,2.804,2.386703
AGH,weak,50/50,skew,1,250000,65536,0.50,0.90,0.034209,7.308,0.518,0.017715
AGH,weak,50/50,skew,2,500000,65536,0.50,0.90,0.063196,7.912,0.766,0.048418
AGH,weak,50/50,skew,4,1000000,65536,0.50,0.90,0.154703,6.464,0.938,0.145151
AGH,weak,50/50,skew,8,2000000,65536,0.50,0.90,0.354424,5.643,1.402,0.496838
AGH,weak,50/50,skew,16,4000000,65536,0.50,0.90,0.848017,4.717,2.791,2.366981
AGH,weak,50/50,skew,1,250000,65536,0.50,0.99,0.033576,7.446,0.523,0.017552
AGH,weak,50/50,skew,2,500000,65536,0.50,0.99,0.062424,8.010,0.789,0.049234
AGH,weak,50/50,skew,4,1000000,65536,0.50,0.99,0.151333,6.608,0.985,0.149044
AGH,weak,50/50,skew,8,2000000,65536,0.50,0.99,0.343976,5.814,1.452,0.499566
AGH,weak,50/50,skew,16,4000000,65536,0.50,0.99,0.833055,4.802,2.837,2.363095
AGH,weak,50/50,uniform,1,250000,262144,0.50,0.00,0.029351,8.518,0.361,0.010588
AGH,weak,50/50,uniform,2,500000,262144,0.50,0.00,0.052694,9.489,0.419,0.022066
AGH,weak,50/50,uniform,4,1000000,262144,0.50,0.00,0.095534,10.467,0.578,0.055222
AGH,weak,50/50,uniform,8,2000000,262144,0.50,0.00,0.190153,10.518,0.828,0.157514
AGH,weak,50/50,uniform,16,4000000,262144,0.50,0.00,0.386957,10.337,1.343,0.519869
AGH,weak,50/50,skew,1,250000,262144,0.50,0.70,0.035494,7.044,0.451,0.016017
AGH,weak,50/50,skew,2,500000,262144,0.50,0.70,0.054554,9.165,0.612,0.033390
AGH,weak,50/50,skew,4,1000000,262144,0.50,0.70,0.129454,7.725,0.608,0.078691
AGH,weak,50/50,skew,8,2000000,262144,0.50,0.70,0.323603,6.180,0.647,0.209353
AGH,weak,50/50,skew,16,4000000,262144,0.50,0.70,0.607285,6.587,1.055,0.640946
AGH,weak,50/50,skew,1,250000,262144,0.50,0.90,0.032732,7.638,0.474,0.015507
AGH,weak,50/50,skew,2,500000,262144,0.50,0.90,0.052671,9.493,0.611,0.032164
AGH,weak,50/50,skew,4,1000000,262144,0.50,0.90,0.123121,8.122,0.617,0.075987
AGH,weak,50/50,skew,8,2000000,262144,0.50,0.90,0.309872,6.454,0.673,0.208467
AGH,weak,50/50,skew,16,4000000,262144,0.50,0.90,0.582472,6.867,1.079,0.628262
AGH,weak,50/50,skew,1,250000,262144,0.50,0.99,0.031908,7.835,0.477,0.015234
AGH,weak,50/50,skew,2,500000,262144,0.50,0.99,0.051537,9.702,0.614,0.031643
AGH,weak,50/50,skew,4,1000000,262144,0.50,0.99,0.122483,8.164,0.617,0.075605
AGH,weak,50/50,skew,8,2000000,262144,0.50,0.99,0.305285,6.551,0.669,0.204340
AGH,weak,50/50,skew,16,4000000,262144,0.50,0.99,0.572999,6.981,1.089,0.623895
AGH,weak,50/50,uniform,1,250000,1048576,0.50,0.00,0.031966,7.821,0.339,0.010847
AGH,weak,50/50,uniform,2,500000,1048576,0.50,0.00,0.051117,9.781,0.421,0.021519
AGH,weak,50/50,uniform,4,1000000,1048576,0.50,0.00,0.081460,12.276,0.536,0.043665
AGH,weak,50/50,uniform,8,2000000,1048576,0.50,0.00,0.189577,10.550,0.468,0.088687
AGH,weak,50/50,uniform,16,4000000,1048576,0.50,0.00,0.352892,11.335,0.685,0.241734
AGH,weak,50/50,skew,1,250000,1048576,0.50,0.70,0.038390,6.512,0.418,0.016033
AGH,weak,50/50,skew,2,500000,1048576,0.50,0.70,0.052717,9.485,0.606,0.031949
AGH,weak,50/50,skew,4,1000000,1048576,0.50,0.70,0.125640,7.959,0.517,0.064981
AGH,weak,50/50,skew,8,2000000,1048576,0.50,0.70,0.314198,6.365,0.425,0.133538
AGH,weak,50/50,skew,16,4000000,1048576,0.50,0.70,0.573395,6.976,0.583,0.334163
AGH,weak,50/50,skew,1,250000,1048576,0.50,0.90,0.035188,7.105,0.437,0.015368
AGH,weak,50/50,skew,2,500000,1048576,0.50,0.90,0.049112,10.181,0.627,0.030783
AGH,weak,50/50,skew,4,1000000,1048576,0.50,0.90,0.120381,8.307,0.510,0.061386
AGH,weak,50/50,skew,8,2000000,1048576,0.50,0.90,0.306094,6.534,0.422,0.129081
AGH,weak,50/50,skew,16,4000000,1048576,0.50,0.90,0.548663,7.290,0.592,0.324703
AGH,weak,50/50,skew,1,250000,1048576,0.50,0.99,0.034182,7.314,0.443,0.015149
AGH,weak,50/50,skew,2,500000,1048576,0.50,0.99,0.047570,10.511,0.635,0.030224
AGH,weak,50/50,skew,4,1000000,1048576,0.50,0.99,0.116104,8.613,0.520,0.060327
AGH,weak,50/50,skew,8,2000000,1048576,0.50,0.99,0.296479,6.746,0.429,0.127197
AGH,weak,50/50,skew,16,4000000,1048576,0.50,0.99,0.538396,7.429,0.596,0.320931
CSV_RESULTS_END
