AGH            strong  80/20 uniform  T= 1 ops= 2000000 buckets=  16384  time=3.0359  thr=0.66 Mops  speedup=0.45
AGH            strong  80/20 uniform  T= 2 ops= 2000000 buckets=  16384  time=1.4526  thr=1.38 Mops  speedup=0.95
AGH            strong  80/20 uniform  T= 4 ops= 2000000 buckets=  16384  time=0.7813  thr=2.56 Mops  speedup=1.76
AGH            strong  80/20 uniform  T= 8 ops= 2000000 buckets=  16384  time=0.4339  thr=4.61 Mops  speedup=3.17
AGH            strong  80/20 uniform  T=16 ops= 2000000 buckets=  16384  time=0.2772  thr=7.21 Mops  speedup=4.97
AGH            strong  80/20    skew  T= 1 ops= 2000000 buckets=  16384 p_hot=0.70  time=2.6172  thr=0.76 Mops  speedup=0.53
AGH            strong  80/20    skew  T= 2 ops= 2000000 buckets=  16384 p_hot=0.70  time=1.4524  thr=1.38 Mops  speedup=0.95
AGH            strong  80/20    skew  T= 4 ops= 2000000 buckets=  16384 p_hot=0.70  time=0.8141  thr=2.46 Mops  speedup=1.70
AGH            strong  80/20    skew  T= 8 ops= 2000000 buckets=  16384 p_hot=0.70  time=0.5581  thr=3.58 Mops  speedup=2.49
AGH            strong  80/20    skew  T=16 ops= 2000000 buckets=  16384 p_hot=0.70  time=0.4756  thr=4.21 Mops  speedup=2.92
AGH            strong  80/20    skew  T= 1 ops= 2000000 buckets=  16384 p_hot=0.90  time=2.1089  thr=0.95 Mops  speedup=0.66
AGH            strong  80/20    skew  T= 2 ops= 2000000 buckets=  16384 p_hot=0.90  time=1.2160  thr=1.64 Mops  speedup=1.14
AGH            strong  80/20    skew  T= 4 ops= 2000000 buckets=  16384 p_hot=0.90  time=0.7798  thr=2.56 Mops  speedup=1.78
AGH            strong  80/20    skew  T= 8 ops= 2000000 buckets=  16384 p_hot=0.90  time=0.6280  thr=3.18 Mops  speedup=2.21
AGH            strong  80/20    skew  T=16 ops= 2000000 buckets=  16384 p_hot=0.90  time=0.4786  thr=4.18 Mops  speedup=2.90
AGH            strong  80/20    skew  T= 1 ops= 2000000 buckets=  16384 p_hot=0.99  time=1.8930  thr=1.06 Mops  speedup=0.74
AGH            strong  80/20    skew  T= 2 ops= 2000000 buckets=  16384 p_hot=0.99  time=1.1148  thr=1.79 Mops  speedup=1.26
AGH            strong  80/20    skew  T= 4 ops= 2000000 buckets=  16384 p_hot=0.99  time=0.7386  thr=2.71 Mops  speedup=1.89
AGH            strong  80/20    skew  T= 8 ops= 2000000 buckets=  16384 p_hot=0.99  time=0.5963  thr=3.35 Mops  speedup=2.35
AGH            strong  80/20    skew  T=16 ops= 2000000 buckets=  16384 p_hot=0.99  time=0.4767  thr=4.20 Mops  speedup=2.94
AGH            strong  80/20 uniform  T= 1 ops= 2000000 buckets=  65536  time=0.7984  thr=2.50 Mops  speedup=0.38
AGH            strong  80/20 uniform  T= 2 ops= 2000000 buckets=  65536  time=0.5593  thr=3.58 Mops  speedup=0.54
AGH            strong  80/20 uniform  T= 4 ops= 2000000 buckets=  65536  time=0.3669  thr=5.45 Mops  speedup=0.82
AGH            strong  80/20 uniform  T= 8 ops= 2000000 buckets=  65536  time=0.2277  thr=8.78 Mops  speedup=1.33
AGH            strong  80/20 uniform  T=16 ops= 2000000 buckets=  65536  time=0.1581  thr=12.65 Mops  speedup=1.91
AGH            strong  80/20    skew  T= 1 ops= 2000000 buckets=  65536 p_hot=0.70  time=0.9065  thr=2.21 Mops  speedup=0.39
AGH            strong  80/20    skew  T= 2 ops= 2000000 buckets=  65536 p_hot=0.70  time=0.4982  thr=4.01 Mops  speedup=0.71
AGH            strong  80/20    skew  T= 4 ops= 2000000 buckets=  65536 p_hot=0.70  time=0.3744  thr=5.34 Mops  speedup=0.94
AGH            strong  80/20    skew  T= 8 ops= 2000000 buckets=  65536 p_hot=0.70  time=0.3296  thr=6.07 Mops  speedup=1.07
AGH            strong  80/20    skew  T=16 ops= 2000000 buckets=  65536 p_hot=0.70  time=0.3048  thr=6.56 Mops  speedup=1.16
AGH            strong  80/20    skew  T= 1 ops= 2000000 buckets=  65536 p_hot=0.90  time=0.7801  thr=2.56 Mops  speedup=0.45
AGH            strong  80/20    skew  T= 2 ops= 2000000 buckets=  65536 p_hot=0.90  time=0.4383  thr=4.56 Mops  speedup=0.80
AGH            strong  80/20    skew  T= 4 ops= 2000000 buckets=  65536 p_hot=0.90  time=0.3355  thr=5.96 Mops  speedup=1.05
AGH            strong  80/20    skew  T= 8 ops= 2000000 buckets=  65536 p_hot=0.90  time=0.3219  thr=6.21 Mops  speedup=1.09
AGH            strong  80/20    skew  T=16 ops= 2000000 buckets=  65536 p_hot=0.90  time=0.2913  thr=6.87 Mops  speedup=1.20
AGH            strong  80/20    skew  T= 1 ops= 2000000 buckets=  65536 p_hot=0.99  time=0.7201  thr=2.78 Mops  speedup=0.48
AGH            strong  80/20    skew  T= 2 ops= 2000000 buckets=  65536 p_hot=0.99  time=0.4141  thr=4.83 Mops  speedup=0.84
AGH            strong  80/20    skew  T= 4 ops= 2000000 buckets=  65536 p_hot=0.99  time=0.3302  thr=6.06 Mops  speedup=1.05
AGH            strong  80/20    skew  T= 8 ops= 2000000 buckets=  65536 p_hot=0.99  time=0.3205  thr=6.24 Mops  speedup=1.08
AGH            strong  80/20    skew  T=16 ops= 2000000 buckets=  65536 p_hot=0.99  time=0.2884  thr=6.94 Mops  speedup=1.20
AGH            strong  80/20 uniform  T= 1 ops= 2000000 buckets= 262144  time=0.4005  thr=4.99 Mops  speedup=0.27
AGH            strong  80/20 uniform  T= 2 ops= 2000000 buckets= 262144  time=0.2982  thr=6.71 Mops  speedup=0.36
AGH            strong  80/20 uniform  T= 4 ops= 2000000 buckets= 262144  time=0.1986  thr=10.07 Mops  speedup=0.54
AGH            strong  80/20 uniform  T= 8 ops= 2000000 buckets= 262144  time=0.1368  thr=14.62 Mops  speedup=0.79
AGH            strong  80/20 uniform  T=16 ops= 2000000 buckets= 262144  time=0.1158  thr=17.26 Mops  speedup=0.93
AGH            strong  80/20    skew  T= 1 ops= 2000000 buckets= 262144 p_hot=0.70  time=0.5321  thr=3.76 Mops  speedup=0.29
AGH            strong  80/20    skew  T= 2 ops= 2000000 buckets= 262144 p_hot=0.70  time=0.2983  thr=6.70 Mops  speedup=0.51
AGH            strong  80/20    skew  T= 4 ops= 2000000 buckets= 262144 p_hot=0.70  time=0.2683  thr=7.45 Mops  speedup=0.57
AGH            strong  80/20    skew  T= 8 ops= 2000000 buckets= 262144 p_hot=0.70  time=0.3050  thr=6.56 Mops  speedup=0.50
AGH            strong  80/20    skew  T=16 ops= 2000000 buckets= 262144 p_hot=0.70  time=0.2845  thr=7.03 Mops  speedup=0.54
AGH            strong  80/20    skew  T= 1 ops= 2000000 buckets= 262144 p_hot=0.90  time=0.4781  thr=4.18 Mops  speedup=0.31
AGH            strong  80/20    skew  T= 2 ops= 2000000 buckets= 262144 p_hot=0.90  time=0.2744  thr=7.29 Mops  speedup=0.54
AGH            strong  80/20    skew  T= 4 ops= 2000000 buckets= 262144 p_hot=0.90  time=0.2554  thr=7.83 Mops  speedup=0.58
AGH            strong  80/20    skew  T= 8 ops= 2000000 buckets= 262144 p_hot=0.90  time=0.2906  thr=6.88 Mops  speedup=0.51
AGH            strong  80/20    skew  T=16 ops= 2000000 buckets= 262144 p_hot=0.90  time=0.2711  thr=7.38 Mops  speedup=0.54
AGH            strong  80/20    skew  T= 1 ops= 2000000 buckets= 262144 p_hot=0.99  time=0.4524  thr=4.42 Mops  speedup=0.32
AGH            strong  80/20    skew  T= 2 ops= 2000000 buckets= 262144 p_hot=0.99  time=0.2624  thr=7.62 Mops  speedup=0.55
AGH            strong  80/20    skew  T= 4 ops= 2000000 buckets= 262144 p_hot=0.99  time=0.2473  thr=8.09 Mops  speedup=0.59
AGH            strong  80/20    skew  T= 8 ops= 2000000 buckets= 262144 p_hot=0.99  time=0.2847  thr=7.03 Mops  speedup=0.51
AGH            strong  80/20    skew  T=16 ops= 2000000 buckets= 262144 p_hot=0.99  time=0.2658  thr=7.53 Mops  speedup=0.55
AGH            strong  80/20 uniform  T= 1 ops= 2000000 buckets=1048576  time=0.3499  thr=5.72 Mops  speedup=0.17
AGH            strong  80/20 uniform  T= 2 ops= 2000000 buckets=1048576  time=0.2479  thr=8.07 Mops  speedup=0.24
AGH            strong  80/20 uniform  T= 4 ops= 2000000 buckets=1048576  time=0.1663  thr=12.03 Mops  speedup=0.35
AGH            strong  80/20 uniform  T= 8 ops= 2000000 buckets=1048576  time=0.1116  thr=17.93 Mops  speedup=0.53
AGH            strong  80/20 uniform  T=16 ops= 2000000 buckets=1048576  time=0.1059  thr=18.89 Mops  speedup=0.56
AGH            strong  80/20    skew  T= 1 ops= 2000000 buckets=1048576 p_hot=0.70  time=0.4339  thr=4.61 Mops  speedup=0.23
AGH            strong  80/20    skew  T= 2 ops= 2000000 buckets=1048576 p_hot=0.70  time=0.2515  thr=7.95 Mops  speedup=0.40
AGH            strong  80/20    skew  T= 4 ops= 2000000 buckets=1048576 p_hot=0.70  time=0.2540  thr=7.87 Mops  speedup=0.40
AGH            strong  80/20    skew  T= 8 ops= 2000000 buckets=1048576 p_hot=0.70  time=0.2969  thr=6.74 Mops  speedup=0.34
AGH            strong  80/20    skew  T=16 ops= 2000000 buckets=1048576 p_hot=0.70  time=0.2689  thr=7.44 Mops  speedup=0.37
AGH            strong  80/20    skew  T= 1 ops= 2000000 buckets=1048576 p_hot=0.90  time=0.4047  thr=4.94 Mops  speedup=0.24
AGH            strong  80/20    skew  T= 2 ops= 2000000 buckets=1048576 p_hot=0.90  time=0.2395  thr=8.35 Mops  speedup=0.40
AGH            strong  80/20    skew  T= 4 ops= 2000000 buckets=1048576 p_hot=0.90  time=0.2427  thr=8.24 Mops  speedup=0.40
AGH            strong  80/20    skew  T= 8 ops= 2000000 buckets=1048576 p_hot=0.90  time=0.2854  thr=7.01 Mops  speedup=0.34
AGH            strong  80/20    skew  T=16 ops= 2000000 buckets=1048576 p_hot=0.90  time=0.2566  thr=7.79 Mops  speedup=0.38
AGH            strong  80/20    skew  T= 1 ops= 2000000 buckets=1048576 p_hot=0.99  time=0.3891  thr=5.14 Mops  speedup=0.24
AGH            strong  80/20    skew  T= 2 ops= 2000000 buckets=1048576 p_hot=0.99  time=0.2315  thr=8.64 Mops  speedup=0.41
AGH            strong  80/20    skew  T= 4 ops= 2000000 buckets=1048576 p_hot=0.99  time=0.2392  thr=8.36 Mops  speedup=0.40
AGH            strong  80/20    skew  T= 8 ops= 2000000 buckets=1048576 p_hot=0.99  time=0.2790  thr=7.17 Mops  speedup=0.34
AGH            strong  80/20    skew  T=16 ops= 2000000 buckets=1048576 p_hot=0.99  time=0.2510  thr=7.97 Mops  speedup=0.38
AGH            strong  50/50 uniform  T= 1 ops= 2000000 buckets=  16384  time=3.4090  thr=0.59 Mops  speedup=0.71
AGH            strong  50/50 uniform  T= 2 ops= 2000000 buckets=  16384  time=2.1966  thr=0.91 Mops  speedup=1.10
AGH            strong  50/50 uniform  T= 4 ops= 2000000 buckets=  16384  time=1.4411  thr=1.39 Mops  speedup=1.68
AGH            strong  50/50 uniform  T= 8 ops= 2000000 buckets=  16384  time=0.7918  thr=2.53 Mops  speedup=3.06
AGH            strong  50/50 uniform  T=16 ops= 2000000 buckets=  16384  time=0.4981  thr=4.02 Mops  speedup=4.86
AGH            strong  50/50    skew  T= 1 ops= 2000000 buckets=  16384 p_hot=0.70  time=3.4575  thr=0.58 Mops  speedup=0.72
AGH            strong  50/50    skew  T= 2 ops= 2000000 buckets=  16384 p_hot=0.70  time=2.2163  thr=0.90 Mops  speedup=1.12
AGH            strong  50/50    skew  T= 4 ops= 2000000 buckets=  16384 p_hot=0.70  time=1.2983  thr=1.54 Mops  speedup=1.92
AGH            strong  50/50    skew  T= 8 ops= 2000000 buckets=  16384 p_hot=0.70  time=0.8287  thr=2.41 Mops  speedup=3.01
AGH            strong  50/50    skew  T=16 ops= 2000000 buckets=  16384 p_hot=0.70  time=0.5837  thr=3.43 Mops  speedup=4.27
AGH            strong  50/50    skew  T= 1 ops= 2000000 buckets=  16384 p_hot=0.90  time=3.2058  thr=0.62 Mops  speedup=0.79
AGH            strong  50/50    skew  T= 2 ops= 2000000 buckets=  16384 p_hot=0.90  time=2.0068  thr=1.00 Mops  speedup=1.26
AGH            strong  50/50    skew  T= 4 ops= 2000000 buckets=  16384 p_hot=0.90  time=1.1902  thr=1.68 Mops  speedup=2.12
AGH            strong  50/50    skew  T= 8 ops= 2000000 buckets=  16384 p_hot=0.90  time=0.8201  thr=2.44 Mops  speedup=3.08
AGH            strong  50/50    skew  T=16 ops= 2000000 buckets=  16384 p_hot=0.90  time=0.5806  thr=3.44 Mops  speedup=4.35
AGH            strong  50/50    skew  T= 1 ops= 2000000 buckets=  16384 p_hot=0.99  time=3.0667  thr=0.65 Mops  speedup=0.85
AGH            strong  50/50    skew  T= 2 ops= 2000000 buckets=  16384 p_hot=0.99  time=1.9315  thr=1.04 Mops  speedup=1.35
AGH            strong  50/50    skew  T= 4 ops= 2000000 buckets=  16384 p_hot=0.99  time=1.1888  thr=1.68 Mops  speedup=2.19
AGH            strong  50/50    skew  T= 8 ops= 2000000 buckets=  16384 p_hot=0.99  time=0.8146  thr=2.46 Mops  speedup=3.19
AGH            strong  50/50    skew  T=16 ops= 2000000 buckets=  16384 p_hot=0.99  time=0.5859  thr=3.41 Mops  speedup=4.44
AGH            strong  50/50 uniform  T= 1 ops= 2000000 buckets=  65536  time=0.9578  thr=2.09 Mops  speedup=0.49
AGH            strong  50/50 uniform  T= 2 ops= 2000000 buckets=  65536  time=0.7241  thr=2.76 Mops  speedup=0.65
AGH            strong  50/50 uniform  T= 4 ops= 2000000 buckets=  65536  time=0.4521  thr=4.42 Mops  speedup=1.03
AGH            strong  50/50 uniform  T= 8 ops= 2000000 buckets=  65536  time=0.2859  thr=6.99 Mops  speedup=1.64
AGH            strong  50/50 uniform  T=16 ops= 2000000 buckets=  65536  time=0.2247  thr=8.90 Mops  speedup=2.08
AGH            strong  50/50    skew  T= 1 ops= 2000000 buckets=  65536 p_hot=0.70  time=0.9825  thr=2.04 Mops  speedup=0.55
AGH            strong  50/50    skew  T= 2 ops= 2000000 buckets=  65536 p_hot=0.70  time=0.6895  thr=2.90 Mops  speedup=0.78
AGH            strong  50/50    skew  T= 4 ops= 2000000 buckets=  65536 p_hot=0.70  time=0.4894  thr=4.09 Mops  speedup=1.10
AGH            strong  50/50    skew  T= 8 ops= 2000000 buckets=  65536 p_hot=0.70  time=0.3664  thr=5.46 Mops  speedup=1.47
AGH            strong  50/50    skew  T=16 ops= 2000000 buckets=  65536 p_hot=0.70  time=0.3377  thr=5.92 Mops  speedup=1.60
AGH            strong  50/50    skew  T= 1 ops= 2000000 buckets=  65536 p_hot=0.90  time=0.8950  thr=2.23 Mops  speedup=0.60
AGH            strong  50/50    skew  T= 2 ops= 2000000 buckets=  65536 p_hot=0.90  time=0.6493  thr=3.08 Mops  speedup=0.82
AGH            strong  50/50    skew  T= 4 ops= 2000000 buckets=  65536 p_hot=0.90  time=0.4748  thr=4.21 Mops  speedup=1.13
AGH            strong  50/50    skew  T= 8 ops= 2000000 buckets=  65536 p_hot=0.90  time=0.3587  thr=5.58 Mops  speedup=1.49
AGH            strong  50/50    skew  T=16 ops= 2000000 buckets=  65536 p_hot=0.90  time=0.3244  thr=6.17 Mops  speedup=1.65
AGH            strong  50/50    skew  T= 1 ops= 2000000 buckets=  65536 p_hot=0.99  time=0.8477  thr=2.36 Mops  speedup=0.63
AGH            strong  50/50    skew  T= 2 ops= 2000000 buckets=  65536 p_hot=0.99  time=0.6293  thr=3.18 Mops  speedup=0.85
AGH            strong  50/50    skew  T= 4 ops= 2000000 buckets=  65536 p_hot=0.99  time=0.4525  thr=4.42 Mops  speedup=1.18
AGH            strong  50/50    skew  T= 8 ops= 2000000 buckets=  65536 p_hot=0.99  time=0.3648  thr=5.48 Mops  speedup=1.46
AGH            strong  50/50    skew  T=16 ops= 2000000 buckets=  65536 p_hot=0.99  time=0.3223  thr=6.21 Mops  speedup=1.65
AGH            strong  50/50 uniform  T= 1 ops= 2000000 buckets= 262144  time=0.4235  thr=4.72 Mops  speedup=0.36
AGH            strong  50/50 uniform  T= 2 ops= 2000000 buckets= 262144  time=0.3482  thr=5.74 Mops  speedup=0.43
AGH            strong  50/50 uniform  T= 4 ops= 2000000 buckets= 262144  time=0.2477  thr=8.07 Mops  speedup=0.61
AGH            strong  50/50 uniform  T= 8 ops= 2000000 buckets= 262144  time=0.1985  thr=10.08 Mops  speedup=0.76
AGH            strong  50/50 uniform  T=16 ops= 2000000 buckets= 262144  time=0.1859  thr=10.76 Mops  speedup=0.81
AGH            strong  50/50    skew  T= 1 ops= 2000000 buckets= 262144 p_hot=0.70  time=0.5169  thr=3.87 Mops  speedup=0.39
AGH            strong  50/50    skew  T= 2 ops= 2000000 buckets= 262144 p_hot=0.70  time=0.3536  thr=5.66 Mops  speedup=0.56
AGH            strong  50/50    skew  T= 4 ops= 2000000 buckets= 262144 p_hot=0.70  time=0.2992  thr=6.68 Mops  speedup=0.67
AGH            strong  50/50    skew  T= 8 ops= 2000000 buckets= 262144 p_hot=0.70  time=0.3264  thr=6.13 Mops  speedup=0.61
AGH            strong  50/50    skew  T=16 ops= 2000000 buckets= 262144 p_hot=0.70  time=0.3065  thr=6.53 Mops  speedup=0.65
AGH            strong  50/50    skew  T= 1 ops= 2000000 buckets= 262144 p_hot=0.90  time=0.4901  thr=4.08 Mops  speedup=0.39
AGH            strong  50/50    skew  T= 2 ops= 2000000 buckets= 262144 p_hot=0.90  time=0.3416  thr=5.85 Mops  speedup=0.56
AGH            strong  50/50    skew  T= 4 ops= 2000000 buckets= 262144 p_hot=0.90  time=0.2907  thr=6.88 Mops  speedup=0.66
AGH            strong  50/50    skew  T= 8 ops= 2000000 buckets= 262144 p_hot=0.90  time=0.3144  thr=6.36 Mops  speedup=0.61
AGH            strong  50/50    skew  T=16 ops= 2000000 buckets= 262144 p_hot=0.90  time=0.2879  thr=6.95 Mops  speedup=0.66
AGH            strong  50/50    skew  T= 1 ops= 2000000 buckets= 262144 p_hot=0.99  time=0.4743  thr=4.22 Mops  speedup=0.40
AGH            strong  50/50    skew  T= 2 ops= 2000000 buckets= 262144 p_hot=0.99  time=0.3331  thr=6.00 Mops  speedup=0.57
AGH            strong  50/50    skew  T= 4 ops= 2000000 buckets= 262144 p_hot=0.99  time=0.2866  thr=6.98 Mops  speedup=0.66
AGH            strong  50/50    skew  T= 8 ops= 2000000 buckets= 262144 p_hot=0.99  time=0.3102  thr=6.45 Mops  speedup=0.61
AGH            strong  50/50    skew  T=16 ops= 2000000 buckets= 262144 p_hot=0.99  time=0.2832  thr=7.06 Mops  speedup=0.67
AGH            strong  50/50 uniform  T= 1 ops= 2000000 buckets=1048576  time=0.3668  thr=5.45 Mops  speedup=0.25
AGH            strong  50/50 uniform  T= 2 ops= 2000000 buckets=1048576  time=0.2753  thr=7.27 Mops  speedup=0.34
AGH            strong  50/50 uniform  T= 4 ops= 2000000 buckets=1048576  time=0.1951  thr=10.25 Mops  speedup=0.47
AGH            strong  50/50 uniform  T= 8 ops= 2000000 buckets=1048576  time=0.1904  thr=10.50 Mops  speedup=0.49
AGH            strong  50/50 uniform  T=16 ops= 2000000 buckets=1048576  time=0.1791  thr=11.17 Mops  speedup=0.52
AGH            strong  50/50    skew  T= 1 ops= 2000000 buckets=1048576 p_hot=0.70  time=0.4440  thr=4.50 Mops  speedup=0.30
AGH            strong  50/50    skew  T= 2 ops= 2000000 buckets=1048576 p_hot=0.70  time=0.2860  thr=6.99 Mops  speedup=0.47
AGH            strong  50/50    skew  T= 4 ops= 2000000 buckets=1048576 p_hot=0.70  time=0.2725  thr=7.34 Mops  speedup=0.49
AGH            strong  50/50    skew  T= 8 ops= 2000000 buckets=1048576 p_hot=0.70  time=0.3195  thr=6.26 Mops  speedup=0.42
AGH            strong  50/50    skew  T=16 ops= 2000000 buckets=1048576 p_hot=0.70  time=0.2858  thr=7.00 Mops  speedup=0.47
AGH            strong  50/50    skew  T= 1 ops= 2000000 buckets=1048576 p_hot=0.90  time=0.4260  thr=4.69 Mops  speedup=0.30
AGH            strong  50/50    skew  T= 2 ops= 2000000 buckets=1048576 p_hot=0.90  time=0.2793  thr=7.16 Mops  speedup=0.46
AGH            strong  50/50    skew  T= 4 ops= 2000000 buckets=1048576 p_hot=0.90  time=0.2652  thr=7.54 Mops  speedup=0.48
AGH            strong  50/50    skew  T= 8 ops= 2000000 buckets=1048576 p_hot=0.90  time=0.3088  thr=6.48 Mops  speedup=0.41
AGH            strong  50/50    skew  T=16 ops= 2000000 buckets=1048576 p_hot=0.90  time=0.2751  thr=7.27 Mops  speedup=0.46
AGH            strong  50/50    skew  T= 1 ops= 2000000 buckets=1048576 p_hot=0.99  time=0.4167  thr=4.80 Mops  speedup=0.30
AGH            strong  50/50    skew  T= 2 ops= 2000000 buckets=1048576 p_hot=0.99  time=0.2739  thr=7.30 Mops  speedup=0.46
AGH            strong  50/50    skew  T= 4 ops= 2000000 buckets=1048576 p_hot=0.99  time=0.2610  thr=7.66 Mops  speedup=0.48
AGH            strong  50/50    skew  T= 8 ops= 2000000 buckets=1048576 p_hot=0.99  time=0.3012  thr=6.64 Mops  speedup=0.42
AGH            strong  50/50    skew  T=16 ops= 2000000 buckets=1048576 p_hot=0.99  time=0.2684  thr=7.45 Mops  speedup=0.47
AGH            weak  80/20 uniform  T= 1 ops=  250000 buckets=  16384  time=0.0402  thr=6.22 Mops  speedup=0.29
AGH            weak  80/20 uniform  T= 2 ops=  500000 buckets=  16384  time=0.1212  thr=4.13 Mops  speedup=0.35
AGH            weak  80/20 uniform  T= 4 ops= 1000000 buckets=  16384  time=0.2806  thr=3.56 Mops  speedup=0.91
AGH            weak  80/20 uniform  T= 8 ops= 2000000 buckets=  16384  time=0.5768  thr=3.47 Mops  speedup=2.15
AGH            weak  80/20 uniform  T=16 ops= 4000000 buckets=  16384  time=1.3929  thr=2.87 Mops  speedup=3.67
AGH            weak  80/20    skew  T= 1 ops=  250000 buckets=  16384 p_hot=0.70  time=0.0495  thr=5.05 Mops  speedup=0.35
AGH            weak  80/20    skew  T= 2 ops=  500000 buckets=  16384 p_hot=0.70  time=0.1069  thr=4.68 Mops  speedup=0.52
AGH            weak  80/20    skew  T= 4 ops= 1000000 buckets=  16384 p_hot=0.70  time=0.2515  thr=3.98 Mops  speedup=1.12
AGH            weak  80/20    skew  T= 8 ops= 2000000 buckets=  16384 p_hot=0.70  time=0.6262  thr=3.19 Mops  speedup=2.07
AGH            weak  80/20    skew  T=16 ops= 4000000 buckets=  16384 p_hot=0.70  time=1.5639  thr=2.56 Mops  speedup=3.36
AGH            weak  80/20    skew  T= 1 ops=  250000 buckets=  16384 p_hot=0.90  time=0.0447  thr=5.59 Mops  speedup=0.37
AGH            weak  80/20    skew  T= 2 ops=  500000 buckets=  16384 p_hot=0.90  time=0.0938  thr=5.33 Mops  speedup=0.57
AGH            weak  80/20    skew  T= 4 ops= 1000000 buckets=  16384 p_hot=0.90  time=0.2296  thr=4.36 Mops  speedup=1.21
AGH            weak  80/20    skew  T= 8 ops= 2000000 buckets=  16384 p_hot=0.90  time=0.6086  thr=3.29 Mops  speedup=2.10
AGH            weak  80/20    skew  T=16 ops= 4000000 buckets=  16384 p_hot=0.90  time=1.5562  thr=2.57 Mops  speedup=3.37
AGH            weak  80/20    skew  T= 1 ops=  250000 buckets=  16384 p_hot=0.99  time=0.0421  thr=5.94 Mops  speedup=0.39
AGH            weak  80/20    skew  T= 2 ops=  500000 buckets=  16384 p_hot=0.99  time=0.0874  thr=5.72 Mops  speedup=0.61
AGH            weak  80/20    skew  T= 4 ops= 1000000 buckets=  16384 p_hot=0.99  time=0.2209  thr=4.53 Mops  speedup=1.25
AGH            weak  80/20    skew  T= 8 ops= 2000000 buckets=  16384 p_hot=0.99  time=0.6045  thr=3.31 Mops  speedup=2.13
AGH            weak  80/20    skew  T=16 ops= 4000000 buckets=  16384 p_hot=0.99  time=1.5432  thr=2.59 Mops  speedup=3.40
AGH            weak  80/20 uniform  T= 1 ops=  250000 buckets=  65536  time=0.0309  thr=8.09 Mops  speedup=0.25
AGH            weak  80/20 uniform  T= 2 ops=  500000 buckets=  65536  time=0.0641  thr=7.80 Mops  speedup=0.35
AGH            weak  80/20 uniform  T= 4 ops= 1000000 buckets=  65536  time=0.1270  thr=7.87 Mops  speedup=0.61
AGH            weak  80/20 uniform  T= 8 ops= 2000000 buckets=  65536  time=0.2235  thr=8.95 Mops  speedup=1.26
AGH            weak  80/20 uniform  T=16 ops= 4000000 buckets=  65536  time=0.4443  thr=9.00 Mops  speedup=2.87
AGH            weak  80/20    skew  T= 1 ops=  250000 buckets=  65536 p_hot=0.70  time=0.0409  thr=6.12 Mops  speedup=0.32
AGH            weak  80/20    skew  T= 2 ops=  500000 buckets=  65536 p_hot=0.70  time=0.0633  thr=7.89 Mops  speedup=0.51
AGH            weak  80/20    skew  T= 4 ops= 1000000 buckets=  65536 p_hot=0.70  time=0.1424  thr=7.02 Mops  speedup=0.69
AGH            weak  80/20    skew  T= 8 ops= 2000000 buckets=  65536 p_hot=0.70  time=0.3316  thr=6.03 Mops  speedup=0.99
AGH            weak  80/20    skew  T=16 ops= 4000000 buckets=  65536 p_hot=0.70  time=0.7460  thr=5.36 Mops  speedup=1.83
AGH            weak  80/20    skew  T= 1 ops=  250000 buckets=  65536 p_hot=0.90  time=0.0377  thr=6.63 Mops  speedup=0.33
AGH            weak  80/20    skew  T= 2 ops=  500000 buckets=  65536 p_hot=0.90  time=0.0580  thr=8.62 Mops  speedup=0.54
AGH            weak  80/20    skew  T= 4 ops= 1000000 buckets=  65536 p_hot=0.90  time=0.1277  thr=7.83 Mops  speedup=0.76
AGH            weak  80/20    skew  T= 8 ops= 2000000 buckets=  65536 p_hot=0.90  time=0.3270  thr=6.12 Mops  speedup=0.99
AGH            weak  80/20    skew  T=16 ops= 4000000 buckets=  65536 p_hot=0.90  time=0.7393  thr=5.41 Mops  speedup=1.83
AGH            weak  80/20    skew  T= 1 ops=  250000 buckets=  65536 p_hot=0.99  time=0.0365  thr=6.84 Mops  speedup=0.34
AGH            weak  80/20    skew  T= 2 ops=  500000 buckets=  65536 p_hot=0.99  time=0.0556  thr=8.99 Mops  speedup=0.56
AGH            weak  80/20    skew  T= 4 ops= 1000000 buckets=  65536 p_hot=0.99  time=0.1228  thr=8.14 Mops  speedup=0.78
AGH            weak  80/20    skew  T= 8 ops= 2000000 buckets=  65536 p_hot=0.99  time=0.3258  thr=6.14 Mops  speedup=0.99
AGH            weak  80/20    skew  T=16 ops= 4000000 buckets=  65536 p_hot=0.99  time=0.7374  thr=5.42 Mops  speedup=1.83
AGH            weak  80/20 uniform  T= 1 ops=  250000 buckets= 262144  time=0.0373  thr=6.70 Mops  speedup=0.17
AGH            weak  80/20 uniform  T= 2 ops=  500000 buckets= 262144  time=0.0591  thr=8.46 Mops  speedup=0.23
AGH            weak  80/20 uniform  T= 4 ops= 1000000 buckets= 262144  time=0.0891  thr=11.22 Mops  speedup=0.38
AGH            weak  80/20 uniform  T= 8 ops= 2000000 buckets= 262144  time=0.1409  thr=14.20 Mops  speedup=0.67
AGH            weak  80/20 uniform  T=16 ops= 4000000 buckets= 262144  time=0.2555  thr=15.66 Mops  speedup=1.21
AGH            weak  80/20    skew  T= 1 ops=  250000 buckets= 262144 p_hot=0.70  time=0.0420  thr=5.96 Mops  speedup=0.28
AGH            weak  80/20    skew  T= 2 ops=  500000 buckets= 262144 p_hot=0.70  time=0.0559  thr=8.94 Mops  speedup=0.45
AGH            weak  80/20    skew  T= 4 ops= 1000000 buckets= 262144 p_hot=0.70  time=0.1245  thr=8.03 Mops  speedup=0.46
AGH            weak  80/20    skew  T= 8 ops= 2000000 buckets= 262144 p_hot=0.70  time=0.3062  thr=6.53 Mops  speedup=0.46
AGH            weak  80/20    skew  T=16 ops= 4000000 buckets= 262144 p_hot=0.70  time=0.5867  thr=6.82 Mops  speedup=0.68
AGH            weak  80/20    skew  T= 1 ops=  250000 buckets= 262144 p_hot=0.90  time=0.0381  thr=6.56 Mops  speedup=0.30
AGH            weak  80/20    skew  T= 2 ops=  500000 buckets= 262144 p_hot=0.90  time=0.0525  thr=9.52 Mops  speedup=0.46
AGH            weak  80/20    skew  T= 4 ops= 1000000 buckets= 262144 p_hot=0.90  time=0.1190  thr=8.41 Mops  speedup=0.46
AGH            weak  80/20    skew  T= 8 ops= 2000000 buckets= 262144 p_hot=0.90  time=0.2904  thr=6.89 Mops  speedup=0.47
AGH            weak  80/20    skew  T=16 ops= 4000000 buckets= 262144 p_hot=0.90  time=0.5635  thr=7.10 Mops  speedup=0.69
AGH            weak  80/20    skew  T= 1 ops=  250000 buckets= 262144 p_hot=0.99  time=0.0362  thr=6.91 Mops  speedup=0.31
AGH            weak  80/20    skew  T= 2 ops=  500000 buckets= 262144 p_hot=0.99  time=0.0510  thr=9.80 Mops  speedup=0.46
AGH            weak  80/20    skew  T= 4 ops= 1000000 buckets= 262144 p_hot=0.99  time=0.1153  thr=8.68 Mops  speedup=0.47
AGH            weak  80/20    skew  T= 8 ops= 2000000 buckets= 262144 p_hot=0.99  time=0.2839  thr=7.05 Mops  speedup=0.48
AGH            weak  80/20    skew  T=16 ops= 4000000 buckets= 262144 p_hot=0.99  time=0.5544  thr=7.21 Mops  speedup=0.70
AGH            weak  80/20 uniform  T= 1 ops=  250000 buckets=1048576  time=0.0382  thr=6.54 Mops  speedup=0.17
AGH            weak  80/20 uniform  T= 2 ops=  500000 buckets=1048576  time=0.0613  thr=8.15 Mops  speedup=0.21
AGH            weak  80/20 uniform  T= 4 ops= 1000000 buckets=1048576  time=0.0814  thr=12.29 Mops  speedup=0.31
AGH            weak  80/20 uniform  T= 8 ops= 2000000 buckets=1048576  time=0.1137  thr=17.59 Mops  speedup=0.49
AGH            weak  80/20 uniform  T=16 ops= 4000000 buckets=1048576  time=0.2176  thr=18.38 Mops  speedup=0.67
AGH            weak  80/20    skew  T= 1 ops=  250000 buckets=1048576 p_hot=0.70  time=0.0428  thr=5.84 Mops  speedup=0.28
AGH            weak  80/20    skew  T= 2 ops=  500000 buckets=1048576 p_hot=0.70  time=0.0554  thr=9.03 Mops  speedup=0.43
AGH            weak  80/20    skew  T= 4 ops= 1000000 buckets=1048576 p_hot=0.70  time=0.1230  thr=8.13 Mops  speedup=0.39
AGH            weak  80/20    skew  T= 8 ops= 2000000 buckets=1048576 p_hot=0.70  time=0.2979  thr=6.71 Mops  speedup=0.34
AGH            weak  80/20    skew  T=16 ops= 4000000 buckets=1048576 p_hot=0.70  time=0.5568  thr=7.18 Mops  speedup=0.43
AGH            weak  80/20    skew  T= 1 ops=  250000 buckets=1048576 p_hot=0.90  time=0.0390  thr=6.41 Mops  speedup=0.29
AGH            weak  80/20    skew  T= 2 ops=  500000 buckets=1048576 p_hot=0.90  time=0.0521  thr=9.59 Mops  speedup=0.44
AGH            weak  80/20    skew  T= 4 ops= 1000000 buckets=1048576 p_hot=0.90  time=0.1174  thr=8.52 Mops  speedup=0.39
AGH            weak  80/20    skew  T= 8 ops= 2000000 buckets=1048576 p_hot=0.90  time=0.2863  thr=6.99 Mops  speedup=0.34
AGH            weak  80/20    skew  T=16 ops= 4000000 buckets=1048576 p_hot=0.90  time=0.5305  thr=7.54 Mops  speedup=0.43
AGH            weak  80/20    skew  T= 1 ops=  250000 buckets=1048576 p_hot=0.99  time=0.0371  thr=6.74 Mops  speedup=0.30
AGH            weak  80/20    skew  T= 2 ops=  500000 buckets=1048576 p_hot=0.99  time=0.0504  thr=9.92 Mops  speedup=0.44
AGH            weak  80/20    skew  T= 4 ops= 1000000 buckets=1048576 p_hot=0.99  time=0.1143  thr=8.75 Mops  speedup=0.39
AGH            weak  80/20    skew  T= 8 ops= 2000000 buckets=1048576 p_hot=0.99  time=0.2805  thr=7.13 Mops  speedup=0.34
AGH            weak  80/20    skew  T=16 ops= 4000000 buckets=1048576 p_hot=0.99  time=0.5175  thr=7.73 Mops  speedup=0.44
AGH            weak  50/50 uniform  T= 1 ops=  250000 buckets=  16384  time=0.0537  thr=4.65 Mops  speedup=0.37
AGH            weak  50/50 uniform  T= 2 ops=  500000 buckets=  16384  time=0.1658  thr=3.02 Mops  speedup=0.63
AGH            weak  50/50 uniform  T= 4 ops= 1000000 buckets=  16384  time=0.4219  thr=2.37 Mops  speedup=1.27
AGH            weak  50/50 uniform  T= 8 ops= 2000000 buckets=  16384  time=0.8897  thr=2.25 Mops  speedup=2.66
AGH            weak  50/50 uniform  T=16 ops= 4000000 buckets=  16384  time=1.9930  thr=2.01 Mops  speedup=5.34
AGH            weak  50/50    skew  T= 1 ops=  250000 buckets=  16384 p_hot=0.70  time=0.0596  thr=4.20 Mops  speedup=0.43
AGH            weak  50/50    skew  T= 2 ops=  500000 buckets=  16384 p_hot=0.70  time=0.1598  thr=3.13 Mops  speedup=0.75
AGH            weak  50/50    skew  T= 4 ops= 1000000 buckets=  16384 p_hot=0.70  time=0.3921  thr=2.55 Mops  speedup=1.37
AGH            weak  50/50    skew  T= 8 ops= 2000000 buckets=  16384 p_hot=0.70  time=0.9010  thr=2.22 Mops  speedup=2.66
AGH            weak  50/50    skew  T=16 ops= 4000000 buckets=  16384 p_hot=0.70  time=2.0647  thr=1.94 Mops  speedup=5.11
AGH            weak  50/50    skew  T= 1 ops=  250000 buckets=  16384 p_hot=0.90  time=0.0556  thr=4.49 Mops  speedup=0.45
AGH            weak  50/50    skew  T= 2 ops=  500000 buckets=  16384 p_hot=0.90  time=0.1514  thr=3.30 Mops  speedup=0.79
AGH            weak  50/50    skew  T= 4 ops= 1000000 buckets=  16384 p_hot=0.90  time=0.4026  thr=2.48 Mops  speedup=1.33
AGH            weak  50/50    skew  T= 8 ops= 2000000 buckets=  16384 p_hot=0.90  time=0.8959  thr=2.23 Mops  speedup=2.65
AGH            weak  50/50    skew  T=16 ops= 4000000 buckets=  16384 p_hot=0.90  time=2.0643  thr=1.94 Mops  speedup=5.16
AGH            weak  50/50    skew  T= 1 ops=  250000 buckets=  16384 p_hot=0.99  time=0.0550  thr=4.55 Mops  speedup=0.45
AGH            weak  50/50    skew  T= 2 ops=  500000 buckets=  16384 p_hot=0.99  time=0.1488  thr=3.36 Mops  speedup=0.79
AGH            weak  50/50    skew  T= 4 ops= 1000000 buckets=  16384 p_hot=0.99  time=0.4030  thr=2.48 Mops  speedup=1.33
AGH            weak  50/50    skew  T= 8 ops= 2000000 buckets=  16384 p_hot=0.99  time=0.8907  thr=2.25 Mops  speedup=2.70
AGH            weak  50/50    skew  T=16 ops= 4000000 buckets=  16384 p_hot=0.99  time=2.0425  thr=1.96 Mops  speedup=5.21
AGH            weak  50/50 uniform  T= 1 ops=  250000 buckets=  65536  time=0.0371  thr=6.73 Mops  speedup=0.34
AGH            weak  50/50 uniform  T= 2 ops=  500000 buckets=  65536  time=0.0783  thr=6.38 Mops  speedup=0.47
AGH            weak  50/50 uniform  T= 4 ops= 1000000 buckets=  65536  time=0.1673  thr=5.98 Mops  speedup=0.70
AGH            weak  50/50 uniform  T= 8 ops= 2000000 buckets=  65536  time=0.3157  thr=6.33 Mops  speedup=1.45
AGH            weak  50/50 uniform  T=16 ops= 4000000 buckets=  65536  time=0.5892  thr=6.79 Mops  speedup=3.65
AGH            weak  50/50    skew  T= 1 ops=  250000 buckets=  65536 p_hot=0.70  time=0.0448  thr=5.58 Mops  speedup=0.41
AGH            weak  50/50    skew  T= 2 ops=  500000 buckets=  65536 p_hot=0.70  time=0.0773  thr=6.47 Mops  speedup=0.65
AGH            weak  50/50    skew  T= 4 ops= 1000000 buckets=  65536 p_hot=0.70  time=0.1748  thr=5.72 Mops  speedup=0.82
AGH            weak  50/50    skew  T= 8 ops= 2000000 buckets=  65536 p_hot=0.70  time=0.3841  thr=5.21 Mops  speedup=1.37
AGH            weak  50/50    skew  T=16 ops= 4000000 buckets=  65536 p_hot=0.70  time=0.8603  thr=4.65 Mops  speedup=2.66
AGH            weak  50/50    skew  T= 1 ops=  250000 buckets=  65536 p_hot=0.90  time=0.0429  thr=5.83 Mops  speedup=0.42
AGH            weak  50/50    skew  T= 2 ops=  500000 buckets=  65536 p_hot=0.90  time=0.0732  thr=6.83 Mops  speedup=0.65
AGH            weak  50/50    skew  T= 4 ops= 1000000 buckets=  65536 p_hot=0.90  time=0.1656  thr=6.04 Mops  speedup=0.88
AGH            weak  50/50    skew  T= 8 ops= 2000000 buckets=  65536 p_hot=0.90  time=0.3766  thr=5.31 Mops  speedup=1.43
AGH            weak  50/50    skew  T=16 ops= 4000000 buckets=  65536 p_hot=0.90  time=0.8533  thr=4.69 Mops  speedup=2.72
AGH            weak  50/50    skew  T= 1 ops=  250000 buckets=  65536 p_hot=0.99  time=0.0421  thr=5.93 Mops  speedup=0.42
AGH            weak  50/50    skew  T= 2 ops=  500000 buckets=  65536 p_hot=0.99  time=0.0717  thr=6.97 Mops  speedup=0.67
AGH            weak  50/50    skew  T= 4 ops= 1000000 buckets=  65536 p_hot=0.99  time=0.1609  thr=6.21 Mops  speedup=0.88
AGH            weak  50/50    skew  T= 8 ops= 2000000 buckets=  65536 p_hot=0.99  time=0.3705  thr=5.40 Mops  speedup=1.40
AGH            weak  50/50    skew  T=16 ops= 4000000 buckets=  65536 p_hot=0.99  time=0.8544  thr=4.68 Mops  speedup=2.65
AGH            weak  50/50 uniform  T= 1 ops=  250000 buckets= 262144  time=0.0422  thr=5.92 Mops  speedup=0.25
AGH            weak  50/50 uniform  T= 2 ops=  500000 buckets= 262144  time=0.0669  thr=7.47 Mops  speedup=0.33
AGH            weak  50/50 uniform  T= 4 ops= 1000000 buckets= 262144  time=0.1094  thr=9.14 Mops  speedup=0.49
AGH            weak  50/50 uniform  T= 8 ops= 2000000 buckets= 262144  time=0.2008  thr=9.96 Mops  speedup=0.78
AGH            weak  50/50 uniform  T=16 ops= 4000000 buckets= 262144  time=0.4003  thr=9.99 Mops  speedup=1.26
AGH            weak  50/50    skew  T= 1 ops=  250000 buckets= 262144 p_hot=0.70  time=0.0471  thr=5.31 Mops  speedup=0.34
AGH            weak  50/50    skew  T= 2 ops=  500000 buckets= 262144 p_hot=0.70  time=0.0666  thr=7.51 Mops  speedup=0.50
AGH            weak  50/50    skew  T= 4 ops= 1000000 buckets= 262144 p_hot=0.70  time=0.1390  thr=7.19 Mops  speedup=0.55
AGH            weak  50/50    skew  T= 8 ops= 2000000 buckets= 262144 p_hot=0.70  time=0.3278  thr=6.10 Mops  speedup=0.64
AGH            weak  50/50    skew  T=16 ops= 4000000 buckets= 262144 p_hot=0.70  time=0.6163  thr=6.49 Mops  speedup=0.99
AGH            weak  50/50    skew  T= 1 ops=  250000 buckets= 262144 p_hot=0.90  time=0.0447  thr=5.59 Mops  speedup=0.34
AGH            weak  50/50    skew  T= 2 ops=  500000 buckets= 262144 p_hot=0.90  time=0.0642  thr=7.79 Mops  speedup=0.50
AGH            weak  50/50    skew  T= 4 ops= 1000000 buckets= 262144 p_hot=0.90  time=0.1330  thr=7.52 Mops  speedup=0.56
AGH            weak  50/50    skew  T= 8 ops= 2000000 buckets= 262144 p_hot=0.90  time=0.3146  thr=6.36 Mops  speedup=0.65
AGH            weak  50/50    skew  T=16 ops= 4000000 buckets= 262144 p_hot=0.90  time=0.5945  thr=6.73 Mops  speedup=1.00
AGH            weak  50/50    skew  T= 1 ops=  250000 buckets= 262144 p_hot=0.99  time=0.0434  thr=5.76 Mops  speedup=0.35
AGH            weak  50/50    skew  T= 2 ops=  500000 buckets= 262144 p_hot=0.99  time=0.0637  thr=7.85 Mops  speedup=0.50
AGH            weak  50/50    skew  T= 4 ops= 1000000 buckets= 262144 p_hot=0.99  time=0.1330  thr=7.52 Mops  speedup=0.55
AGH            weak  50/50    skew  T= 8 ops= 2000000 buckets= 262144 p_hot=0.99  time=0.3101  thr=6.45 Mops  speedup=0.65
AGH            weak  50/50    skew  T=16 ops= 4000000 buckets= 262144 p_hot=0.99  time=0.5888  thr=6.79 Mops  speedup=1.02
AGH            weak  50/50 uniform  T= 1 ops=  250000 buckets=1048576  time=0.0431  thr=5.80 Mops  speedup=0.25
AGH            weak  50/50 uniform  T= 2 ops=  500000 buckets=1048576  time=0.0659  thr=7.59 Mops  speedup=0.32
AGH            weak  50/50 uniform  T= 4 ops= 1000000 buckets=1048576  time=0.0971  thr=10.30 Mops  speedup=0.44
AGH            weak  50/50 uniform  T= 8 ops= 2000000 buckets=1048576  time=0.1909  thr=10.48 Mops  speedup=0.46
AGH            weak  50/50 uniform  T=16 ops= 4000000 buckets=1048576  time=0.3576  thr=11.19 Mops  speedup=0.69
AGH            weak  50/50    skew  T= 1 ops=  250000 buckets=1048576 p_hot=0.70  time=0.0484  thr=5.16 Mops  speedup=0.34
AGH            weak  50/50    skew  T= 2 ops=  500000 buckets=1048576 p_hot=0.70  time=0.0621  thr=8.06 Mops  speedup=0.51
AGH            weak  50/50    skew  T= 4 ops= 1000000 buckets=1048576 p_hot=0.70  time=0.1312  thr=7.62 Mops  speedup=0.49
AGH            weak  50/50    skew  T= 8 ops= 2000000 buckets=1048576 p_hot=0.70  time=0.3211  thr=6.23 Mops  speedup=0.43
AGH            weak  50/50    skew  T=16 ops= 4000000 buckets=1048576 p_hot=0.70  time=0.5856  thr=6.83 Mops  speedup=0.58
AGH            weak  50/50    skew  T= 1 ops=  250000 buckets=1048576 p_hot=0.90  time=0.0459  thr=5.45 Mops  speedup=0.33
AGH            weak  50/50    skew  T= 2 ops=  500000 buckets=1048576 p_hot=0.90  time=0.0595  thr=8.41 Mops  speedup=0.52
AGH            weak  50/50    skew  T= 4 ops= 1000000 buckets=1048576 p_hot=0.90  time=0.1253  thr=7.98 Mops  speedup=0.49
AGH            weak  50/50    skew  T= 8 ops= 2000000 buckets=1048576 p_hot=0.90  time=0.3078  thr=6.50 Mops  speedup=0.43
AGH            weak  50/50    skew  T=16 ops= 4000000 buckets=1048576 p_hot=0.90  time=0.5615  thr=7.12 Mops  speedup=0.59
AGH            weak  50/50    skew  T= 1 ops=  250000 buckets=1048576 p_hot=0.99  time=0.0446  thr=5.60 Mops  speedup=0.34
AGH            weak  50/50    skew  T= 2 ops=  500000 buckets=1048576 p_hot=0.99  time=0.0587  thr=8.52 Mops  speedup=0.51
AGH            weak  50/50    skew  T= 4 ops= 1000000 buckets=1048576 p_hot=0.99  time=0.1245  thr=8.03 Mops  speedup=0.48
AGH            weak  50/50    skew  T= 8 ops= 2000000 buckets=1048576 p_hot=0.99  time=0.3032  thr=6.60 Mops  speedup=0.43
AGH            weak  50/50    skew  T=16 ops= 4000000 buckets=1048576 p_hot=0.99  time=0.5491  thr=7.29 Mops  speedup=0.60
CSV_RESULTS_BEGIN
impl,mode,mix,dist,threads,ops,bucket_count,read_ratio,p_hot,time_s,throughput_mops,speedup,seq_baseline_s
AGH,strong,80/20,uniform,1,2000000,16384,0.80,0.00,3.035907,0.659,0.454,1.377294
AGH,strong,80/20,uniform,2,2000000,16384,0.80,0.00,1.452609,1.377,0.948,1.377294
AGH,strong,80/20,uniform,4,2000000,16384,0.80,0.00,0.781260,2.560,1.763,1.377294
AGH,strong,80/20,uniform,8,2000000,16384,0.80,0.00,0.433942,4.609,3.174,1.377294
AGH,strong,80/20,uniform,16,2000000,16384,0.80,0.00,0.277219,7.215,4.968,1.377294
AGH,strong,80/20,skew,1,2000000,16384,0.80,0.70,2.617201,0.764,0.530,1.386839
AGH,strong,80/20,skew,2,2000000,16384,0.80,0.70,1.452442,1.377,0.955,1.386839
AGH,strong,80/20,skew,4,2000000,16384,0.80,0.70,0.814098,2.457,1.704,1.386839
AGH,strong,80/20,skew,8,2000000,16384,0.80,0.70,0.558074,3.584,2.485,1.386839
AGH,strong,80/20,skew,16,2000000,16384,0.80,0.70,0.475598,4.205,2.916,1.386839
AGH,strong,80/20,skew,1,2000000,16384,0.80,0.90,2.108898,0.948,0.657,1.386524
AGH,strong,80/20,skew,2,2000000,16384,0.80,0.90,1.215990,1.645,1.140,1.386524
AGH,strong,80/20,skew,4,2000000,16384,0.80,0.90,0.779806,2.565,1.778,1.386524
AGH,strong,80/20,skew,8,2000000,16384,0.80,0.90,0.628018,3.185,2.208,1.386524
AGH,strong,80/20,skew,16,2000000,16384,0.80,0.90,0.478561,4.179,2.897,1.386524
AGH,strong,80/20,skew,1,2000000,16384,0.80,0.99,1.892974,1.057,0.739,1.399424
AGH,strong,80/20,skew,2,2000000,16384,0.80,0.99,1.114789,1.794,1.255,1.399424
AGH,strong,80/20,skew,4,2000000,16384,0.80,0.99,0.738613,2.708,1.895,1.399424
AGH,strong,80/20,skew,8,2000000,16384,0.80,0.99,0.596334,3.354,2.347,1.399424
AGH,strong,80/20,skew,16,2000000,16384,0.80,0.99,0.476719,4.195,2.936,1.399424
AGH,strong,80/20,uniform,1,2000000,65536,0.80,0.00,0.798411,2.505,0.379,0.302434
AGH,strong,80/20,uniform,2,2000000,65536,0.80,0.00,0.559335,3.576,0.541,0.302434
AGH,strong,80/20,uniform,4,2000000,65536,0.80,0.00,0.366938,5.451,0.824,0.302434
AGH,strong,80/20,uniform,8,2000000,65536,0.80,0.00,0.227730,8.782,1.328,0.302434
AGH,strong,80/20,uniform,16,2000000,65536,0.80,0.00,0.158081,12.652,1.913,0.302434
AGH,strong,80/20,skew,1,2000000,65536,0.80,0.70,0.906522,2.206,0.389,0.352904
AGH,strong,80/20,skew,2,2000000,65536,0.80,0.70,0.498246,4.014,0.708,0.352904
AGH,strong,80/20,skew,4,2000000,65536,0.80,0.70,0.374402,5.342,0.943,0.352904
AGH,strong,80/20,skew,8,2000000,65536,0.80,0.70,0.329566,6.069,1.071,0.352904
AGH,strong,80/20,skew,16,2000000,65536,0.80,0.70,0.304809,6.561,1.158,0.352904
AGH,strong,80/20,skew,1,2000000,65536,0.80,0.90,0.780127,2.564,0.449,0.350605
AGH,strong,80/20,skew,2,2000000,65536,0.80,0.90,0.438266,4.563,0.800,0.350605
AGH,strong,80/20,skew,4,2000000,65536,0.80,0.90,0.335450,5.962,1.045,0.350605
AGH,strong,80/20,skew,8,2000000,65536,0.80,0.90,0.321872,6.214,1.089,0.350605
AGH,strong,80/20,skew,16,2000000,65536,0.80,0.90,0.291255,6.867,1.204,0.350605
AGH,strong,80/20,skew,1,2000000,65536,0.80,0.99,0.720054,2.778,0.481,0.346377
AGH,strong,80/20,skew,2,2000000,65536,0.80,0.99,0.414064,4.830,0.837,0.346377
AGH,strong,80/20,skew,4,2000000,65536,0.80,0.99,0.330189,6.057,1.049,0.346377
AGH,strong,80/20,skew,8,2000000,65536,0.80,0.99,0.320540,6.239,1.081,0.346377
AGH,strong,80/20,skew,16,2000000,65536,0.80,0.99,0.288378,6.935,1.201,0.346377
AGH,strong,80/20,uniform,1,2000000,262144,0.80,0.00,0.400452,4.994,0.270,0.108184
AGH,strong,80/20,uniform,2,2000000,262144,0.80,0.00,0.298207,6.707,0.363,0.108184
AGH,strong,80/20,uniform,4,2000000,262144,0.80,0.00,0.198636,10.069,0.545,0.108184
AGH,strong,80/20,uniform,8,2000000,262144,0.80,0.00,0.136794,14.621,0.791,0.108184
AGH,strong,80/20,uniform,16,2000000,262144,0.80,0.00,0.115846,17.264,0.934,0.108184
AGH,strong,80/20,skew,1,2000000,262144,0.80,0.70,0.532051,3.759,0.286,0.152247
AGH,strong,80/20,skew,2,2000000,262144,0.80,0.70,0.298304,6.705,0.510,0.152247
AGH,strong,80/20,skew,4,2000000,262144,0.80,0.70,0.268315,7.454,0.567,0.152247
AGH,strong,80/20,skew,8,2000000,262144,0.80,0.70,0.304982,6.558,0.499,0.152247
AGH,strong,80/20,skew,16,2000000,262144,0.80,0.70,0.284525,7.029,0.535,0.152247
AGH,strong,80/20,skew,1,2000000,262144,0.80,0.90,0.478058,4.184,0.309,0.147733
AGH,strong,80/20,skew,2,2000000,262144,0.80,0.90,0.274392,7.289,0.538,0.147733
AGH,strong,80/20,skew,4,2000000,262144,0.80,0.90,0.255368,7.832,0.579,0.147733
AGH,strong,80/20,skew,8,2000000,262144,0.80,0.90,0.290614,6.882,0.508,0.147733
AGH,strong,80/20,skew,16,2000000,262144,0.80,0.90,0.271076,7.378,0.545,0.147733
AGH,strong,80/20,skew,1,2000000,262144,0.80,0.99,0.452389,4.421,0.322,0.145513
AGH,strong,80/20,skew,2,2000000,262144,0.80,0.99,0.262414,7.622,0.555,0.145513
AGH,strong,80/20,skew,4,2000000,262144,0.80,0.99,0.247278,8.088,0.588,0.145513
AGH,strong,80/20,skew,8,2000000,262144,0.80,0.99,0.284653,7.026,0.511,0.145513
AGH,strong,80/20,skew,16,2000000,262144,0.80,0.99,0.265753,7.526,0.548,0.145513
AGH,strong,80/20,uniform,1,2000000,1048576,0.80,0.00,0.349859,5.717,0.168,0.058908
AGH,strong,80/20,uniform,2,2000000,1048576,0.80,0.00,0.247915,8.067,0.238,0.058908
AGH,strong,80/20,uniform,4,2000000,1048576,0.80,0.00,0.166289,12.027,0.354,0.058908
AGH,strong,80/20,uniform,8,2000000,1048576,0.80,0.00,0.111568,17.926,0.528,0.058908
AGH,strong,80/20,uniform,16,2000000,1048576,0.80,0.00,0.105895,18.887,0.556,0.058908
AGH,strong,80/20,skew,1,2000000,1048576,0.80,0.70,0.433909,4.609,0.232,0.100773
AGH,strong,80/20,skew,2,2000000,1048576,0.80,0.70,0.251537,7.951,0.401,0.100773
AGH,strong,80/20,skew,4,2000000,1048576,0.80,0.70,0.254043,7.873,0.397,0.100773
AGH,strong,80/20,skew,8,2000000,1048576,0.80,0.70,0.296906,6.736,0.339,0.100773
AGH,strong,80/20,skew,16,2000000,1048576,0.80,0.70,0.268877,7.438,0.375,0.100773
AGH,strong,80/20,skew,1,2000000,1048576,0.80,0.90,0.404651,4.943,0.239,0.096752
AGH,strong,80/20,skew,2,2000000,1048576,0.80,0.90,0.239451,8.352,0.404,0.096752
AGH,strong,80/20,skew,4,2000000,1048576,0.80,0.90,0.242651,8.242,0.399,0.096752
AGH,strong,80/20,skew,8,2000000,1048576,0.80,0.90,0.285426,7.007,0.339,0.096752
AGH,strong,80/20,skew,16,2000000,1048576,0.80,0.90,0.256622,7.794,0.377,0.096752
AGH,strong,80/20,skew,1,2000000,1048576,0.80,0.99,0.389061,5.141,0.243,0.094611
AGH,strong,80/20,skew,2,2000000,1048576,0.80,0.99,0.231534,8.638,0.409,0.094611
AGH,strong,80/20,skew,4,2000000,1048576,0.80,0.99,0.239201,8.361,0.396,0.094611
AGH,strong,80/20,skew,8,2000000,1048576,0.80,0.99,0.278956,7.170,0.339,0.094611
AGH,strong,80/20,skew,16,2000000,1048576,0.80,0.99,0.250976,7.969,0.377,0.094611
AGH,strong,50/50,uniform,1,2000000,16384,0.50,0.00,3.408990,0.587,0.711,2.422801
AGH,strong,50/50,uniform,2,2000000,16384,0.50,0.00,2.196555,0.911,1.103,2.422801
AGH,strong,50/50,uniform,4,2000000,16384,0.50,0.00,1.441121,1.388,1.681,2.422801
AGH,strong,50/50,uniform,8,2000000,16384,0.50,0.00,0.791784,2.526,3.060,2.422801
AGH,strong,50/50,uniform,16,2000000,16384,0.50,0.00,0.498097,4.015,4.864,2.422801
AGH,strong,50/50,skew,1,2000000,16384,0.50,0.70,3.457491,0.578,0.721,2.492296
AGH,strong,50/50,skew,2,2000000,16384,0.50,0.70,2.216337,0.902,1.125,2.492296
AGH,strong,50/50,skew,4,2000000,16384,0.50,0.70,1.298313,1.540,1.920,2.492296
AGH,strong,50/50,skew,8,2000000,16384,0.50,0.70,0.828662,2.414,3.008,2.492296
AGH,strong,50/50,skew,16,2000000,16384,0.50,0.70,0.583730,3.426,4.270,2.492296
AGH,strong,50/50,skew,1,2000000,16384,0.50,0.90,3.205784,0.624,0.787,2.524448
AGH,strong,50/50,skew,2,2000000,16384,0.50,0.90,2.006764,0.997,1.258,2.524448
AGH,strong,50/50,skew,4,2000000,16384,0.50,0.90,1.190192,1.680,2.121,2.524448
AGH,strong,50/50,skew,8,2000000,16384,0.50,0.90,0.820102,2.439,3.078,2.524448
AGH,strong,50/50,skew,16,2000000,16384,0.50,0.90,0.580584,3.445,4.348,2.524448
AGH,strong,50/50,skew,1,2000000,16384,0.50,0.99,3.066736,0.652,0.849,2.602428
AGH,strong,50/50,skew,2,2000000,16384,0.50,0.99,1.931481,1.035,1.347,2.602428
AGH,strong,50/50,skew,4,2000000,16384,0.50,0.99,1.188845,1.682,2.189,2.602428
AGH,strong,50/50,skew,8,2000000,16384,0.50,0.99,0.814641,2.455,3.195,2.602428
AGH,strong,50/50,skew,16,2000000,16384,0.50,0.99,0.585869,3.414,4.442,2.602428
AGH,strong,50/50,uniform,1,2000000,65536,0.50,0.00,0.957846,2.088,0.488,0.467721
AGH,strong,50/50,uniform,2,2000000,65536,0.50,0.00,0.724081,2.762,0.646,0.467721
AGH,strong,50/50,uniform,4,2000000,65536,0.50,0.00,0.452139,4.423,1.034,0.467721
AGH,strong,50/50,uniform,8,2000000,65536,0.50,0.00,0.285933,6.995,1.636,0.467721
AGH,strong,50/50,uniform,16,2000000,65536,0.50,0.00,0.224716,8.900,2.081,0.467721
AGH,strong,50/50,skew,1,2000000,65536,0.50,0.70,0.982488,2.036,0.549,0.539485
AGH,strong,50/50,skew,2,2000000,65536,0.50,0.70,0.689457,2.901,0.782,0.539485
AGH,strong,50/50,skew,4,2000000,65536,0.50,0.70,0.489423,4.086,1.102,0.539485
AGH,strong,50/50,skew,8,2000000,65536,0.50,0.70,0.366367,5.459,1.473,0.539485
AGH,strong,50/50,skew,16,2000000,65536,0.50,0.70,0.337720,5.922,1.597,0.539485
AGH,strong,50/50,skew,1,2000000,65536,0.50,0.90,0.895009,2.235,0.598,0.535432
AGH,strong,50/50,skew,2,2000000,65536,0.50,0.90,0.649250,3.080,0.825,0.535432
AGH,strong,50/50,skew,4,2000000,65536,0.50,0.90,0.474801,4.212,1.128,0.535432
AGH,strong,50/50,skew,8,2000000,65536,0.50,0.90,0.358684,5.576,1.493,0.535432
AGH,strong,50/50,skew,16,2000000,65536,0.50,0.90,0.324373,6.166,1.651,0.535432
AGH,strong,50/50,skew,1,2000000,65536,0.50,0.99,0.847698,2.359,0.628,0.532251
AGH,strong,50/50,skew,2,2000000,65536,0.50,0.99,0.629266,3.178,0.846,0.532251
AGH,strong,50/50,skew,4,2000000,65536,0.50,0.99,0.452505,4.420,1.176,0.532251
AGH,strong,50/50,skew,8,2000000,65536,0.50,0.99,0.364804,5.482,1.459,0.532251
AGH,strong,50/50,skew,16,2000000,65536,0.50,0.99,0.322304,6.205,1.651,0.532251
AGH,strong,50/50,uniform,1,2000000,262144,0.50,0.00,0.423456,4.723,0.357,0.151309
AGH,strong,50/50,uniform,2,2000000,262144,0.50,0.00,0.348217,5.744,0.435,0.151309
AGH,strong,50/50,uniform,4,2000000,262144,0.50,0.00,0.247745,8.073,0.611,0.151309
AGH,strong,50/50,uniform,8,2000000,262144,0.50,0.00,0.198471,10.077,0.762,0.151309
AGH,strong,50/50,uniform,16,2000000,262144,0.50,0.00,0.185879,10.760,0.814,0.151309
AGH,strong,50/50,skew,1,2000000,262144,0.50,0.70,0.516924,3.869,0.386,0.199312
AGH,strong,50/50,skew,2,2000000,262144,0.50,0.70,0.353555,5.657,0.564,0.199312
AGH,strong,50/50,skew,4,2000000,262144,0.50,0.70,0.299210,6.684,0.666,0.199312
AGH,strong,50/50,skew,8,2000000,262144,0.50,0.70,0.326434,6.127,0.611,0.199312
AGH,strong,50/50,skew,16,2000000,262144,0.50,0.70,0.306452,6.526,0.650,0.199312
AGH,strong,50/50,skew,1,2000000,262144,0.50,0.90,0.490097,4.081,0.390,0.191370
AGH,strong,50/50,skew,2,2000000,262144,0.50,0.90,0.341611,5.855,0.560,0.191370
AGH,strong,50/50,skew,4,2000000,262144,0.50,0.90,0.290697,6.880,0.658,0.191370
AGH,strong,50/50,skew,8,2000000,262144,0.50,0.90,0.314441,6.361,0.609,0.191370
AGH,strong,50/50,skew,16,2000000,262144,0.50,0.90,0.287872,6.948,0.665,0.191370
AGH,strong,50/50,skew,1,2000000,262144,0.50,0.99,0.474315,4.217,0.397,0.188424
AGH,strong,50/50,skew,2,2000000,262144,0.50,0.99,0.333131,6.004,0.566,0.188424
AGH,strong,50/50,skew,4,2000000,262144,0.50,0.99,0.286584,6.979,0.657,0.188424
AGH,strong,50/50,skew,8,2000000,262144,0.50,0.99,0.310171,6.448,0.607,0.188424
AGH,strong,50/50,skew,16,2000000,262144,0.50,0.99,0.283210,7.062,0.665,0.188424
AGH,strong,50/50,uniform,1,2000000,1048576,0.50,0.00,0.366755,5.453,0.252,0.092382
AGH,strong,50/50,uniform,2,2000000,1048576,0.50,0.00,0.275273,7.266,0.336,0.092382
AGH,strong,50/50,uniform,4,2000000,1048576,0.50,0.00,0.195054,10.254,0.474,0.092382
AGH,strong,50/50,uniform,8,2000000,1048576,0.50,0.00,0.190442,10.502,0.485,0.092382
AGH,strong,50/50,uniform,16,2000000,1048576,0.50,0.00,0.179120,11.166,0.516,0.092382
AGH,strong,50/50,skew,1,2000000,1048576,0.50,0.70,0.444034,4.504,0.300,0.133091
AGH,strong,50/50,skew,2,2000000,1048576,0.50,0.70,0.286040,6.992,0.465,0.133091
AGH,strong,50/50,skew,4,2000000,1048576,0.50,0.70,0.272508,7.339,0.488,0.133091
AGH,strong,50/50,skew,8,2000000,1048576,0.50,0.70,0.319545,6.259,0.417,0.133091
AGH,strong,50/50,skew,16,2000000,1048576,0.50,0.70,0.285785,6.998,0.466,0.133091
AGH,strong,50/50,skew,1,2000000,1048576,0.50,0.90,0.426043,4.694,0.300,0.127623
AGH,strong,50/50,skew,2,2000000,1048576,0.50,0.90,0.279338,7.160,0.457,0.127623
AGH,strong,50/50,skew,4,2000000,1048576,0.50,0.90,0.265229,7.541,0.481,0.127623
AGH,strong,50/50,skew,8,2000000,1048576,0.50,0.90,0.308828,6.476,0.413,0.127623
AGH,strong,50/50,skew,16,2000000,1048576,0.50,0.90,0.275101,7.270,0.464,0.127623
AGH,strong,50/50,skew,1,2000000,1048576,0.50,0.99,0.416715,4.799,0.301,0.125556
AGH,strong,50/50,skew,2,2000000,1048576,0.50,0.99,0.273927,7.301,0.458,0.125556
AGH,strong,50/50,skew,4,2000000,1048576,0.50,0.99,0.260991,7.663,0.481,0.125556
AGH,strong,50/50,skew,8,2000000,1048576,0.50,0.99,0.301198,6.640,0.417,0.125556
AGH,strong,50/50,skew,16,2000000,1048576,0.50,0.99,0.268427,7.451,0.468,0.125556
AGH,weak,80/20,uniform,1,250000,16384,0.80,0.00,0.040162,6.225,0.288,0.011568
AGH,weak,80/20,uniform,2,500000,16384,0.80,0.00,0.121180,4.126,0.354,0.042925
AGH,weak,80/20,uniform,4,1000000,16384,0.80,0.00,0.280566,3.564,0.906,0.254125
AGH,weak,80/20,uniform,8,2000000,16384,0.80,0.00,0.576823,3.467,2.152,1.241518
AGH,weak,80/20,uniform,16,4000000,16384,0.80,0.00,1.392899,2.872,3.672,5.114123
AGH,weak,80/20,skew,1,250000,16384,0.80,0.70,0.049495,5.051,0.348,0.017246
AGH,weak,80/20,skew,2,500000,16384,0.80,0.70,0.106924,4.676,0.519,0.055460
AGH,weak,80/20,skew,4,1000000,16384,0.80,0.70,0.251506,3.976,1.116,0.280602
AGH,weak,80/20,skew,8,2000000,16384,0.80,0.70,0.626196,3.194,2.066,1.293583
AGH,weak,80/20,skew,16,4000000,16384,0.80,0.70,1.563889,2.558,3.359,5.252551
AGH,weak,80/20,skew,1,250000,16384,0.80,0.90,0.044738,5.588,0.370,0.016542
AGH,weak,80/20,skew,2,500000,16384,0.80,0.90,0.093753,5.333,0.574,0.053856
AGH,weak,80/20,skew,4,1000000,16384,0.80,0.90,0.229583,4.356,1.215,0.278851
AGH,weak,80/20,skew,8,2000000,16384,0.80,0.90,0.608555,3.286,2.104,1.280324
AGH,weak,80/20,skew,16,4000000,16384,0.80,0.90,1.556216,2.570,3.372,5.247866
AGH,weak,80/20,skew,1,250000,16384,0.80,0.99,0.042103,5.938,0.387,0.016296
AGH,weak,80/20,skew,2,500000,16384,0.80,0.99,0.087450,5.718,0.611,0.053408
AGH,weak,80/20,skew,4,1000000,16384,0.80,0.99,0.220898,4.527,1.253,0.276840
AGH,weak,80/20,skew,8,2000000,16384,0.80,0.99,0.604527,3.308,2.128,1.286680
AGH,weak,80/20,skew,16,4000000,16384,0.80,0.99,1.543212,2.592,3.396,5.240453
AGH,weak,80/20,uniform,1,250000,65536,0.80,0.00,0.030894,8.092,0.253,0.007811
AGH,weak,80/20,uniform,2,500000,65536,0.80,0.00,0.064066,7.804,0.350,0.022408
AGH,weak,80/20,uniform,4,1000000,65536,0.80,0.00,0.127037,7.872,0.609,0.077357
AGH,weak,80/20,uniform,8,2000000,65536,0.80,0.00,0.223464,8.950,1.261,0.281727
AGH,weak,80/20,uniform,16,4000000,65536,0.80,0.00,0.444347,9.002,2.875,1.277423
AGH,weak,80/20,skew,1,250000,65536,0.80,0.70,0.040879,6.116,0.321,0.013127
AGH,weak,80/20,skew,2,500000,65536,0.80,0.70,0.063349,7.893,0.513,0.032522
AGH,weak,80/20,skew,4,1000000,65536,0.80,0.70,0.142401,7.022,0.694,0.098877
AGH,weak,80/20,skew,8,2000000,65536,0.80,0.70,0.331589,6.032,0.991,0.328657
AGH,weak,80/20,skew,16,4000000,65536,0.80,0.70,0.746027,5.362,1.831,1.366057
AGH,weak,80/20,skew,1,250000,65536,0.80,0.90,0.037696,6.632,0.331,0.012463
AGH,weak,80/20,skew,2,500000,65536,0.80,0.90,0.058017,8.618,0.544,0.031582
AGH,weak,80/20,skew,4,1000000,65536,0.80,0.90,0.127660,7.833,0.756,0.096548
AGH,weak,80/20,skew,8,2000000,65536,0.80,0.90,0.327000,6.116,0.991,0.324125
AGH,weak,80/20,skew,16,4000000,65536,0.80,0.90,0.739250,5.411,1.835,1.356466
AGH,weak,80/20,skew,1,250000,65536,0.80,0.99,0.036528,6.844,0.335,0.012242
AGH,weak,80/20,skew,2,500000,65536,0.80,0.99,0.055602,8.992,0.556,0.030941
AGH,weak,80/20,skew,4,1000000,65536,0.80,0.99,0.122842,8.141,0.778,0.095601
AGH,weak,80/20,skew,8,2000000,65536,0.80,0.99,0.325825,6.138,0.988,0.322055
AGH,weak,80/20,skew,16,4000000,65536,0.80,0.99,0.737351,5.425,1.832,1.350627
AGH,weak,80/20,uniform,1,250000,262144,0.80,0.00,0.037302,6.702,0.170,0.006359
AGH,weak,80/20,uniform,2,500000,262144,0.80,0.00,0.059099,8.460,0.234,0.013846
AGH,weak,80/20,uniform,4,1000000,262144,0.80,0.00,0.089142,11.218,0.377,0.033636
AGH,weak,80/20,uniform,8,2000000,262144,0.80,0.00,0.140881,14.196,0.670,0.094372
AGH,weak,80/20,uniform,16,4000000,262144,0.80,0.00,0.255468,15.658,1.213,0.309780
AGH,weak,80/20,skew,1,250000,262144,0.80,0.70,0.041950,5.959,0.283,0.011873
AGH,weak,80/20,skew,2,500000,262144,0.80,0.70,0.055936,8.939,0.449,0.025122
AGH,weak,80/20,skew,4,1000000,262144,0.80,0.70,0.124476,8.034,0.460,0.057281
AGH,weak,80/20,skew,8,2000000,262144,0.80,0.70,0.306156,6.533,0.464,0.141973
AGH,weak,80/20,skew,16,4000000,262144,0.80,0.70,0.586694,6.818,0.684,0.401149
AGH,weak,80/20,skew,1,250000,262144,0.80,0.90,0.038136,6.556,0.296,0.011306
AGH,weak,80/20,skew,2,500000,262144,0.80,0.90,0.052525,9.519,0.460,0.024138
AGH,weak,80/20,skew,4,1000000,262144,0.80,0.90,0.118973,8.405,0.459,0.054663
AGH,weak,80/20,skew,8,2000000,262144,0.80,0.90,0.290418,6.887,0.474,0.137649
AGH,weak,80/20,skew,16,4000000,262144,0.80,0.90,0.563497,7.099,0.692,0.390216
AGH,weak,80/20,skew,1,250000,262144,0.80,0.99,0.036193,6.907,0.307,0.011108
AGH,weak,80/20,skew,2,500000,262144,0.80,0.99,0.051032,9.798,0.461,0.023525
AGH,weak,80/20,skew,4,1000000,262144,0.80,0.99,0.115259,8.676,0.466,0.053718
AGH,weak,80/20,skew,8,2000000,262144,0.80,0.99,0.283851,7.046,0.476,0.135043
AGH,weak,80/20,skew,16,4000000,262144,0.80,0.99,0.554432,7.215,0.696,0.385616
AGH,weak,80/20,uniform,1,250000,1048576,0.80,0.00,0.038234,6.539,0.167,0.006398
AGH,weak,80/20,uniform,2,500000,1048576,0.80,0.00,0.061349,8.150,0.206,0.012622
AGH,weak,80/20,uniform,4,1000000,1048576,0.80,0.00,0.081371,12.289,0.312,0.025361
AGH,weak,80/20,uniform,8,2000000,1048576,0.80,0.00,0.113733,17.585,0.485,0.055214
AGH,weak,80/20,uniform,16,4000000,1048576,0.80,0.00,0.217604,18.382,0.667,0.145106
AGH,weak,80/20,skew,1,250000,1048576,0.80,0.70,0.042792,5.842,0.278,0.011904
AGH,weak,80/20,skew,2,500000,1048576,0.80,0.70,0.055386,9.028,0.433,0.024001
AGH,weak,80/20,skew,4,1000000,1048576,0.80,0.70,0.122985,8.131,0.390,0.047914
AGH,weak,80/20,skew,8,2000000,1048576,0.80,0.70,0.297887,6.714,0.338,0.100593
AGH,weak,80/20,skew,16,4000000,1048576,0.80,0.70,0.556750,7.185,0.432,0.240601
AGH,weak,80/20,skew,1,250000,1048576,0.80,0.90,0.039004,6.410,0.291,0.011344
AGH,weak,80/20,skew,2,500000,1048576,0.80,0.90,0.052113,9.595,0.436,0.022697
AGH,weak,80/20,skew,4,1000000,1048576,0.80,0.90,0.117353,8.521,0.385,0.045231
AGH,weak,80/20,skew,8,2000000,1048576,0.80,0.90,0.286263,6.987,0.336,0.096067
AGH,weak,80/20,skew,16,4000000,1048576,0.80,0.90,0.530455,7.541,0.433,0.229668
AGH,weak,80/20,skew,1,250000,1048576,0.80,0.99,0.037084,6.741,0.299,0.011099
AGH,weak,80/20,skew,2,500000,1048576,0.80,0.99,0.050415,9.918,0.441,0.022226
AGH,weak,80/20,skew,4,1000000,1048576,0.80,0.99,0.114321,8.747,0.389,0.044499
AGH,weak,80/20,skew,8,2000000,1048576,0.80,0.99,0.280537,7.129,0.337,0.094444
AGH,weak,80/20,skew,16,4000000,1048576,0.80,0.99,0.517461,7.730,0.440,0.227431
AGH,weak,50/50,uniform,1,250000,16384,0.50,0.00,0.053729,4.653,0.371,0.019959
AGH,weak,50/50,uniform,2,500000,16384,0.50,0.00,0.165759,3.016,0.627,0.104013
AGH,weak,50/50,uniform,4,1000000,16384,0.50,0.00,0.421932,2.370,1.268,0.534873
AGH,weak,50/50,uniform,8,2000000,16384,0.50,0.00,0.889736,2.248,2.664,2.370557
AGH,weak,50/50,uniform,16,4000000,16384,0.50,0.00,1.992990,2.007,5.339,10.640683
AGH,weak,50/50,skew,1,250000,16384,0.50,0.70,0.059559,4.198,0.429,0.025568
AGH,weak,50/50,skew,2,500000,16384,0.50,0.70,0.159833,3.128,0.751,0.120037
AGH,weak,50/50,skew,4,1000000,16384,0.50,0.70,0.392084,2.550,1.371,0.537443
AGH,weak,50/50,skew,8,2000000,16384,0.50,0.70,0.901038,2.220,2.663,2.399326
AGH,weak,50/50,skew,16,4000000,16384,0.50,0.70,2.064732,1.937,5.107,10.543645
AGH,weak,50/50,skew,1,250000,16384,0.50,0.90,0.055649,4.492,0.451,0.025112
AGH,weak,50/50,skew,2,500000,16384,0.50,0.90,0.151397,3.303,0.786,0.119041
AGH,weak,50/50,skew,4,1000000,16384,0.50,0.90,0.402575,2.484,1.331,0.535771
AGH,weak,50/50,skew,8,2000000,16384,0.50,0.90,0.895854,2.233,2.651,2.374571
AGH,weak,50/50,skew,16,4000000,16384,0.50,0.90,2.064301,1.938,5.162,10.656636
AGH,weak,50/50,skew,1,250000,16384,0.50,0.99,0.054960,4.549,0.454,0.024949
AGH,weak,50/50,skew,2,500000,16384,0.50,0.99,0.148814,3.360,0.793,0.118050
AGH,weak,50/50,skew,4,1000000,16384,0.50,0.99,0.402953,2.482,1.330,0.535786
AGH,weak,50/50,skew,8,2000000,16384,0.50,0.99,0.890667,2.246,2.697,2.402405
AGH,weak,50/50,skew,16,4000000,16384,0.50,0.99,2.042509,1.958,5.208,10.637029
AGH,weak,50/50,uniform,1,250000,65536,0.50,0.00,0.037142,6.731,0.345,0.012797
AGH,weak,50/50,uniform,2,500000,65536,0.50,0.00,0.078338,6.383,0.468,0.036685
AGH,weak,50/50,uniform,4,1000000,65536,0.50,0.00,0.167284,5.978,0.696,0.116468
AGH,weak,50/50,uniform,8,2000000,65536,0.50,0.00,0.315748,6.334,1.450,0.457831
AGH,weak,50/50,uniform,16,4000000,65536,0.50,0.00,0.589218,6.789,3.645,2.147857
AGH,weak,50/50,skew,1,250000,65536,0.50,0.70,0.044788,5.582,0.413,0.018507
AGH,weak,50/50,skew,2,500000,65536,0.50,0.70,0.077251,6.472,0.646,0.049902
AGH,weak,50/50,skew,4,1000000,65536,0.50,0.70,0.174776,5.722,0.823,0.143920
AGH,weak,50/50,skew,8,2000000,65536,0.50,0.70,0.384118,5.207,1.375,0.528103
AGH,weak,50/50,skew,16,4000000,65536,0.50,0.70,0.860277,4.650,2.663,2.291273
AGH,weak,50/50,skew,1,250000,65536,0.50,0.90,0.042910,5.826,0.418,0.017948
AGH,weak,50/50,skew,2,500000,65536,0.50,0.90,0.073232,6.828,0.654,0.047900
AGH,weak,50/50,skew,4,1000000,65536,0.50,0.90,0.165554,6.040,0.882,0.146010
AGH,weak,50/50,skew,8,2000000,65536,0.50,0.90,0.376643,5.310,1.430,0.538413
AGH,weak,50/50,skew,16,4000000,65536,0.50,0.90,0.853336,4.687,2.725,2.324916
AGH,weak,50/50,skew,1,250000,65536,0.50,0.99,0.042138,5.933,0.422,0.017776
AGH,weak,50/50,skew,2,500000,65536,0.50,0.99,0.071711,6.972,0.669,0.047989
AGH,weak,50/50,skew,4,1000000,65536,0.50,0.99,0.160903,6.215,0.885,0.142334
AGH,weak,50/50,skew,8,2000000,65536,0.50,0.99,0.370457,5.399,1.403,0.519752
AGH,weak,50/50,skew,16,4000000,65536,0.50,0.99,0.854353,4.682,2.649,2.263250
AGH,weak,50/50,uniform,1,250000,262144,0.50,0.00,0.042209,5.923,0.252,0.010642
AGH,weak,50/50,uniform,2,500000,262144,0.50,0.00,0.066892,7.475,0.331,0.022117
AGH,weak,50/50,uniform,4,1000000,262144,0.50,0.00,0.109420,9.139,0.492,0.053823
AGH,weak,50/50,uniform,8,2000000,262144,0.50,0.00,0.200762,9.962,0.778,0.156123
AGH,weak,50/50,uniform,16,4000000,262144,0.50,0.00,0.400299,9.993,1.256,0.502622
AGH,weak,50/50,skew,1,250000,262144,0.50,0.70,0.047122,5.305,0.342,0.016093
AGH,weak,50/50,skew,2,500000,262144,0.50,0.70,0.066601,7.507,0.501,0.033384
AGH,weak,50/50,skew,4,1000000,262144,0.50,0.70,0.139050,7.192,0.554,0.076995
AGH,weak,50/50,skew,8,2000000,262144,0.50,0.70,0.327760,6.102,0.636,0.208565
AGH,weak,50/50,skew,16,4000000,262144,0.50,0.70,0.616302,6.490,0.994,0.612649
AGH,weak,50/50,skew,1,250000,262144,0.50,0.90,0.044742,5.588,0.344,0.015379
AGH,weak,50/50,skew,2,500000,262144,0.50,0.90,0.064201,7.788,0.499,0.032054
AGH,weak,50/50,skew,4,1000000,262144,0.50,0.90,0.132959,7.521,0.558,0.074212
AGH,weak,50/50,skew,8,2000000,262144,0.50,0.90,0.314560,6.358,0.649,0.204264
AGH,weak,50/50,skew,16,4000000,262144,0.50,0.90,0.594462,6.729,1.004,0.596893
AGH,weak,50/50,skew,1,250000,262144,0.50,0.99,0.043421,5.758,0.349,0.015160
AGH,weak,50/50,skew,2,500000,262144,0.50,0.99,0.063709,7.848,0.496,0.031624
AGH,weak,50/50,skew,4,1000000,262144,0.50,0.99,0.133041,7.516,0.547,0.072814
AGH,weak,50/50,skew,8,2000000,262144,0.50,0.99,0.310148,6.449,0.652,0.202215
AGH,weak,50/50,skew,16,4000000,262144,0.50,0.99,0.588830,6.793,1.021,0.601043
AGH,weak,50/50,uniform,1,250000,1048576,0.50,0.00,0.043130,5.796,0.247,0.010637
AGH,weak,50/50,uniform,2,500000,1048576,0.50,0.00,0.065856,7.592,0.324,0.021345
AGH,weak,50/50,uniform,4,1000000,1048576,0.50,0.00,0.097106,10.298,0.436,0.042379
AGH,weak,50/50,uniform,8,2000000,1048576,0.50,0.00,0.190875,10.478,0.464,0.088590
AGH,weak,50/50,uniform,16,4000000,1048576,0.50,0.00,0.357554,11.187,0.686,0.245340
AGH,weak,50/50,skew,1,250000,1048576,0.50,0.70,0.048445,5.161,0.335,0.016240
AGH,weak,50/50,skew,2,500000,1048576,0.50,0.70,0.062060,8.057,0.514,0.031913
AGH,weak,50/50,skew,4,1000000,1048576,0.50,0.70,0.131242,7.620,0.486,0.063828
AGH,weak,50/50,skew,8,2000000,1048576,0.50,0.70,0.321052,6.230,0.428,0.137334
AGH,weak,50/50,skew,16,4000000,1048576,0.50,0.70,0.585602,6.831,0.579,0.339102
AGH,weak,50/50,skew,1,250000,1048576,0.50,0.90,0.045904,5.446,0.334,0.015352
AGH,weak,50/50,skew,2,500000,1048576,0.50,0.90,0.059462,8.409,0.516,0.030700
AGH,weak,50/50,skew,4,1000000,1048576,0.50,0.90,0.125339,7.978,0.489,0.061297
AGH,weak,50/50,skew,8,2000000,1048576,0.50,0.90,0.307755,6.499,0.429,0.132034
AGH,weak,50/50,skew,16,4000000,1048576,0.50,0.90,0.561535,7.123,0.590,0.331538
AGH,weak,50/50,skew,1,250000,1048576,0.50,0.99,0.044612,5.604,0.339,0.015101
AGH,weak,50/50,skew,2,500000,1048576,0.50,0.99,0.058716,8.516,0.515,0.030214
AGH,weak,50/50,skew,4,1000000,1048576,0.50,0.99,0.124486,8.033,0.485,0.060329
AGH,weak,50/50,skew,8,2000000,1048576,0.50,0.99,0.303177,6.597,0.428,0.129883
AGH,weak,50/50,skew,16,4000000,1048576,0.50,0.99,0.549073,7.285,0.600,0.329582
CSV_RESULTS_END
