AGH            strong  80/20 uniform  T= 1 ops= 2000000 buckets=  16384  time=3.0495  thr=0.66 Mops  speedup=0.46
AGH            strong  80/20 uniform  T= 2 ops= 2000000 buckets=  16384  time=1.4621  thr=1.37 Mops  speedup=0.95
AGH            strong  80/20 uniform  T= 4 ops= 2000000 buckets=  16384  time=0.7872  thr=2.54 Mops  speedup=1.76
AGH            strong  80/20 uniform  T= 8 ops= 2000000 buckets=  16384  time=0.4261  thr=4.69 Mops  speedup=3.26
AGH            strong  80/20 uniform  T=16 ops= 2000000 buckets=  16384  time=0.2450  thr=8.16 Mops  speedup=5.67
AGH            strong  80/20    skew  T= 1 ops= 2000000 buckets=  16384 p_hot=0.70  time=2.5838  thr=0.77 Mops  speedup=0.54
AGH            strong  80/20    skew  T= 2 ops= 2000000 buckets=  16384 p_hot=0.70  time=1.4374  thr=1.39 Mops  speedup=0.97
AGH            strong  80/20    skew  T= 4 ops= 2000000 buckets=  16384 p_hot=0.70  time=0.8552  thr=2.34 Mops  speedup=1.62
AGH            strong  80/20    skew  T= 8 ops= 2000000 buckets=  16384 p_hot=0.70  time=0.6027  thr=3.32 Mops  speedup=2.31
AGH            strong  80/20    skew  T=16 ops= 2000000 buckets=  16384 p_hot=0.70  time=0.4910  thr=4.07 Mops  speedup=2.83
AGH            strong  80/20    skew  T= 1 ops= 2000000 buckets=  16384 p_hot=0.90  time=2.0960  thr=0.95 Mops  speedup=0.66
AGH            strong  80/20    skew  T= 2 ops= 2000000 buckets=  16384 p_hot=0.90  time=1.2143  thr=1.65 Mops  speedup=1.14
AGH            strong  80/20    skew  T= 4 ops= 2000000 buckets=  16384 p_hot=0.90  time=0.7720  thr=2.59 Mops  speedup=1.80
AGH            strong  80/20    skew  T= 8 ops= 2000000 buckets=  16384 p_hot=0.90  time=0.5757  thr=3.47 Mops  speedup=2.41
AGH            strong  80/20    skew  T=16 ops= 2000000 buckets=  16384 p_hot=0.90  time=0.4803  thr=4.16 Mops  speedup=2.89
AGH            strong  80/20    skew  T= 1 ops= 2000000 buckets=  16384 p_hot=0.99  time=1.8813  thr=1.06 Mops  speedup=0.74
AGH            strong  80/20    skew  T= 2 ops= 2000000 buckets=  16384 p_hot=0.99  time=1.1014  thr=1.82 Mops  speedup=1.26
AGH            strong  80/20    skew  T= 4 ops= 2000000 buckets=  16384 p_hot=0.99  time=0.7110  thr=2.81 Mops  speedup=1.95
AGH            strong  80/20    skew  T= 8 ops= 2000000 buckets=  16384 p_hot=0.99  time=0.5775  thr=3.46 Mops  speedup=2.40
AGH            strong  80/20    skew  T=16 ops= 2000000 buckets=  16384 p_hot=0.99  time=0.4938  thr=4.05 Mops  speedup=2.81
AGH            strong  80/20 uniform  T= 1 ops= 2000000 buckets=  65536  time=0.7937  thr=2.52 Mops  speedup=0.38
AGH            strong  80/20 uniform  T= 2 ops= 2000000 buckets=  65536  time=0.5433  thr=3.68 Mops  speedup=0.56
AGH            strong  80/20 uniform  T= 4 ops= 2000000 buckets=  65536  time=0.3283  thr=6.09 Mops  speedup=0.92
AGH            strong  80/20 uniform  T= 8 ops= 2000000 buckets=  65536  time=0.1974  thr=10.13 Mops  speedup=1.53
AGH            strong  80/20 uniform  T=16 ops= 2000000 buckets=  65536  time=0.1227  thr=16.31 Mops  speedup=2.46
AGH            strong  80/20    skew  T= 1 ops= 2000000 buckets=  65536 p_hot=0.70  time=0.9015  thr=2.22 Mops  speedup=0.40
AGH            strong  80/20    skew  T= 2 ops= 2000000 buckets=  65536 p_hot=0.70  time=0.5023  thr=3.98 Mops  speedup=0.71
AGH            strong  80/20    skew  T= 4 ops= 2000000 buckets=  65536 p_hot=0.70  time=0.3670  thr=5.45 Mops  speedup=0.97
AGH            strong  80/20    skew  T= 8 ops= 2000000 buckets=  65536 p_hot=0.70  time=0.3159  thr=6.33 Mops  speedup=1.13
AGH            strong  80/20    skew  T=16 ops= 2000000 buckets=  65536 p_hot=0.70  time=0.2965  thr=6.74 Mops  speedup=1.20
AGH            strong  80/20    skew  T= 1 ops= 2000000 buckets=  65536 p_hot=0.90  time=0.7691  thr=2.60 Mops  speedup=0.47
AGH            strong  80/20    skew  T= 2 ops= 2000000 buckets=  65536 p_hot=0.90  time=0.4405  thr=4.54 Mops  speedup=0.82
AGH            strong  80/20    skew  T= 4 ops= 2000000 buckets=  65536 p_hot=0.90  time=0.3552  thr=5.63 Mops  speedup=1.02
AGH            strong  80/20    skew  T= 8 ops= 2000000 buckets=  65536 p_hot=0.90  time=0.3166  thr=6.32 Mops  speedup=1.14
AGH            strong  80/20    skew  T=16 ops= 2000000 buckets=  65536 p_hot=0.90  time=0.2944  thr=6.79 Mops  speedup=1.23
AGH            strong  80/20    skew  T= 1 ops= 2000000 buckets=  65536 p_hot=0.99  time=0.7104  thr=2.82 Mops  speedup=0.51
AGH            strong  80/20    skew  T= 2 ops= 2000000 buckets=  65536 p_hot=0.99  time=0.4107  thr=4.87 Mops  speedup=0.88
AGH            strong  80/20    skew  T= 4 ops= 2000000 buckets=  65536 p_hot=0.99  time=0.3382  thr=5.91 Mops  speedup=1.07
AGH            strong  80/20    skew  T= 8 ops= 2000000 buckets=  65536 p_hot=0.99  time=0.3216  thr=6.22 Mops  speedup=1.12
AGH            strong  80/20    skew  T=16 ops= 2000000 buckets=  65536 p_hot=0.99  time=0.2923  thr=6.84 Mops  speedup=1.23
AGH            strong  80/20 uniform  T= 1 ops= 2000000 buckets= 262144  time=0.3990  thr=5.01 Mops  speedup=0.27
AGH            strong  80/20 uniform  T= 2 ops= 2000000 buckets= 262144  time=0.2960  thr=6.76 Mops  speedup=0.37
AGH            strong  80/20 uniform  T= 4 ops= 2000000 buckets= 262144  time=0.1888  thr=10.59 Mops  speedup=0.58
AGH            strong  80/20 uniform  T= 8 ops= 2000000 buckets= 262144  time=0.1147  thr=17.43 Mops  speedup=0.96
AGH            strong  80/20 uniform  T=16 ops= 2000000 buckets= 262144  time=0.0684  thr=29.25 Mops  speedup=1.60
AGH            strong  80/20    skew  T= 1 ops= 2000000 buckets= 262144 p_hot=0.70  time=0.5194  thr=3.85 Mops  speedup=0.30
AGH            strong  80/20    skew  T= 2 ops= 2000000 buckets= 262144 p_hot=0.70  time=0.2958  thr=6.76 Mops  speedup=0.52
AGH            strong  80/20    skew  T= 4 ops= 2000000 buckets= 262144 p_hot=0.70  time=0.2717  thr=7.36 Mops  speedup=0.57
AGH            strong  80/20    skew  T= 8 ops= 2000000 buckets= 262144 p_hot=0.70  time=0.2853  thr=7.01 Mops  speedup=0.54
AGH            strong  80/20    skew  T=16 ops= 2000000 buckets= 262144 p_hot=0.70  time=0.2716  thr=7.36 Mops  speedup=0.57
AGH            strong  80/20    skew  T= 1 ops= 2000000 buckets= 262144 p_hot=0.90  time=0.4750  thr=4.21 Mops  speedup=0.31
AGH            strong  80/20    skew  T= 2 ops= 2000000 buckets= 262144 p_hot=0.90  time=0.2743  thr=7.29 Mops  speedup=0.54
AGH            strong  80/20    skew  T= 4 ops= 2000000 buckets= 262144 p_hot=0.90  time=0.2581  thr=7.75 Mops  speedup=0.57
AGH            strong  80/20    skew  T= 8 ops= 2000000 buckets= 262144 p_hot=0.90  time=0.2829  thr=7.07 Mops  speedup=0.52
AGH            strong  80/20    skew  T=16 ops= 2000000 buckets= 262144 p_hot=0.90  time=0.2715  thr=7.37 Mops  speedup=0.55
AGH            strong  80/20    skew  T= 1 ops= 2000000 buckets= 262144 p_hot=0.99  time=0.4519  thr=4.43 Mops  speedup=0.32
AGH            strong  80/20    skew  T= 2 ops= 2000000 buckets= 262144 p_hot=0.99  time=0.2621  thr=7.63 Mops  speedup=0.56
AGH            strong  80/20    skew  T= 4 ops= 2000000 buckets= 262144 p_hot=0.99  time=0.2533  thr=7.89 Mops  speedup=0.58
AGH            strong  80/20    skew  T= 8 ops= 2000000 buckets= 262144 p_hot=0.99  time=0.2831  thr=7.07 Mops  speedup=0.52
AGH            strong  80/20    skew  T=16 ops= 2000000 buckets= 262144 p_hot=0.99  time=0.2701  thr=7.41 Mops  speedup=0.54
AGH            strong  80/20 uniform  T= 1 ops= 2000000 buckets=1048576  time=0.3500  thr=5.71 Mops  speedup=0.17
AGH            strong  80/20 uniform  T= 2 ops= 2000000 buckets=1048576  time=0.2453  thr=8.15 Mops  speedup=0.24
AGH            strong  80/20 uniform  T= 4 ops= 2000000 buckets=1048576  time=0.1430  thr=13.99 Mops  speedup=0.41
AGH            strong  80/20 uniform  T= 8 ops= 2000000 buckets=1048576  time=0.0782  thr=25.57 Mops  speedup=0.75
AGH            strong  80/20 uniform  T=16 ops= 2000000 buckets=1048576  time=0.0476  thr=42.03 Mops  speedup=1.24
AGH            strong  80/20    skew  T= 1 ops= 2000000 buckets=1048576 p_hot=0.70  time=0.4310  thr=4.64 Mops  speedup=0.23
AGH            strong  80/20    skew  T= 2 ops= 2000000 buckets=1048576 p_hot=0.70  time=0.2510  thr=7.97 Mops  speedup=0.40
AGH            strong  80/20    skew  T= 4 ops= 2000000 buckets=1048576 p_hot=0.70  time=0.2562  thr=7.81 Mops  speedup=0.39
AGH            strong  80/20    skew  T= 8 ops= 2000000 buckets=1048576 p_hot=0.70  time=0.2762  thr=7.24 Mops  speedup=0.37
AGH            strong  80/20    skew  T=16 ops= 2000000 buckets=1048576 p_hot=0.70  time=0.2569  thr=7.78 Mops  speedup=0.39
AGH            strong  80/20    skew  T= 1 ops= 2000000 buckets=1048576 p_hot=0.90  time=0.4034  thr=4.96 Mops  speedup=0.24
AGH            strong  80/20    skew  T= 2 ops= 2000000 buckets=1048576 p_hot=0.90  time=0.2386  thr=8.38 Mops  speedup=0.40
AGH            strong  80/20    skew  T= 4 ops= 2000000 buckets=1048576 p_hot=0.90  time=0.2480  thr=8.07 Mops  speedup=0.39
AGH            strong  80/20    skew  T= 8 ops= 2000000 buckets=1048576 p_hot=0.90  time=0.2797  thr=7.15 Mops  speedup=0.34
AGH            strong  80/20    skew  T=16 ops= 2000000 buckets=1048576 p_hot=0.90  time=0.2546  thr=7.86 Mops  speedup=0.38
AGH            strong  80/20    skew  T= 1 ops= 2000000 buckets=1048576 p_hot=0.99  time=0.3854  thr=5.19 Mops  speedup=0.24
AGH            strong  80/20    skew  T= 2 ops= 2000000 buckets=1048576 p_hot=0.99  time=0.2319  thr=8.63 Mops  speedup=0.41
AGH            strong  80/20    skew  T= 4 ops= 2000000 buckets=1048576 p_hot=0.99  time=0.2442  thr=8.19 Mops  speedup=0.39
AGH            strong  80/20    skew  T= 8 ops= 2000000 buckets=1048576 p_hot=0.99  time=0.2790  thr=7.17 Mops  speedup=0.34
AGH            strong  80/20    skew  T=16 ops= 2000000 buckets=1048576 p_hot=0.99  time=0.2540  thr=7.88 Mops  speedup=0.37
AGH            strong  50/50 uniform  T= 1 ops= 2000000 buckets=  16384  time=3.7372  thr=0.54 Mops  speedup=0.73
AGH            strong  50/50 uniform  T= 2 ops= 2000000 buckets=  16384  time=2.1743  thr=0.92 Mops  speedup=1.25
AGH            strong  50/50 uniform  T= 4 ops= 2000000 buckets=  16384  time=1.3889  thr=1.44 Mops  speedup=1.96
AGH            strong  50/50 uniform  T= 8 ops= 2000000 buckets=  16384  time=0.7789  thr=2.57 Mops  speedup=3.49
AGH            strong  50/50 uniform  T=16 ops= 2000000 buckets=  16384  time=0.5219  thr=3.83 Mops  speedup=5.21
AGH            strong  50/50    skew  T= 1 ops= 2000000 buckets=  16384 p_hot=0.70  time=3.7954  thr=0.53 Mops  speedup=0.73
AGH            strong  50/50    skew  T= 2 ops= 2000000 buckets=  16384 p_hot=0.70  time=2.1427  thr=0.93 Mops  speedup=1.29
AGH            strong  50/50    skew  T= 4 ops= 2000000 buckets=  16384 p_hot=0.70  time=1.3027  thr=1.54 Mops  speedup=2.12
AGH            strong  50/50    skew  T= 8 ops= 2000000 buckets=  16384 p_hot=0.70  time=0.8228  thr=2.43 Mops  speedup=3.36
AGH            strong  50/50    skew  T=16 ops= 2000000 buckets=  16384 p_hot=0.70  time=0.6296  thr=3.18 Mops  speedup=4.39
AGH            strong  50/50    skew  T= 1 ops= 2000000 buckets=  16384 p_hot=0.90  time=3.5040  thr=0.57 Mops  speedup=0.79
AGH            strong  50/50    skew  T= 2 ops= 2000000 buckets=  16384 p_hot=0.90  time=2.0013  thr=1.00 Mops  speedup=1.38
AGH            strong  50/50    skew  T= 4 ops= 2000000 buckets=  16384 p_hot=0.90  time=1.2597  thr=1.59 Mops  speedup=2.19
AGH            strong  50/50    skew  T= 8 ops= 2000000 buckets=  16384 p_hot=0.90  time=0.8204  thr=2.44 Mops  speedup=3.36
AGH            strong  50/50    skew  T=16 ops= 2000000 buckets=  16384 p_hot=0.90  time=0.6309  thr=3.17 Mops  speedup=4.37
AGH            strong  50/50    skew  T= 1 ops= 2000000 buckets=  16384 p_hot=0.99  time=3.3555  thr=0.60 Mops  speedup=0.82
AGH            strong  50/50    skew  T= 2 ops= 2000000 buckets=  16384 p_hot=0.99  time=1.9235  thr=1.04 Mops  speedup=1.43
AGH            strong  50/50    skew  T= 4 ops= 2000000 buckets=  16384 p_hot=0.99  time=1.2269  thr=1.63 Mops  speedup=2.24
AGH            strong  50/50    skew  T= 8 ops= 2000000 buckets=  16384 p_hot=0.99  time=0.8105  thr=2.47 Mops  speedup=3.39
AGH            strong  50/50    skew  T=16 ops= 2000000 buckets=  16384 p_hot=0.99  time=0.6279  thr=3.19 Mops  speedup=4.38
AGH            strong  50/50 uniform  T= 1 ops= 2000000 buckets=  65536  time=1.0033  thr=1.99 Mops  speedup=0.48
AGH            strong  50/50 uniform  T= 2 ops= 2000000 buckets=  65536  time=0.7243  thr=2.76 Mops  speedup=0.67
AGH            strong  50/50 uniform  T= 4 ops= 2000000 buckets=  65536  time=0.4485  thr=4.46 Mops  speedup=1.08
AGH            strong  50/50 uniform  T= 8 ops= 2000000 buckets=  65536  time=0.2602  thr=7.69 Mops  speedup=1.86
AGH            strong  50/50 uniform  T=16 ops= 2000000 buckets=  65536  time=0.1768  thr=11.31 Mops  speedup=2.74
AGH            strong  50/50    skew  T= 1 ops= 2000000 buckets=  65536 p_hot=0.70  time=1.0493  thr=1.91 Mops  speedup=0.54
AGH            strong  50/50    skew  T= 2 ops= 2000000 buckets=  65536 p_hot=0.70  time=0.6967  thr=2.87 Mops  speedup=0.81
AGH            strong  50/50    skew  T= 4 ops= 2000000 buckets=  65536 p_hot=0.70  time=0.5066  thr=3.95 Mops  speedup=1.11
AGH            strong  50/50    skew  T= 8 ops= 2000000 buckets=  65536 p_hot=0.70  time=0.3795  thr=5.27 Mops  speedup=1.49
AGH            strong  50/50    skew  T=16 ops= 2000000 buckets=  65536 p_hot=0.70  time=0.3726  thr=5.37 Mops  speedup=1.51
AGH            strong  50/50    skew  T= 1 ops= 2000000 buckets=  65536 p_hot=0.90  time=0.8960  thr=2.23 Mops  speedup=0.57
AGH            strong  50/50    skew  T= 2 ops= 2000000 buckets=  65536 p_hot=0.90  time=0.6517  thr=3.07 Mops  speedup=0.78
AGH            strong  50/50    skew  T= 4 ops= 2000000 buckets=  65536 p_hot=0.90  time=0.4907  thr=4.08 Mops  speedup=1.04
AGH            strong  50/50    skew  T= 8 ops= 2000000 buckets=  65536 p_hot=0.90  time=0.3800  thr=5.26 Mops  speedup=1.34
AGH            strong  50/50    skew  T=16 ops= 2000000 buckets=  65536 p_hot=0.90  time=0.3704  thr=5.40 Mops  speedup=1.37
AGH            strong  50/50    skew  T= 1 ops= 2000000 buckets=  65536 p_hot=0.99  time=0.8536  thr=2.34 Mops  speedup=0.59
AGH            strong  50/50    skew  T= 2 ops= 2000000 buckets=  65536 p_hot=0.99  time=0.6306  thr=3.17 Mops  speedup=0.80
AGH            strong  50/50    skew  T= 4 ops= 2000000 buckets=  65536 p_hot=0.99  time=0.4658  thr=4.29 Mops  speedup=1.09
AGH            strong  50/50    skew  T= 8 ops= 2000000 buckets=  65536 p_hot=0.99  time=0.3788  thr=5.28 Mops  speedup=1.34
AGH            strong  50/50    skew  T=16 ops= 2000000 buckets=  65536 p_hot=0.99  time=0.3708  thr=5.39 Mops  speedup=1.37
AGH            strong  50/50 uniform  T= 1 ops= 2000000 buckets= 262144  time=0.4231  thr=4.73 Mops  speedup=0.35
AGH            strong  50/50 uniform  T= 2 ops= 2000000 buckets= 262144  time=0.3492  thr=5.73 Mops  speedup=0.42
AGH            strong  50/50 uniform  T= 4 ops= 2000000 buckets= 262144  time=0.2294  thr=8.72 Mops  speedup=0.64
AGH            strong  50/50 uniform  T= 8 ops= 2000000 buckets= 262144  time=0.1402  thr=14.27 Mops  speedup=1.05
AGH            strong  50/50 uniform  T=16 ops= 2000000 buckets= 262144  time=0.1060  thr=18.87 Mops  speedup=1.39
AGH            strong  50/50    skew  T= 1 ops= 2000000 buckets= 262144 p_hot=0.70  time=0.5172  thr=3.87 Mops  speedup=0.41
AGH            strong  50/50    skew  T= 2 ops= 2000000 buckets= 262144 p_hot=0.70  time=0.3562  thr=5.61 Mops  speedup=0.60
AGH            strong  50/50    skew  T= 4 ops= 2000000 buckets= 262144 p_hot=0.70  time=0.3221  thr=6.21 Mops  speedup=0.66
AGH            strong  50/50    skew  T= 8 ops= 2000000 buckets= 262144 p_hot=0.70  time=0.3322  thr=6.02 Mops  speedup=0.64
AGH            strong  50/50    skew  T=16 ops= 2000000 buckets= 262144 p_hot=0.70  time=0.3238  thr=6.18 Mops  speedup=0.66
AGH            strong  50/50    skew  T= 1 ops= 2000000 buckets= 262144 p_hot=0.90  time=0.4882  thr=4.10 Mops  speedup=0.40
AGH            strong  50/50    skew  T= 2 ops= 2000000 buckets= 262144 p_hot=0.90  time=0.3394  thr=5.89 Mops  speedup=0.57
AGH            strong  50/50    skew  T= 4 ops= 2000000 buckets= 262144 p_hot=0.90  time=0.3107  thr=6.44 Mops  speedup=0.62
AGH            strong  50/50    skew  T= 8 ops= 2000000 buckets= 262144 p_hot=0.90  time=0.3311  thr=6.04 Mops  speedup=0.59
AGH            strong  50/50    skew  T=16 ops= 2000000 buckets= 262144 p_hot=0.90  time=0.3208  thr=6.24 Mops  speedup=0.61
AGH            strong  50/50    skew  T= 1 ops= 2000000 buckets= 262144 p_hot=0.99  time=0.4706  thr=4.25 Mops  speedup=0.41
AGH            strong  50/50    skew  T= 2 ops= 2000000 buckets= 262144 p_hot=0.99  time=0.3326  thr=6.01 Mops  speedup=0.58
AGH            strong  50/50    skew  T= 4 ops= 2000000 buckets= 262144 p_hot=0.99  time=0.3081  thr=6.49 Mops  speedup=0.62
AGH            strong  50/50    skew  T= 8 ops= 2000000 buckets= 262144 p_hot=0.99  time=0.3286  thr=6.09 Mops  speedup=0.59
AGH            strong  50/50    skew  T=16 ops= 2000000 buckets= 262144 p_hot=0.99  time=0.3206  thr=6.24 Mops  speedup=0.60
AGH            strong  50/50 uniform  T= 1 ops= 2000000 buckets=1048576  time=0.3677  thr=5.44 Mops  speedup=0.28
AGH            strong  50/50 uniform  T= 2 ops= 2000000 buckets=1048576  time=0.2716  thr=7.37 Mops  speedup=0.37
AGH            strong  50/50 uniform  T= 4 ops= 2000000 buckets=1048576  time=0.1653  thr=12.10 Mops  speedup=0.61
AGH            strong  50/50 uniform  T= 8 ops= 2000000 buckets=1048576  time=0.1040  thr=19.23 Mops  speedup=0.98
AGH            strong  50/50 uniform  T=16 ops= 2000000 buckets=1048576  time=0.1058  thr=18.90 Mops  speedup=0.96
AGH            strong  50/50    skew  T= 1 ops= 2000000 buckets=1048576 p_hot=0.70  time=0.4424  thr=4.52 Mops  speedup=0.30
AGH            strong  50/50    skew  T= 2 ops= 2000000 buckets=1048576 p_hot=0.70  time=0.2865  thr=6.98 Mops  speedup=0.47
AGH            strong  50/50    skew  T= 4 ops= 2000000 buckets=1048576 p_hot=0.70  time=0.2951  thr=6.78 Mops  speedup=0.45
AGH            strong  50/50    skew  T= 8 ops= 2000000 buckets=1048576 p_hot=0.70  time=0.3233  thr=6.19 Mops  speedup=0.41
AGH            strong  50/50    skew  T=16 ops= 2000000 buckets=1048576 p_hot=0.70  time=0.3085  thr=6.48 Mops  speedup=0.43
AGH            strong  50/50    skew  T= 1 ops= 2000000 buckets=1048576 p_hot=0.90  time=0.4267  thr=4.69 Mops  speedup=0.30
AGH            strong  50/50    skew  T= 2 ops= 2000000 buckets=1048576 p_hot=0.90  time=0.2782  thr=7.19 Mops  speedup=0.46
AGH            strong  50/50    skew  T= 4 ops= 2000000 buckets=1048576 p_hot=0.90  time=0.2894  thr=6.91 Mops  speedup=0.44
AGH            strong  50/50    skew  T= 8 ops= 2000000 buckets=1048576 p_hot=0.90  time=0.3228  thr=6.20 Mops  speedup=0.40
AGH            strong  50/50    skew  T=16 ops= 2000000 buckets=1048576 p_hot=0.90  time=0.3040  thr=6.58 Mops  speedup=0.42
AGH            strong  50/50    skew  T= 1 ops= 2000000 buckets=1048576 p_hot=0.99  time=0.4195  thr=4.77 Mops  speedup=0.30
AGH            strong  50/50    skew  T= 2 ops= 2000000 buckets=1048576 p_hot=0.99  time=0.2753  thr=7.27 Mops  speedup=0.46
AGH            strong  50/50    skew  T= 4 ops= 2000000 buckets=1048576 p_hot=0.99  time=0.2867  thr=6.97 Mops  speedup=0.44
AGH            strong  50/50    skew  T= 8 ops= 2000000 buckets=1048576 p_hot=0.99  time=0.3225  thr=6.20 Mops  speedup=0.39
AGH            strong  50/50    skew  T=16 ops= 2000000 buckets=1048576 p_hot=0.99  time=0.3032  thr=6.60 Mops  speedup=0.42
AGH            weak  80/20 uniform  T= 1 ops=  250000 buckets=  16384  time=0.0396  thr=6.31 Mops  speedup=0.29
AGH            weak  80/20 uniform  T= 2 ops=  500000 buckets=  16384  time=0.1208  thr=4.14 Mops  speedup=0.36
AGH            weak  80/20 uniform  T= 4 ops= 1000000 buckets=  16384  time=0.2634  thr=3.80 Mops  speedup=0.99
AGH            weak  80/20 uniform  T= 8 ops= 2000000 buckets=  16384  time=0.5454  thr=3.67 Mops  speedup=2.23
AGH            weak  80/20 uniform  T=16 ops= 4000000 buckets=  16384  time=1.4595  thr=2.74 Mops  speedup=3.58
AGH            weak  80/20    skew  T= 1 ops=  250000 buckets=  16384 p_hot=0.70  time=0.0497  thr=5.03 Mops  speedup=0.35
AGH            weak  80/20    skew  T= 2 ops=  500000 buckets=  16384 p_hot=0.70  time=0.1074  thr=4.65 Mops  speedup=0.52
AGH            weak  80/20    skew  T= 4 ops= 1000000 buckets=  16384 p_hot=0.70  time=0.2508  thr=3.99 Mops  speedup=1.13
AGH            weak  80/20    skew  T= 8 ops= 2000000 buckets=  16384 p_hot=0.70  time=0.6006  thr=3.33 Mops  speedup=2.11
AGH            weak  80/20    skew  T=16 ops= 4000000 buckets=  16384 p_hot=0.70  time=1.6050  thr=2.49 Mops  speedup=3.32
AGH            weak  80/20    skew  T= 1 ops=  250000 buckets=  16384 p_hot=0.90  time=0.0455  thr=5.50 Mops  speedup=0.38
AGH            weak  80/20    skew  T= 2 ops=  500000 buckets=  16384 p_hot=0.90  time=0.0938  thr=5.33 Mops  speedup=0.59
AGH            weak  80/20    skew  T= 4 ops= 1000000 buckets=  16384 p_hot=0.90  time=0.2271  thr=4.40 Mops  speedup=1.30
AGH            weak  80/20    skew  T= 8 ops= 2000000 buckets=  16384 p_hot=0.90  time=0.5878  thr=3.40 Mops  speedup=2.16
AGH            weak  80/20    skew  T=16 ops= 4000000 buckets=  16384 p_hot=0.90  time=1.6012  thr=2.50 Mops  speedup=3.35
AGH            weak  80/20    skew  T= 1 ops=  250000 buckets=  16384 p_hot=0.99  time=0.0425  thr=5.88 Mops  speedup=0.39
AGH            weak  80/20    skew  T= 2 ops=  500000 buckets=  16384 p_hot=0.99  time=0.0880  thr=5.68 Mops  speedup=0.62
AGH            weak  80/20    skew  T= 4 ops= 1000000 buckets=  16384 p_hot=0.99  time=0.2177  thr=4.59 Mops  speedup=1.34
AGH            weak  80/20    skew  T= 8 ops= 2000000 buckets=  16384 p_hot=0.99  time=0.5813  thr=3.44 Mops  speedup=2.19
AGH            weak  80/20    skew  T=16 ops= 4000000 buckets=  16384 p_hot=0.99  time=1.6006  thr=2.50 Mops  speedup=3.34
AGH            weak  80/20 uniform  T= 1 ops=  250000 buckets=  65536  time=0.0307  thr=8.13 Mops  speedup=0.24
AGH            weak  80/20 uniform  T= 2 ops=  500000 buckets=  65536  time=0.0640  thr=7.81 Mops  speedup=0.32
AGH            weak  80/20 uniform  T= 4 ops= 1000000 buckets=  65536  time=0.1177  thr=8.50 Mops  speedup=0.62
AGH            weak  80/20 uniform  T= 8 ops= 2000000 buckets=  65536  time=0.1963  thr=10.19 Mops  speedup=1.38
AGH            weak  80/20 uniform  T=16 ops= 4000000 buckets=  65536  time=0.4130  thr=9.69 Mops  speedup=3.11
AGH            weak  80/20    skew  T= 1 ops=  250000 buckets=  65536 p_hot=0.70  time=0.0406  thr=6.16 Mops  speedup=0.32
AGH            weak  80/20    skew  T= 2 ops=  500000 buckets=  65536 p_hot=0.70  time=0.0632  thr=7.91 Mops  speedup=0.52
AGH            weak  80/20    skew  T= 4 ops= 1000000 buckets=  65536 p_hot=0.70  time=0.1386  thr=7.22 Mops  speedup=0.70
AGH            weak  80/20    skew  T= 8 ops= 2000000 buckets=  65536 p_hot=0.70  time=0.3183  thr=6.28 Mops  speedup=1.00
AGH            weak  80/20    skew  T=16 ops= 4000000 buckets=  65536 p_hot=0.70  time=0.7514  thr=5.32 Mops  speedup=1.85
AGH            weak  80/20    skew  T= 1 ops=  250000 buckets=  65536 p_hot=0.90  time=0.0377  thr=6.62 Mops  speedup=0.33
AGH            weak  80/20    skew  T= 2 ops=  500000 buckets=  65536 p_hot=0.90  time=0.0581  thr=8.60 Mops  speedup=0.54
AGH            weak  80/20    skew  T= 4 ops= 1000000 buckets=  65536 p_hot=0.90  time=0.1306  thr=7.66 Mops  speedup=0.73
AGH            weak  80/20    skew  T= 8 ops= 2000000 buckets=  65536 p_hot=0.90  time=0.3155  thr=6.34 Mops  speedup=0.99
AGH            weak  80/20    skew  T=16 ops= 4000000 buckets=  65536 p_hot=0.90  time=0.7475  thr=5.35 Mops  speedup=1.85
AGH            weak  80/20    skew  T= 1 ops=  250000 buckets=  65536 p_hot=0.99  time=0.0362  thr=6.90 Mops  speedup=0.34
AGH            weak  80/20    skew  T= 2 ops=  500000 buckets=  65536 p_hot=0.99  time=0.0556  thr=8.99 Mops  speedup=0.56
AGH            weak  80/20    skew  T= 4 ops= 1000000 buckets=  65536 p_hot=0.99  time=0.1268  thr=7.88 Mops  speedup=0.74
AGH            weak  80/20    skew  T= 8 ops= 2000000 buckets=  65536 p_hot=0.99  time=0.3196  thr=6.26 Mops  speedup=0.99
AGH            weak  80/20    skew  T=16 ops= 4000000 buckets=  65536 p_hot=0.99  time=0.7495  thr=5.34 Mops  speedup=1.85
AGH            weak  80/20 uniform  T= 1 ops=  250000 buckets= 262144  time=0.0371  thr=6.73 Mops  speedup=0.17
AGH            weak  80/20 uniform  T= 2 ops=  500000 buckets= 262144  time=0.0593  thr=8.44 Mops  speedup=0.23
AGH            weak  80/20 uniform  T= 4 ops= 1000000 buckets= 262144  time=0.0825  thr=12.12 Mops  speedup=0.40
AGH            weak  80/20 uniform  T= 8 ops= 2000000 buckets= 262144  time=0.1145  thr=17.46 Mops  speedup=0.82
AGH            weak  80/20 uniform  T=16 ops= 4000000 buckets= 262144  time=0.1878  thr=21.30 Mops  speedup=1.70
AGH            weak  80/20    skew  T= 1 ops=  250000 buckets= 262144 p_hot=0.70  time=0.0417  thr=6.00 Mops  speedup=0.29
AGH            weak  80/20    skew  T= 2 ops=  500000 buckets= 262144 p_hot=0.70  time=0.0560  thr=8.93 Mops  speedup=0.45
AGH            weak  80/20    skew  T= 4 ops= 1000000 buckets= 262144 p_hot=0.70  time=0.1266  thr=7.90 Mops  speedup=0.45
AGH            weak  80/20    skew  T= 8 ops= 2000000 buckets= 262144 p_hot=0.70  time=0.2860  thr=6.99 Mops  speedup=0.52
AGH            weak  80/20    skew  T=16 ops= 4000000 buckets= 262144 p_hot=0.70  time=0.5612  thr=7.13 Mops  speedup=0.76
AGH            weak  80/20    skew  T= 1 ops=  250000 buckets= 262144 p_hot=0.90  time=0.0379  thr=6.60 Mops  speedup=0.30
AGH            weak  80/20    skew  T= 2 ops=  500000 buckets= 262144 p_hot=0.90  time=0.0526  thr=9.51 Mops  speedup=0.46
AGH            weak  80/20    skew  T= 4 ops= 1000000 buckets= 262144 p_hot=0.90  time=0.1220  thr=8.20 Mops  speedup=0.44
AGH            weak  80/20    skew  T= 8 ops= 2000000 buckets= 262144 p_hot=0.90  time=0.2859  thr=6.99 Mops  speedup=0.51
AGH            weak  80/20    skew  T=16 ops= 4000000 buckets= 262144 p_hot=0.90  time=0.5641  thr=7.09 Mops  speedup=0.73
AGH            weak  80/20    skew  T= 1 ops=  250000 buckets= 262144 p_hot=0.99  time=0.0360  thr=6.95 Mops  speedup=0.31
AGH            weak  80/20    skew  T= 2 ops=  500000 buckets= 262144 p_hot=0.99  time=0.0511  thr=9.78 Mops  speedup=0.47
AGH            weak  80/20    skew  T= 4 ops= 1000000 buckets= 262144 p_hot=0.99  time=0.1193  thr=8.38 Mops  speedup=0.45
AGH            weak  80/20    skew  T= 8 ops= 2000000 buckets= 262144 p_hot=0.99  time=0.2830  thr=7.07 Mops  speedup=0.50
AGH            weak  80/20    skew  T=16 ops= 4000000 buckets= 262144 p_hot=0.99  time=0.5619  thr=7.12 Mops  speedup=0.73
AGH            weak  80/20 uniform  T= 1 ops=  250000 buckets=1048576  time=0.0383  thr=6.53 Mops  speedup=0.17
AGH            weak  80/20 uniform  T= 2 ops=  500000 buckets=1048576  time=0.0611  thr=8.19 Mops  speedup=0.21
AGH            weak  80/20 uniform  T= 4 ops= 1000000 buckets=1048576  time=0.0723  thr=13.84 Mops  speedup=0.35
AGH            weak  80/20 uniform  T= 8 ops= 2000000 buckets=1048576  time=0.0784  thr=25.52 Mops  speedup=0.69
AGH            weak  80/20 uniform  T=16 ops= 4000000 buckets=1048576  time=0.1134  thr=35.26 Mops  speedup=1.29
AGH            weak  80/20    skew  T= 1 ops=  250000 buckets=1048576 p_hot=0.70  time=0.0428  thr=5.85 Mops  speedup=0.28
AGH            weak  80/20    skew  T= 2 ops=  500000 buckets=1048576 p_hot=0.70  time=0.0557  thr=8.98 Mops  speedup=0.43
AGH            weak  80/20    skew  T= 4 ops= 1000000 buckets=1048576 p_hot=0.70  time=0.1231  thr=8.12 Mops  speedup=0.39
AGH            weak  80/20    skew  T= 8 ops= 2000000 buckets=1048576 p_hot=0.70  time=0.2778  thr=7.20 Mops  speedup=0.38
AGH            weak  80/20    skew  T=16 ops= 4000000 buckets=1048576 p_hot=0.70  time=0.5328  thr=7.51 Mops  speedup=0.45
AGH            weak  80/20    skew  T= 1 ops=  250000 buckets=1048576 p_hot=0.90  time=0.0390  thr=6.41 Mops  speedup=0.29
AGH            weak  80/20    skew  T= 2 ops=  500000 buckets=1048576 p_hot=0.90  time=0.0518  thr=9.65 Mops  speedup=0.44
AGH            weak  80/20    skew  T= 4 ops= 1000000 buckets=1048576 p_hot=0.90  time=0.1188  thr=8.41 Mops  speedup=0.39
AGH            weak  80/20    skew  T= 8 ops= 2000000 buckets=1048576 p_hot=0.90  time=0.2794  thr=7.16 Mops  speedup=0.34
AGH            weak  80/20    skew  T=16 ops= 4000000 buckets=1048576 p_hot=0.90  time=0.5298  thr=7.55 Mops  speedup=0.41
AGH            weak  80/20    skew  T= 1 ops=  250000 buckets=1048576 p_hot=0.99  time=0.0369  thr=6.78 Mops  speedup=0.30
AGH            weak  80/20    skew  T= 2 ops=  500000 buckets=1048576 p_hot=0.99  time=0.0499  thr=10.02 Mops  speedup=0.45
AGH            weak  80/20    skew  T= 4 ops= 1000000 buckets=1048576 p_hot=0.99  time=0.1169  thr=8.55 Mops  speedup=0.38
AGH            weak  80/20    skew  T= 8 ops= 2000000 buckets=1048576 p_hot=0.99  time=0.2784  thr=7.18 Mops  speedup=0.34
AGH            weak  80/20    skew  T=16 ops= 4000000 buckets=1048576 p_hot=0.99  time=0.5295  thr=7.55 Mops  speedup=0.41
AGH            weak  50/50 uniform  T= 1 ops=  250000 buckets=  16384  time=0.0560  thr=4.46 Mops  speedup=0.35
AGH            weak  50/50 uniform  T= 2 ops=  500000 buckets=  16384  time=0.1674  thr=2.99 Mops  speedup=0.66
AGH            weak  50/50 uniform  T= 4 ops= 1000000 buckets=  16384  time=0.3510  thr=2.85 Mops  speedup=1.71
AGH            weak  50/50 uniform  T= 8 ops= 2000000 buckets=  16384  time=0.7759  thr=2.58 Mops  speedup=3.21
AGH            weak  50/50 uniform  T=16 ops= 4000000 buckets=  16384  time=2.0545  thr=1.95 Mops  speedup=5.50
AGH            weak  50/50    skew  T= 1 ops=  250000 buckets=  16384 p_hot=0.70  time=0.0599  thr=4.18 Mops  speedup=0.43
AGH            weak  50/50    skew  T= 2 ops=  500000 buckets=  16384 p_hot=0.70  time=0.1618  thr=3.09 Mops  speedup=0.80
AGH            weak  50/50    skew  T= 4 ops= 1000000 buckets=  16384 p_hot=0.70  time=0.3848  thr=2.60 Mops  speedup=1.62
AGH            weak  50/50    skew  T= 8 ops= 2000000 buckets=  16384 p_hot=0.70  time=0.8238  thr=2.43 Mops  speedup=3.23
AGH            weak  50/50    skew  T=16 ops= 4000000 buckets=  16384 p_hot=0.70  time=2.1481  thr=1.86 Mops  speedup=5.32
AGH            weak  50/50    skew  T= 1 ops=  250000 buckets=  16384 p_hot=0.90  time=0.0561  thr=4.45 Mops  speedup=0.45
AGH            weak  50/50    skew  T= 2 ops=  500000 buckets=  16384 p_hot=0.90  time=0.1533  thr=3.26 Mops  speedup=0.83
AGH            weak  50/50    skew  T= 4 ops= 1000000 buckets=  16384 p_hot=0.90  time=0.3719  thr=2.69 Mops  speedup=1.64
AGH            weak  50/50    skew  T= 8 ops= 2000000 buckets=  16384 p_hot=0.90  time=0.8145  thr=2.46 Mops  speedup=3.25
AGH            weak  50/50    skew  T=16 ops= 4000000 buckets=  16384 p_hot=0.90  time=2.1350  thr=1.87 Mops  speedup=5.37
AGH            weak  50/50    skew  T= 1 ops=  250000 buckets=  16384 p_hot=0.99  time=0.0548  thr=4.56 Mops  speedup=0.46
AGH            weak  50/50    skew  T= 2 ops=  500000 buckets=  16384 p_hot=0.99  time=0.1489  thr=3.36 Mops  speedup=0.84
AGH            weak  50/50    skew  T= 4 ops= 1000000 buckets=  16384 p_hot=0.99  time=0.3547  thr=2.82 Mops  speedup=1.71
AGH            weak  50/50    skew  T= 8 ops= 2000000 buckets=  16384 p_hot=0.99  time=0.8078  thr=2.48 Mops  speedup=3.31
AGH            weak  50/50    skew  T=16 ops= 4000000 buckets=  16384 p_hot=0.99  time=2.1285  thr=1.88 Mops  speedup=5.37
AGH            weak  50/50 uniform  T= 1 ops=  250000 buckets=  65536  time=0.0371  thr=6.73 Mops  speedup=0.34
AGH            weak  50/50 uniform  T= 2 ops=  500000 buckets=  65536  time=0.0791  thr=6.32 Mops  speedup=0.47
AGH            weak  50/50 uniform  T= 4 ops= 1000000 buckets=  65536  time=0.1514  thr=6.61 Mops  speedup=0.85
AGH            weak  50/50 uniform  T= 8 ops= 2000000 buckets=  65536  time=0.2637  thr=7.58 Mops  speedup=1.95
AGH            weak  50/50 uniform  T=16 ops= 4000000 buckets=  65536  time=0.5788  thr=6.91 Mops  speedup=4.27
AGH            weak  50/50    skew  T= 1 ops=  250000 buckets=  65536 p_hot=0.70  time=0.0451  thr=5.54 Mops  speedup=0.41
AGH            weak  50/50    skew  T= 2 ops=  500000 buckets=  65536 p_hot=0.70  time=0.0786  thr=6.36 Mops  speedup=0.65
AGH            weak  50/50    skew  T= 4 ops= 1000000 buckets=  65536 p_hot=0.70  time=0.1789  thr=5.59 Mops  speedup=0.85
AGH            weak  50/50    skew  T= 8 ops= 2000000 buckets=  65536 p_hot=0.70  time=0.3800  thr=5.26 Mops  speedup=1.44
AGH            weak  50/50    skew  T=16 ops= 4000000 buckets=  65536 p_hot=0.70  time=0.9038  thr=4.43 Mops  speedup=2.79
AGH            weak  50/50    skew  T= 1 ops=  250000 buckets=  65536 p_hot=0.90  time=0.0432  thr=5.79 Mops  speedup=0.41
AGH            weak  50/50    skew  T= 2 ops=  500000 buckets=  65536 p_hot=0.90  time=0.0751  thr=6.66 Mops  speedup=0.67
AGH            weak  50/50    skew  T= 4 ops= 1000000 buckets=  65536 p_hot=0.90  time=0.1724  thr=5.80 Mops  speedup=0.90
AGH            weak  50/50    skew  T= 8 ops= 2000000 buckets=  65536 p_hot=0.90  time=0.3784  thr=5.28 Mops  speedup=1.45
AGH            weak  50/50    skew  T=16 ops= 4000000 buckets=  65536 p_hot=0.90  time=0.9034  thr=4.43 Mops  speedup=2.80
AGH            weak  50/50    skew  T= 1 ops=  250000 buckets=  65536 p_hot=0.99  time=0.0420  thr=5.95 Mops  speedup=0.42
AGH            weak  50/50    skew  T= 2 ops=  500000 buckets=  65536 p_hot=0.99  time=0.0735  thr=6.80 Mops  speedup=0.67
AGH            weak  50/50    skew  T= 4 ops= 1000000 buckets=  65536 p_hot=0.99  time=0.1698  thr=5.89 Mops  speedup=0.92
AGH            weak  50/50    skew  T= 8 ops= 2000000 buckets=  65536 p_hot=0.99  time=0.3904  thr=5.12 Mops  speedup=1.43
AGH            weak  50/50    skew  T=16 ops= 4000000 buckets=  65536 p_hot=0.99  time=0.9080  thr=4.41 Mops  speedup=2.78
AGH            weak  50/50 uniform  T= 1 ops=  250000 buckets= 262144  time=0.0430  thr=5.82 Mops  speedup=0.25
AGH            weak  50/50 uniform  T= 2 ops=  500000 buckets= 262144  time=0.0677  thr=7.39 Mops  speedup=0.33
AGH            weak  50/50 uniform  T= 4 ops= 1000000 buckets= 262144  time=0.0982  thr=10.19 Mops  speedup=0.58
AGH            weak  50/50 uniform  T= 8 ops= 2000000 buckets= 262144  time=0.1478  thr=13.54 Mops  speedup=1.15
AGH            weak  50/50 uniform  T=16 ops= 4000000 buckets= 262144  time=0.2460  thr=16.26 Mops  speedup=2.21
AGH            weak  50/50    skew  T= 1 ops=  250000 buckets= 262144 p_hot=0.70  time=0.0475  thr=5.26 Mops  speedup=0.34
AGH            weak  50/50    skew  T= 2 ops=  500000 buckets= 262144 p_hot=0.70  time=0.0676  thr=7.40 Mops  speedup=0.50
AGH            weak  50/50    skew  T= 4 ops= 1000000 buckets= 262144 p_hot=0.70  time=0.1504  thr=6.65 Mops  speedup=0.53
AGH            weak  50/50    skew  T= 8 ops= 2000000 buckets= 262144 p_hot=0.70  time=0.3359  thr=5.95 Mops  speedup=0.66
AGH            weak  50/50    skew  T=16 ops= 4000000 buckets= 262144 p_hot=0.70  time=0.6732  thr=5.94 Mops  speedup=0.98
AGH            weak  50/50    skew  T= 1 ops=  250000 buckets= 262144 p_hot=0.90  time=0.0453  thr=5.52 Mops  speedup=0.34
AGH            weak  50/50    skew  T= 2 ops=  500000 buckets= 262144 p_hot=0.90  time=0.0651  thr=7.68 Mops  speedup=0.50
AGH            weak  50/50    skew  T= 4 ops= 1000000 buckets= 262144 p_hot=0.90  time=0.1465  thr=6.83 Mops  speedup=0.53
AGH            weak  50/50    skew  T= 8 ops= 2000000 buckets= 262144 p_hot=0.90  time=0.3348  thr=5.97 Mops  speedup=0.65
AGH            weak  50/50    skew  T=16 ops= 4000000 buckets= 262144 p_hot=0.90  time=0.6689  thr=5.98 Mops  speedup=0.96
AGH            weak  50/50    skew  T= 1 ops=  250000 buckets= 262144 p_hot=0.99  time=0.0437  thr=5.72 Mops  speedup=0.35
AGH            weak  50/50    skew  T= 2 ops=  500000 buckets= 262144 p_hot=0.99  time=0.0642  thr=7.78 Mops  speedup=0.50
AGH            weak  50/50    skew  T= 4 ops= 1000000 buckets= 262144 p_hot=0.99  time=0.1445  thr=6.92 Mops  speedup=0.53
AGH            weak  50/50    skew  T= 8 ops= 2000000 buckets= 262144 p_hot=0.99  time=0.3326  thr=6.01 Mops  speedup=0.65
AGH            weak  50/50    skew  T=16 ops= 4000000 buckets= 262144 p_hot=0.99  time=0.6672  thr=6.00 Mops  speedup=0.97
AGH            weak  50/50 uniform  T= 1 ops=  250000 buckets=1048576  time=0.0436  thr=5.74 Mops  speedup=0.25
AGH            weak  50/50 uniform  T= 2 ops=  500000 buckets=1048576  time=0.0666  thr=7.51 Mops  speedup=0.32
AGH            weak  50/50 uniform  T= 4 ops= 1000000 buckets=1048576  time=0.0824  thr=12.13 Mops  speedup=0.52
AGH            weak  50/50 uniform  T= 8 ops= 2000000 buckets=1048576  time=0.1090  thr=18.35 Mops  speedup=0.80
AGH            weak  50/50 uniform  T=16 ops= 4000000 buckets=1048576  time=0.2119  thr=18.88 Mops  speedup=1.17
AGH            weak  50/50    skew  T= 1 ops=  250000 buckets=1048576 p_hot=0.70  time=0.0487  thr=5.13 Mops  speedup=0.33
AGH            weak  50/50    skew  T= 2 ops=  500000 buckets=1048576 p_hot=0.70  time=0.0632  thr=7.92 Mops  speedup=0.51
AGH            weak  50/50    skew  T= 4 ops= 1000000 buckets=1048576 p_hot=0.70  time=0.1434  thr=6.97 Mops  speedup=0.45
AGH            weak  50/50    skew  T= 8 ops= 2000000 buckets=1048576 p_hot=0.70  time=0.3253  thr=6.15 Mops  speedup=0.46
AGH            weak  50/50    skew  T=16 ops= 4000000 buckets=1048576 p_hot=0.70  time=0.6306  thr=6.34 Mops  speedup=0.55
AGH            weak  50/50    skew  T= 1 ops=  250000 buckets=1048576 p_hot=0.90  time=0.0461  thr=5.43 Mops  speedup=0.34
AGH            weak  50/50    skew  T= 2 ops=  500000 buckets=1048576 p_hot=0.90  time=0.0603  thr=8.30 Mops  speedup=0.51
AGH            weak  50/50    skew  T= 4 ops= 1000000 buckets=1048576 p_hot=0.90  time=0.1392  thr=7.19 Mops  speedup=0.44
AGH            weak  50/50    skew  T= 8 ops= 2000000 buckets=1048576 p_hot=0.90  time=0.3256  thr=6.14 Mops  speedup=0.45
AGH            weak  50/50    skew  T=16 ops= 4000000 buckets=1048576 p_hot=0.90  time=0.6246  thr=6.40 Mops  speedup=0.54
AGH            weak  50/50    skew  T= 1 ops=  250000 buckets=1048576 p_hot=0.99  time=0.0448  thr=5.58 Mops  speedup=0.35
AGH            weak  50/50    skew  T= 2 ops=  500000 buckets=1048576 p_hot=0.99  time=0.0588  thr=8.51 Mops  speedup=0.52
AGH            weak  50/50    skew  T= 4 ops= 1000000 buckets=1048576 p_hot=0.99  time=0.1365  thr=7.33 Mops  speedup=0.45
AGH            weak  50/50    skew  T= 8 ops= 2000000 buckets=1048576 p_hot=0.99  time=0.3290  thr=6.08 Mops  speedup=0.43
AGH            weak  50/50    skew  T=16 ops= 4000000 buckets=1048576 p_hot=0.99  time=0.6232  thr=6.42 Mops  speedup=0.53
CSV_RESULTS_BEGIN
impl,mode,mix,dist,threads,ops,bucket_count,read_ratio,p_hot,time_s,throughput_mops,speedup,seq_baseline_s
AGH,strong,80/20,uniform,1,2000000,16384,0.80,0.00,3.049458,0.656,0.455,1.388643
AGH,strong,80/20,uniform,2,2000000,16384,0.80,0.00,1.462096,1.368,0.950,1.388643
AGH,strong,80/20,uniform,4,2000000,16384,0.80,0.00,0.787184,2.541,1.764,1.388643
AGH,strong,80/20,uniform,8,2000000,16384,0.80,0.00,0.426089,4.694,3.259,1.388643
AGH,strong,80/20,uniform,16,2000000,16384,0.80,0.00,0.245043,8.162,5.667,1.388643
AGH,strong,80/20,skew,1,2000000,16384,0.80,0.70,2.583815,0.774,0.538,1.389659
AGH,strong,80/20,skew,2,2000000,16384,0.80,0.70,1.437425,1.391,0.967,1.389659
AGH,strong,80/20,skew,4,2000000,16384,0.80,0.70,0.855240,2.339,1.625,1.389659
AGH,strong,80/20,skew,8,2000000,16384,0.80,0.70,0.602657,3.319,2.306,1.389659
AGH,strong,80/20,skew,16,2000000,16384,0.80,0.70,0.490976,4.074,2.830,1.389659
AGH,strong,80/20,skew,1,2000000,16384,0.80,0.90,2.096002,0.954,0.662,1.386901
AGH,strong,80/20,skew,2,2000000,16384,0.80,0.90,1.214299,1.647,1.142,1.386901
AGH,strong,80/20,skew,4,2000000,16384,0.80,0.90,0.771987,2.591,1.797,1.386901
AGH,strong,80/20,skew,8,2000000,16384,0.80,0.90,0.575744,3.474,2.409,1.386901
AGH,strong,80/20,skew,16,2000000,16384,0.80,0.90,0.480252,4.164,2.888,1.386901
AGH,strong,80/20,skew,1,2000000,16384,0.80,0.99,1.881321,1.063,0.737,1.385741
AGH,strong,80/20,skew,2,2000000,16384,0.80,0.99,1.101422,1.816,1.258,1.385741
AGH,strong,80/20,skew,4,2000000,16384,0.80,0.99,0.711015,2.813,1.949,1.385741
AGH,strong,80/20,skew,8,2000000,16384,0.80,0.99,0.577484,3.463,2.400,1.385741
AGH,strong,80/20,skew,16,2000000,16384,0.80,0.99,0.493788,4.050,2.806,1.385741
AGH,strong,80/20,uniform,1,2000000,65536,0.80,0.00,0.793730,2.520,0.381,0.302087
AGH,strong,80/20,uniform,2,2000000,65536,0.80,0.00,0.543312,3.681,0.556,0.302087
AGH,strong,80/20,uniform,4,2000000,65536,0.80,0.00,0.328283,6.092,0.920,0.302087
AGH,strong,80/20,uniform,8,2000000,65536,0.80,0.00,0.197449,10.129,1.530,0.302087
AGH,strong,80/20,uniform,16,2000000,65536,0.80,0.00,0.122651,16.306,2.463,0.302087
AGH,strong,80/20,skew,1,2000000,65536,0.80,0.70,0.901526,2.218,0.396,0.357186
AGH,strong,80/20,skew,2,2000000,65536,0.80,0.70,0.502350,3.981,0.711,0.357186
AGH,strong,80/20,skew,4,2000000,65536,0.80,0.70,0.366981,5.450,0.973,0.357186
AGH,strong,80/20,skew,8,2000000,65536,0.80,0.70,0.315924,6.331,1.131,0.357186
AGH,strong,80/20,skew,16,2000000,65536,0.80,0.70,0.296525,6.745,1.205,0.357186
AGH,strong,80/20,skew,1,2000000,65536,0.80,0.90,0.769073,2.601,0.469,0.361077
AGH,strong,80/20,skew,2,2000000,65536,0.80,0.90,0.440509,4.540,0.820,0.361077
AGH,strong,80/20,skew,4,2000000,65536,0.80,0.90,0.355209,5.630,1.017,0.361077
AGH,strong,80/20,skew,8,2000000,65536,0.80,0.90,0.316649,6.316,1.140,0.361077
AGH,strong,80/20,skew,16,2000000,65536,0.80,0.90,0.294387,6.794,1.227,0.361077
AGH,strong,80/20,skew,1,2000000,65536,0.80,0.99,0.710351,2.816,0.508,0.360763
AGH,strong,80/20,skew,2,2000000,65536,0.80,0.99,0.410714,4.870,0.878,0.360763
AGH,strong,80/20,skew,4,2000000,65536,0.80,0.99,0.338236,5.913,1.067,0.360763
AGH,strong,80/20,skew,8,2000000,65536,0.80,0.99,0.321583,6.219,1.122,0.360763
AGH,strong,80/20,skew,16,2000000,65536,0.80,0.99,0.292306,6.842,1.234,0.360763
AGH,strong,80/20,uniform,1,2000000,262144,0.80,0.00,0.398996,5.013,0.275,0.109604
AGH,strong,80/20,uniform,2,2000000,262144,0.80,0.00,0.296011,6.757,0.370,0.109604
AGH,strong,80/20,uniform,4,2000000,262144,0.80,0.00,0.188775,10.595,0.581,0.109604
AGH,strong,80/20,uniform,8,2000000,262144,0.80,0.00,0.114731,17.432,0.955,0.109604
AGH,strong,80/20,uniform,16,2000000,262144,0.80,0.00,0.068385,29.246,1.603,0.109604
AGH,strong,80/20,skew,1,2000000,262144,0.80,0.70,0.519404,3.851,0.296,0.153864
AGH,strong,80/20,skew,2,2000000,262144,0.80,0.70,0.295759,6.762,0.520,0.153864
AGH,strong,80/20,skew,4,2000000,262144,0.80,0.70,0.271711,7.361,0.566,0.153864
AGH,strong,80/20,skew,8,2000000,262144,0.80,0.70,0.285257,7.011,0.539,0.153864
AGH,strong,80/20,skew,16,2000000,262144,0.80,0.70,0.271561,7.365,0.567,0.153864
AGH,strong,80/20,skew,1,2000000,262144,0.80,0.90,0.474975,4.211,0.312,0.148327
AGH,strong,80/20,skew,2,2000000,262144,0.80,0.90,0.274311,7.291,0.541,0.148327
AGH,strong,80/20,skew,4,2000000,262144,0.80,0.90,0.258100,7.749,0.575,0.148327
AGH,strong,80/20,skew,8,2000000,262144,0.80,0.90,0.282889,7.070,0.524,0.148327
AGH,strong,80/20,skew,16,2000000,262144,0.80,0.90,0.271451,7.368,0.546,0.148327
AGH,strong,80/20,skew,1,2000000,262144,0.80,0.99,0.451945,4.425,0.323,0.146091
AGH,strong,80/20,skew,2,2000000,262144,0.80,0.99,0.262149,7.629,0.557,0.146091
AGH,strong,80/20,skew,4,2000000,262144,0.80,0.99,0.253341,7.894,0.577,0.146091
AGH,strong,80/20,skew,8,2000000,262144,0.80,0.99,0.283052,7.066,0.516,0.146091
AGH,strong,80/20,skew,16,2000000,262144,0.80,0.99,0.270075,7.405,0.541,0.146091
AGH,strong,80/20,uniform,1,2000000,1048576,0.80,0.00,0.349967,5.715,0.168,0.058966
AGH,strong,80/20,uniform,2,2000000,1048576,0.80,0.00,0.245253,8.155,0.240,0.058966
AGH,strong,80/20,uniform,4,2000000,1048576,0.80,0.00,0.142976,13.988,0.412,0.058966
AGH,strong,80/20,uniform,8,2000000,1048576,0.80,0.00,0.078212,25.572,0.754,0.058966
AGH,strong,80/20,uniform,16,2000000,1048576,0.80,0.00,0.047589,42.026,1.239,0.058966
AGH,strong,80/20,skew,1,2000000,1048576,0.80,0.70,0.431048,4.640,0.234,0.100881
AGH,strong,80/20,skew,2,2000000,1048576,0.80,0.70,0.251032,7.967,0.402,0.100881
AGH,strong,80/20,skew,4,2000000,1048576,0.80,0.70,0.256206,7.806,0.394,0.100881
AGH,strong,80/20,skew,8,2000000,1048576,0.80,0.70,0.276158,7.242,0.365,0.100881
AGH,strong,80/20,skew,16,2000000,1048576,0.80,0.70,0.256906,7.785,0.393,0.100881
AGH,strong,80/20,skew,1,2000000,1048576,0.80,0.90,0.403417,4.958,0.239,0.096426
AGH,strong,80/20,skew,2,2000000,1048576,0.80,0.90,0.238552,8.384,0.404,0.096426
AGH,strong,80/20,skew,4,2000000,1048576,0.80,0.90,0.247954,8.066,0.389,0.096426
AGH,strong,80/20,skew,8,2000000,1048576,0.80,0.90,0.279677,7.151,0.345,0.096426
AGH,strong,80/20,skew,16,2000000,1048576,0.80,0.90,0.254608,7.855,0.379,0.096426
AGH,strong,80/20,skew,1,2000000,1048576,0.80,0.99,0.385353,5.190,0.245,0.094381
AGH,strong,80/20,skew,2,2000000,1048576,0.80,0.99,0.231852,8.626,0.407,0.094381
AGH,strong,80/20,skew,4,2000000,1048576,0.80,0.99,0.244211,8.190,0.386,0.094381
AGH,strong,80/20,skew,8,2000000,1048576,0.80,0.99,0.278962,7.169,0.338,0.094381
AGH,strong,80/20,skew,16,2000000,1048576,0.80,0.99,0.253960,7.875,0.372,0.094381
AGH,strong,50/50,uniform,1,2000000,16384,0.50,0.00,3.737172,0.535,0.728,2.720123
AGH,strong,50/50,uniform,2,2000000,16384,0.50,0.00,2.174318,0.920,1.251,2.720123
AGH,strong,50/50,uniform,4,2000000,16384,0.50,0.00,1.388946,1.440,1.958,2.720123
AGH,strong,50/50,uniform,8,2000000,16384,0.50,0.00,0.778851,2.568,3.492,2.720123
AGH,strong,50/50,uniform,16,2000000,16384,0.50,0.00,0.521924,3.832,5.212,2.720123
AGH,strong,50/50,skew,1,2000000,16384,0.50,0.70,3.795397,0.527,0.728,2.764319
AGH,strong,50/50,skew,2,2000000,16384,0.50,0.70,2.142693,0.933,1.290,2.764319
AGH,strong,50/50,skew,4,2000000,16384,0.50,0.70,1.302744,1.535,2.122,2.764319
AGH,strong,50/50,skew,8,2000000,16384,0.50,0.70,0.822771,2.431,3.360,2.764319
AGH,strong,50/50,skew,16,2000000,16384,0.50,0.70,0.629587,3.177,4.391,2.764319
AGH,strong,50/50,skew,1,2000000,16384,0.50,0.90,3.503978,0.571,0.786,2.755457
AGH,strong,50/50,skew,2,2000000,16384,0.50,0.90,2.001251,0.999,1.377,2.755457
AGH,strong,50/50,skew,4,2000000,16384,0.50,0.90,1.259699,1.588,2.187,2.755457
AGH,strong,50/50,skew,8,2000000,16384,0.50,0.90,0.820366,2.438,3.359,2.755457
AGH,strong,50/50,skew,16,2000000,16384,0.50,0.90,0.630894,3.170,4.368,2.755457
AGH,strong,50/50,skew,1,2000000,16384,0.50,0.99,3.355451,0.596,0.819,2.747829
AGH,strong,50/50,skew,2,2000000,16384,0.50,0.99,1.923456,1.040,1.429,2.747829
AGH,strong,50/50,skew,4,2000000,16384,0.50,0.99,1.226852,1.630,2.240,2.747829
AGH,strong,50/50,skew,8,2000000,16384,0.50,0.99,0.810512,2.468,3.390,2.747829
AGH,strong,50/50,skew,16,2000000,16384,0.50,0.99,0.627866,3.185,4.376,2.747829
AGH,strong,50/50,uniform,1,2000000,65536,0.50,0.00,1.003295,1.993,0.483,0.484334
AGH,strong,50/50,uniform,2,2000000,65536,0.50,0.00,0.724260,2.761,0.669,0.484334
AGH,strong,50/50,uniform,4,2000000,65536,0.50,0.00,0.448512,4.459,1.080,0.484334
AGH,strong,50/50,uniform,8,2000000,65536,0.50,0.00,0.260159,7.688,1.862,0.484334
AGH,strong,50/50,uniform,16,2000000,65536,0.50,0.00,0.176833,11.310,2.739,0.484334
AGH,strong,50/50,skew,1,2000000,65536,0.50,0.70,1.049318,1.906,0.537,0.563639
AGH,strong,50/50,skew,2,2000000,65536,0.50,0.70,0.696701,2.871,0.809,0.563639
AGH,strong,50/50,skew,4,2000000,65536,0.50,0.70,0.506552,3.948,1.113,0.563639
AGH,strong,50/50,skew,8,2000000,65536,0.50,0.70,0.379469,5.271,1.485,0.563639
AGH,strong,50/50,skew,16,2000000,65536,0.50,0.70,0.372582,5.368,1.513,0.563639
AGH,strong,50/50,skew,1,2000000,65536,0.50,0.90,0.895975,2.232,0.567,0.507861
AGH,strong,50/50,skew,2,2000000,65536,0.50,0.90,0.651692,3.069,0.779,0.507861
AGH,strong,50/50,skew,4,2000000,65536,0.50,0.90,0.490663,4.076,1.035,0.507861
AGH,strong,50/50,skew,8,2000000,65536,0.50,0.90,0.379991,5.263,1.337,0.507861
AGH,strong,50/50,skew,16,2000000,65536,0.50,0.90,0.370410,5.399,1.371,0.507861
AGH,strong,50/50,skew,1,2000000,65536,0.50,0.99,0.853621,2.343,0.595,0.507526
AGH,strong,50/50,skew,2,2000000,65536,0.50,0.99,0.630562,3.172,0.805,0.507526
AGH,strong,50/50,skew,4,2000000,65536,0.50,0.99,0.465810,4.294,1.090,0.507526
AGH,strong,50/50,skew,8,2000000,65536,0.50,0.99,0.378801,5.280,1.340,0.507526
AGH,strong,50/50,skew,16,2000000,65536,0.50,0.99,0.370830,5.393,1.369,0.507526
AGH,strong,50/50,uniform,1,2000000,262144,0.50,0.00,0.423106,4.727,0.347,0.146821
AGH,strong,50/50,uniform,2,2000000,262144,0.50,0.00,0.349244,5.727,0.420,0.146821
AGH,strong,50/50,uniform,4,2000000,262144,0.50,0.00,0.229402,8.718,0.640,0.146821
AGH,strong,50/50,uniform,8,2000000,262144,0.50,0.00,0.140200,14.265,1.047,0.146821
AGH,strong,50/50,uniform,16,2000000,262144,0.50,0.00,0.105977,18.872,1.385,0.146821
AGH,strong,50/50,skew,1,2000000,262144,0.50,0.70,0.517171,3.867,0.412,0.212853
AGH,strong,50/50,skew,2,2000000,262144,0.50,0.70,0.356216,5.615,0.598,0.212853
AGH,strong,50/50,skew,4,2000000,262144,0.50,0.70,0.322111,6.209,0.661,0.212853
AGH,strong,50/50,skew,8,2000000,262144,0.50,0.70,0.332236,6.020,0.641,0.212853
AGH,strong,50/50,skew,16,2000000,262144,0.50,0.70,0.323791,6.177,0.657,0.212853
AGH,strong,50/50,skew,1,2000000,262144,0.50,0.90,0.488156,4.097,0.398,0.194163
AGH,strong,50/50,skew,2,2000000,262144,0.50,0.90,0.339434,5.892,0.572,0.194163
AGH,strong,50/50,skew,4,2000000,262144,0.50,0.90,0.310687,6.437,0.625,0.194163
AGH,strong,50/50,skew,8,2000000,262144,0.50,0.90,0.331063,6.041,0.586,0.194163
AGH,strong,50/50,skew,16,2000000,262144,0.50,0.90,0.320766,6.235,0.605,0.194163
AGH,strong,50/50,skew,1,2000000,262144,0.50,0.99,0.470602,4.250,0.409,0.192455
AGH,strong,50/50,skew,2,2000000,262144,0.50,0.99,0.332621,6.013,0.579,0.192455
AGH,strong,50/50,skew,4,2000000,262144,0.50,0.99,0.308053,6.492,0.625,0.192455
AGH,strong,50/50,skew,8,2000000,262144,0.50,0.99,0.328597,6.086,0.586,0.192455
AGH,strong,50/50,skew,16,2000000,262144,0.50,0.99,0.320578,6.239,0.600,0.192455
AGH,strong,50/50,uniform,1,2000000,1048576,0.50,0.00,0.367651,5.440,0.276,0.101565
AGH,strong,50/50,uniform,2,2000000,1048576,0.50,0.00,0.271553,7.365,0.374,0.101565
AGH,strong,50/50,uniform,4,2000000,1048576,0.50,0.00,0.165315,12.098,0.614,0.101565
AGH,strong,50/50,uniform,8,2000000,1048576,0.50,0.00,0.104002,19.230,0.977,0.101565
AGH,strong,50/50,uniform,16,2000000,1048576,0.50,0.00,0.105807,18.902,0.960,0.101565
AGH,strong,50/50,skew,1,2000000,1048576,0.50,0.70,0.442408,4.521,0.303,0.134036
AGH,strong,50/50,skew,2,2000000,1048576,0.50,0.70,0.286519,6.980,0.468,0.134036
AGH,strong,50/50,skew,4,2000000,1048576,0.50,0.70,0.295083,6.778,0.454,0.134036
AGH,strong,50/50,skew,8,2000000,1048576,0.50,0.70,0.323286,6.186,0.415,0.134036
AGH,strong,50/50,skew,16,2000000,1048576,0.50,0.70,0.308536,6.482,0.434,0.134036
AGH,strong,50/50,skew,1,2000000,1048576,0.50,0.90,0.426739,4.687,0.301,0.128567
AGH,strong,50/50,skew,2,2000000,1048576,0.50,0.90,0.278249,7.188,0.462,0.128567
AGH,strong,50/50,skew,4,2000000,1048576,0.50,0.90,0.289400,6.911,0.444,0.128567
AGH,strong,50/50,skew,8,2000000,1048576,0.50,0.90,0.322805,6.196,0.398,0.128567
AGH,strong,50/50,skew,16,2000000,1048576,0.50,0.90,0.304000,6.579,0.423,0.128567
AGH,strong,50/50,skew,1,2000000,1048576,0.50,0.99,0.419493,4.768,0.300,0.125861
AGH,strong,50/50,skew,2,2000000,1048576,0.50,0.99,0.275261,7.266,0.457,0.125861
AGH,strong,50/50,skew,4,2000000,1048576,0.50,0.99,0.286747,6.975,0.439,0.125861
AGH,strong,50/50,skew,8,2000000,1048576,0.50,0.99,0.322550,6.201,0.390,0.125861
AGH,strong,50/50,skew,16,2000000,1048576,0.50,0.99,0.303157,6.597,0.415,0.125861
AGH,weak,80/20,uniform,1,250000,16384,0.80,0.00,0.039606,6.312,0.290,0.011490
AGH,weak,80/20,uniform,2,500000,16384,0.80,0.00,0.120810,4.139,0.357,0.043130
AGH,weak,80/20,uniform,4,1000000,16384,0.80,0.00,0.263404,3.796,0.986,0.259617
AGH,weak,80/20,uniform,8,2000000,16384,0.80,0.00,0.545449,3.667,2.233,1.217760
AGH,weak,80/20,uniform,16,4000000,16384,0.80,0.00,1.459452,2.741,3.580,5.225492
AGH,weak,80/20,skew,1,250000,16384,0.80,0.70,0.049727,5.027,0.348,0.017292
AGH,weak,80/20,skew,2,500000,16384,0.80,0.70,0.107446,4.653,0.524,0.056300
AGH,weak,80/20,skew,4,1000000,16384,0.80,0.70,0.250782,3.988,1.128,0.282787
AGH,weak,80/20,skew,8,2000000,16384,0.80,0.70,0.600618,3.330,2.113,1.269039
AGH,weak,80/20,skew,16,4000000,16384,0.80,0.70,1.604986,2.492,3.318,5.325690
AGH,weak,80/20,skew,1,250000,16384,0.80,0.90,0.045468,5.498,0.377,0.017159
AGH,weak,80/20,skew,2,500000,16384,0.80,0.90,0.093756,5.333,0.592,0.055503
AGH,weak,80/20,skew,4,1000000,16384,0.80,0.90,0.227088,4.404,1.297,0.294478
AGH,weak,80/20,skew,8,2000000,16384,0.80,0.90,0.587764,3.403,2.160,1.269391
AGH,weak,80/20,skew,16,4000000,16384,0.80,0.90,1.601199,2.498,3.346,5.357795
AGH,weak,80/20,skew,1,250000,16384,0.80,0.99,0.042497,5.883,0.386,0.016416
AGH,weak,80/20,skew,2,500000,16384,0.80,0.99,0.088004,5.682,0.625,0.054990
AGH,weak,80/20,skew,4,1000000,16384,0.80,0.99,0.217728,4.593,1.343,0.292493
AGH,weak,80/20,skew,8,2000000,16384,0.80,0.99,0.581313,3.440,2.187,1.271425
AGH,weak,80/20,skew,16,4000000,16384,0.80,0.99,1.600609,2.499,3.345,5.353805
AGH,weak,80/20,uniform,1,250000,65536,0.80,0.00,0.030742,8.132,0.239,0.007332
AGH,weak,80/20,uniform,2,500000,65536,0.80,0.00,0.063981,7.815,0.321,0.020544
AGH,weak,80/20,uniform,4,1000000,65536,0.80,0.00,0.117714,8.495,0.622,0.073219
AGH,weak,80/20,uniform,8,2000000,65536,0.80,0.00,0.196324,10.187,1.384,0.271634
AGH,weak,80/20,uniform,16,4000000,65536,0.80,0.00,0.412970,9.686,3.109,1.283734
AGH,weak,80/20,skew,1,250000,65536,0.80,0.70,0.040610,6.156,0.324,0.013178
AGH,weak,80/20,skew,2,500000,65536,0.80,0.70,0.063208,7.910,0.517,0.032663
AGH,weak,80/20,skew,4,1000000,65536,0.80,0.70,0.138581,7.216,0.704,0.097537
AGH,weak,80/20,skew,8,2000000,65536,0.80,0.70,0.318350,6.282,1.003,0.319170
AGH,weak,80/20,skew,16,4000000,65536,0.80,0.70,0.751366,5.324,1.849,1.389083
AGH,weak,80/20,skew,1,250000,65536,0.80,0.90,0.037746,6.623,0.335,0.012632
AGH,weak,80/20,skew,2,500000,65536,0.80,0.90,0.058133,8.601,0.539,0.031326
AGH,weak,80/20,skew,4,1000000,65536,0.80,0.90,0.130561,7.659,0.735,0.095930
AGH,weak,80/20,skew,8,2000000,65536,0.80,0.90,0.315451,6.340,0.993,0.313186
AGH,weak,80/20,skew,16,4000000,65536,0.80,0.90,0.747522,5.351,1.846,1.380290
AGH,weak,80/20,skew,1,250000,65536,0.80,0.99,0.036224,6.901,0.341,0.012359
AGH,weak,80/20,skew,2,500000,65536,0.80,0.99,0.055629,8.988,0.559,0.031088
AGH,weak,80/20,skew,4,1000000,65536,0.80,0.99,0.126843,7.884,0.744,0.094408
AGH,weak,80/20,skew,8,2000000,65536,0.80,0.99,0.319646,6.257,0.987,0.315415
AGH,weak,80/20,skew,16,4000000,65536,0.80,0.99,0.749519,5.337,1.849,1.385707
AGH,weak,80/20,uniform,1,250000,262144,0.80,0.00,0.037130,6.733,0.171,0.006340
AGH,weak,80/20,uniform,2,500000,262144,0.80,0.00,0.059272,8.436,0.231,0.013711
AGH,weak,80/20,uniform,4,1000000,262144,0.80,0.00,0.082534,12.116,0.398,0.032864
AGH,weak,80/20,uniform,8,2000000,262144,0.80,0.00,0.114531,17.462,0.817,0.093579
AGH,weak,80/20,uniform,16,4000000,262144,0.80,0.00,0.187779,21.302,1.703,0.319857
AGH,weak,80/20,skew,1,250000,262144,0.80,0.70,0.041657,6.001,0.290,0.012075
AGH,weak,80/20,skew,2,500000,262144,0.80,0.70,0.055990,8.930,0.454,0.025396
AGH,weak,80/20,skew,4,1000000,262144,0.80,0.70,0.126577,7.900,0.445,0.056354
AGH,weak,80/20,skew,8,2000000,262144,0.80,0.70,0.285987,6.993,0.523,0.149652
AGH,weak,80/20,skew,16,4000000,262144,0.80,0.70,0.561195,7.128,0.761,0.426818
AGH,weak,80/20,skew,1,250000,262144,0.80,0.90,0.037873,6.601,0.303,0.011465
AGH,weak,80/20,skew,2,500000,262144,0.80,0.90,0.052590,9.507,0.464,0.024399
AGH,weak,80/20,skew,4,1000000,262144,0.80,0.90,0.121975,8.198,0.444,0.054097
AGH,weak,80/20,skew,8,2000000,262144,0.80,0.90,0.285919,6.995,0.506,0.144754
AGH,weak,80/20,skew,16,4000000,262144,0.80,0.90,0.564092,7.091,0.731,0.412492
AGH,weak,80/20,skew,1,250000,262144,0.80,0.99,0.035969,6.950,0.313,0.011250
AGH,weak,80/20,skew,2,500000,262144,0.80,0.99,0.051133,9.778,0.465,0.023797
AGH,weak,80/20,skew,4,1000000,262144,0.80,0.99,0.119307,8.382,0.446,0.053172
AGH,weak,80/20,skew,8,2000000,262144,0.80,0.99,0.283020,7.067,0.503,0.142363
AGH,weak,80/20,skew,16,4000000,262144,0.80,0.99,0.561940,7.118,0.734,0.412366
AGH,weak,80/20,uniform,1,250000,1048576,0.80,0.00,0.038293,6.529,0.166,0.006369
AGH,weak,80/20,uniform,2,500000,1048576,0.80,0.00,0.061068,8.188,0.208,0.012706
AGH,weak,80/20,uniform,4,1000000,1048576,0.80,0.00,0.072259,13.839,0.351,0.025392
AGH,weak,80/20,uniform,8,2000000,1048576,0.80,0.00,0.078382,25.516,0.692,0.054252
AGH,weak,80/20,uniform,16,4000000,1048576,0.80,0.00,0.113450,35.258,1.285,0.145795
AGH,weak,80/20,skew,1,250000,1048576,0.80,0.70,0.042752,5.848,0.282,0.012056
AGH,weak,80/20,skew,2,500000,1048576,0.80,0.70,0.055709,8.975,0.433,0.024096
AGH,weak,80/20,skew,4,1000000,1048576,0.80,0.70,0.123078,8.125,0.393,0.048419
AGH,weak,80/20,skew,8,2000000,1048576,0.80,0.70,0.277843,7.198,0.381,0.105823
AGH,weak,80/20,skew,16,4000000,1048576,0.80,0.70,0.532835,7.507,0.451,0.240480
AGH,weak,80/20,skew,1,250000,1048576,0.80,0.90,0.039004,6.410,0.294,0.011474
AGH,weak,80/20,skew,2,500000,1048576,0.80,0.90,0.051816,9.650,0.442,0.022923
AGH,weak,80/20,skew,4,1000000,1048576,0.80,0.90,0.118843,8.414,0.386,0.045875
AGH,weak,80/20,skew,8,2000000,1048576,0.80,0.90,0.279353,7.159,0.345,0.096244
AGH,weak,80/20,skew,16,4000000,1048576,0.80,0.90,0.529756,7.551,0.409,0.216892
AGH,weak,80/20,skew,1,250000,1048576,0.80,0.99,0.036890,6.777,0.305,0.011240
AGH,weak,80/20,skew,2,500000,1048576,0.80,0.99,0.049877,10.025,0.450,0.022459
AGH,weak,80/20,skew,4,1000000,1048576,0.80,0.99,0.116943,8.551,0.384,0.044960
AGH,weak,80/20,skew,8,2000000,1048576,0.80,0.99,0.278416,7.184,0.340,0.094630
AGH,weak,80/20,skew,16,4000000,1048576,0.80,0.99,0.529508,7.554,0.408,0.216253
AGH,weak,50/50,uniform,1,250000,16384,0.50,0.00,0.056014,4.463,0.354,0.019826
AGH,weak,50/50,uniform,2,500000,16384,0.50,0.00,0.167435,2.986,0.659,0.110364
AGH,weak,50/50,uniform,4,1000000,16384,0.50,0.00,0.350963,2.849,1.707,0.598933
AGH,weak,50/50,uniform,8,2000000,16384,0.50,0.00,0.775871,2.578,3.211,2.491670
AGH,weak,50/50,uniform,16,4000000,16384,0.50,0.00,2.054528,1.947,5.497,11.294361
AGH,weak,50/50,skew,1,250000,16384,0.50,0.70,0.059865,4.176,0.434,0.025979
AGH,weak,50/50,skew,2,500000,16384,0.50,0.70,0.161831,3.090,0.802,0.129866
AGH,weak,50/50,skew,4,1000000,16384,0.50,0.70,0.384806,2.599,1.617,0.622044
AGH,weak,50/50,skew,8,2000000,16384,0.50,0.70,0.823846,2.428,3.228,2.659081
AGH,weak,50/50,skew,16,4000000,16384,0.50,0.70,2.148051,1.862,5.319,11.425531
AGH,weak,50/50,skew,1,250000,16384,0.50,0.90,0.056129,4.454,0.450,0.025266
AGH,weak,50/50,skew,2,500000,16384,0.50,0.90,0.153309,3.261,0.831,0.127334
AGH,weak,50/50,skew,4,1000000,16384,0.50,0.90,0.371891,2.689,1.635,0.608207
AGH,weak,50/50,skew,8,2000000,16384,0.50,0.90,0.814464,2.456,3.254,2.650654
AGH,weak,50/50,skew,16,4000000,16384,0.50,0.90,2.134953,1.874,5.373,11.471432
AGH,weak,50/50,skew,1,250000,16384,0.50,0.99,0.054801,4.562,0.463,0.025350
AGH,weak,50/50,skew,2,500000,16384,0.50,0.99,0.148946,3.357,0.843,0.125533
AGH,weak,50/50,skew,4,1000000,16384,0.50,0.99,0.354712,2.819,1.715,0.608304
AGH,weak,50/50,skew,8,2000000,16384,0.50,0.99,0.807795,2.476,3.310,2.673790
AGH,weak,50/50,skew,16,4000000,16384,0.50,0.99,2.128500,1.879,5.367,11.424166
AGH,weak,50/50,uniform,1,250000,65536,0.50,0.00,0.037136,6.732,0.337,0.012503
AGH,weak,50/50,uniform,2,500000,65536,0.50,0.00,0.079086,6.322,0.474,0.037489
AGH,weak,50/50,uniform,4,1000000,65536,0.50,0.00,0.151376,6.606,0.846,0.128026
AGH,weak,50/50,uniform,8,2000000,65536,0.50,0.00,0.263710,7.584,1.949,0.514090
AGH,weak,50/50,uniform,16,4000000,65536,0.50,0.00,0.578838,6.910,4.272,2.472621
AGH,weak,50/50,skew,1,250000,65536,0.50,0.70,0.045125,5.540,0.411,0.018536
AGH,weak,50/50,skew,2,500000,65536,0.50,0.70,0.078583,6.363,0.654,0.051422
AGH,weak,50/50,skew,4,1000000,65536,0.50,0.70,0.178904,5.590,0.853,0.152536
AGH,weak,50/50,skew,8,2000000,65536,0.50,0.70,0.380034,5.263,1.440,0.547081
AGH,weak,50/50,skew,16,4000000,65536,0.50,0.70,0.903777,4.426,2.789,2.521073
AGH,weak,50/50,skew,1,250000,65536,0.50,0.90,0.043193,5.788,0.414,0.017893
AGH,weak,50/50,skew,2,500000,65536,0.50,0.90,0.075101,6.658,0.669,0.050267
AGH,weak,50/50,skew,4,1000000,65536,0.50,0.90,0.172405,5.800,0.904,0.155897
AGH,weak,50/50,skew,8,2000000,65536,0.50,0.90,0.378433,5.285,1.448,0.548092
AGH,weak,50/50,skew,16,4000000,65536,0.50,0.90,0.903429,4.428,2.800,2.529930
AGH,weak,50/50,skew,1,250000,65536,0.50,0.99,0.042018,5.950,0.418,0.017553
AGH,weak,50/50,skew,2,500000,65536,0.50,0.99,0.073547,6.798,0.675,0.049609
AGH,weak,50/50,skew,4,1000000,65536,0.50,0.99,0.169812,5.889,0.919,0.156062
AGH,weak,50/50,skew,8,2000000,65536,0.50,0.99,0.390421,5.123,1.427,0.557247
AGH,weak,50/50,skew,16,4000000,65536,0.50,0.99,0.908001,4.405,2.781,2.524843
AGH,weak,50/50,uniform,1,250000,262144,0.50,0.00,0.042988,5.816,0.248,0.010646
AGH,weak,50/50,uniform,2,500000,262144,0.50,0.00,0.067658,7.390,0.331,0.022408
AGH,weak,50/50,uniform,4,1000000,262144,0.50,0.00,0.098166,10.187,0.577,0.056648
AGH,weak,50/50,uniform,8,2000000,262144,0.50,0.00,0.147761,13.535,1.152,0.170172
AGH,weak,50/50,uniform,16,4000000,262144,0.50,0.00,0.245959,16.263,2.211,0.543773
AGH,weak,50/50,skew,1,250000,262144,0.50,0.70,0.047517,5.261,0.340,0.016151
AGH,weak,50/50,skew,2,500000,262144,0.50,0.70,0.067583,7.398,0.498,0.033670
AGH,weak,50/50,skew,4,1000000,262144,0.50,0.70,0.150413,6.648,0.528,0.079489
AGH,weak,50/50,skew,8,2000000,262144,0.50,0.70,0.335917,5.954,0.664,0.222955
AGH,weak,50/50,skew,16,4000000,262144,0.50,0.70,0.673158,5.942,0.982,0.661140
AGH,weak,50/50,skew,1,250000,262144,0.50,0.90,0.045278,5.521,0.345,0.015599
AGH,weak,50/50,skew,2,500000,262144,0.50,0.90,0.065120,7.678,0.496,0.032304
AGH,weak,50/50,skew,4,1000000,262144,0.50,0.90,0.146512,6.825,0.525,0.076981
AGH,weak,50/50,skew,8,2000000,262144,0.50,0.90,0.334789,5.974,0.653,0.218748
AGH,weak,50/50,skew,16,4000000,262144,0.50,0.90,0.668882,5.980,0.963,0.644022
AGH,weak,50/50,skew,1,250000,262144,0.50,0.99,0.043700,5.721,0.350,0.015316
AGH,weak,50/50,skew,2,500000,262144,0.50,0.99,0.064230,7.785,0.498,0.031972
AGH,weak,50/50,skew,4,1000000,262144,0.50,0.99,0.144490,6.921,0.525,0.075888
AGH,weak,50/50,skew,8,2000000,262144,0.50,0.99,0.332580,6.014,0.650,0.216260
AGH,weak,50/50,skew,16,4000000,262144,0.50,0.99,0.667207,5.995,0.970,0.646896
AGH,weak,50/50,uniform,1,250000,1048576,0.50,0.00,0.043587,5.736,0.246,0.010739
AGH,weak,50/50,uniform,2,500000,1048576,0.50,0.00,0.066585,7.509,0.319,0.021266
AGH,weak,50/50,uniform,4,1000000,1048576,0.50,0.00,0.082448,12.129,0.516,0.042511
AGH,weak,50/50,uniform,8,2000000,1048576,0.50,0.00,0.109015,18.346,0.799,0.087136
AGH,weak,50/50,uniform,16,4000000,1048576,0.50,0.00,0.211866,18.880,1.169,0.247695
AGH,weak,50/50,skew,1,250000,1048576,0.50,0.70,0.048740,5.129,0.331,0.016140
AGH,weak,50/50,skew,2,500000,1048576,0.50,0.70,0.063151,7.918,0.510,0.032227
AGH,weak,50/50,skew,4,1000000,1048576,0.50,0.70,0.143397,6.974,0.452,0.064805
AGH,weak,50/50,skew,8,2000000,1048576,0.50,0.70,0.325313,6.148,0.459,0.149255
AGH,weak,50/50,skew,16,4000000,1048576,0.50,0.70,0.630641,6.343,0.548,0.345404
AGH,weak,50/50,skew,1,250000,1048576,0.50,0.90,0.046069,5.427,0.336,0.015468
AGH,weak,50/50,skew,2,500000,1048576,0.50,0.90,0.060266,8.296,0.515,0.031018
AGH,weak,50/50,skew,4,1000000,1048576,0.50,0.90,0.139161,7.186,0.444,0.061823
AGH,weak,50/50,skew,8,2000000,1048576,0.50,0.90,0.325630,6.142,0.446,0.145117
AGH,weak,50/50,skew,16,4000000,1048576,0.50,0.90,0.624567,6.404,0.536,0.334870
AGH,weak,50/50,skew,1,250000,1048576,0.50,0.99,0.044818,5.578,0.345,0.015484
AGH,weak,50/50,skew,2,500000,1048576,0.50,0.99,0.058785,8.506,0.518,0.030463
AGH,weak,50/50,skew,4,1000000,1048576,0.50,0.99,0.136512,7.325,0.447,0.061061
AGH,weak,50/50,skew,8,2000000,1048576,0.50,0.99,0.328999,6.079,0.433,0.142570
AGH,weak,50/50,skew,16,4000000,1048576,0.50,0.99,0.623199,6.418,0.533,0.332278
CSV_RESULTS_END
