AGH            strong  80/20 uniform  T= 1 ops= 2000000 buckets=  16384  time=3.0346  thr=0.66 Mops  speedup=0.45
AGH            strong  80/20 uniform  T= 2 ops= 2000000 buckets=  16384  time=1.5562  thr=1.29 Mops  speedup=0.88
AGH            strong  80/20 uniform  T= 4 ops= 2000000 buckets=  16384  time=0.7986  thr=2.50 Mops  speedup=1.72
AGH            strong  80/20 uniform  T= 8 ops= 2000000 buckets=  16384  time=0.4188  thr=4.78 Mops  speedup=3.28
AGH            strong  80/20 uniform  T=16 ops= 2000000 buckets=  16384  time=0.2809  thr=7.12 Mops  speedup=4.90
AGH            strong  80/20    skew  T= 1 ops= 2000000 buckets=  16384 p_hot=0.70  time=2.5809  thr=0.77 Mops  speedup=0.54
AGH            strong  80/20    skew  T= 2 ops= 2000000 buckets=  16384 p_hot=0.70  time=1.4518  thr=1.38 Mops  speedup=0.96
AGH            strong  80/20    skew  T= 4 ops= 2000000 buckets=  16384 p_hot=0.70  time=0.8331  thr=2.40 Mops  speedup=1.67
AGH            strong  80/20    skew  T= 8 ops= 2000000 buckets=  16384 p_hot=0.70  time=0.5740  thr=3.48 Mops  speedup=2.42
AGH            strong  80/20    skew  T=16 ops= 2000000 buckets=  16384 p_hot=0.70  time=0.4841  thr=4.13 Mops  speedup=2.87
AGH            strong  80/20    skew  T= 1 ops= 2000000 buckets=  16384 p_hot=0.90  time=2.0981  thr=0.95 Mops  speedup=0.66
AGH            strong  80/20    skew  T= 2 ops= 2000000 buckets=  16384 p_hot=0.90  time=1.1869  thr=1.69 Mops  speedup=1.16
AGH            strong  80/20    skew  T= 4 ops= 2000000 buckets=  16384 p_hot=0.90  time=0.7987  thr=2.50 Mops  speedup=1.73
AGH            strong  80/20    skew  T= 8 ops= 2000000 buckets=  16384 p_hot=0.90  time=0.6200  thr=3.23 Mops  speedup=2.22
AGH            strong  80/20    skew  T=16 ops= 2000000 buckets=  16384 p_hot=0.90  time=0.4772  thr=4.19 Mops  speedup=2.89
AGH            strong  80/20    skew  T= 1 ops= 2000000 buckets=  16384 p_hot=0.99  time=1.8828  thr=1.06 Mops  speedup=0.73
AGH            strong  80/20    skew  T= 2 ops= 2000000 buckets=  16384 p_hot=0.99  time=1.0990  thr=1.82 Mops  speedup=1.25
AGH            strong  80/20    skew  T= 4 ops= 2000000 buckets=  16384 p_hot=0.99  time=0.7039  thr=2.84 Mops  speedup=1.96
AGH            strong  80/20    skew  T= 8 ops= 2000000 buckets=  16384 p_hot=0.99  time=0.5743  thr=3.48 Mops  speedup=2.40
AGH            strong  80/20    skew  T=16 ops= 2000000 buckets=  16384 p_hot=0.99  time=0.4816  thr=4.15 Mops  speedup=2.86
AGH            strong  80/20 uniform  T= 1 ops= 2000000 buckets=  65536  time=0.8194  thr=2.44 Mops  speedup=0.37
AGH            strong  80/20 uniform  T= 2 ops= 2000000 buckets=  65536  time=0.5666  thr=3.53 Mops  speedup=0.54
AGH            strong  80/20 uniform  T= 4 ops= 2000000 buckets=  65536  time=0.3326  thr=6.01 Mops  speedup=0.92
AGH            strong  80/20 uniform  T= 8 ops= 2000000 buckets=  65536  time=0.2120  thr=9.43 Mops  speedup=1.45
AGH            strong  80/20 uniform  T=16 ops= 2000000 buckets=  65536  time=0.1546  thr=12.94 Mops  speedup=1.99
AGH            strong  80/20    skew  T= 1 ops= 2000000 buckets=  65536 p_hot=0.70  time=0.9049  thr=2.21 Mops  speedup=0.38
AGH            strong  80/20    skew  T= 2 ops= 2000000 buckets=  65536 p_hot=0.70  time=0.5007  thr=3.99 Mops  speedup=0.69
AGH            strong  80/20    skew  T= 4 ops= 2000000 buckets=  65536 p_hot=0.70  time=0.3588  thr=5.57 Mops  speedup=0.97
AGH            strong  80/20    skew  T= 8 ops= 2000000 buckets=  65536 p_hot=0.70  time=0.3283  thr=6.09 Mops  speedup=1.06
AGH            strong  80/20    skew  T=16 ops= 2000000 buckets=  65536 p_hot=0.70  time=0.3063  thr=6.53 Mops  speedup=1.14
AGH            strong  80/20    skew  T= 1 ops= 2000000 buckets=  65536 p_hot=0.90  time=0.7712  thr=2.59 Mops  speedup=0.46
AGH            strong  80/20    skew  T= 2 ops= 2000000 buckets=  65536 p_hot=0.90  time=0.4395  thr=4.55 Mops  speedup=0.80
AGH            strong  80/20    skew  T= 4 ops= 2000000 buckets=  65536 p_hot=0.90  time=0.3383  thr=5.91 Mops  speedup=1.04
AGH            strong  80/20    skew  T= 8 ops= 2000000 buckets=  65536 p_hot=0.90  time=0.3218  thr=6.22 Mops  speedup=1.10
AGH            strong  80/20    skew  T=16 ops= 2000000 buckets=  65536 p_hot=0.90  time=0.2950  thr=6.78 Mops  speedup=1.20
AGH            strong  80/20    skew  T= 1 ops= 2000000 buckets=  65536 p_hot=0.99  time=0.7127  thr=2.81 Mops  speedup=0.49
AGH            strong  80/20    skew  T= 2 ops= 2000000 buckets=  65536 p_hot=0.99  time=0.4106  thr=4.87 Mops  speedup=0.86
AGH            strong  80/20    skew  T= 4 ops= 2000000 buckets=  65536 p_hot=0.99  time=0.3233  thr=6.19 Mops  speedup=1.09
AGH            strong  80/20    skew  T= 8 ops= 2000000 buckets=  65536 p_hot=0.99  time=0.3201  thr=6.25 Mops  speedup=1.10
AGH            strong  80/20    skew  T=16 ops= 2000000 buckets=  65536 p_hot=0.99  time=0.2893  thr=6.91 Mops  speedup=1.22
AGH            strong  80/20 uniform  T= 1 ops= 2000000 buckets= 262144  time=0.3974  thr=5.03 Mops  speedup=0.27
AGH            strong  80/20 uniform  T= 2 ops= 2000000 buckets= 262144  time=0.2972  thr=6.73 Mops  speedup=0.36
AGH            strong  80/20 uniform  T= 4 ops= 2000000 buckets= 262144  time=0.2022  thr=9.89 Mops  speedup=0.53
AGH            strong  80/20 uniform  T= 8 ops= 2000000 buckets= 262144  time=0.1359  thr=14.72 Mops  speedup=0.78
AGH            strong  80/20 uniform  T=16 ops= 2000000 buckets= 262144  time=0.1136  thr=17.61 Mops  speedup=0.94
AGH            strong  80/20    skew  T= 1 ops= 2000000 buckets= 262144 p_hot=0.70  time=0.5205  thr=3.84 Mops  speedup=0.29
AGH            strong  80/20    skew  T= 2 ops= 2000000 buckets= 262144 p_hot=0.70  time=0.2970  thr=6.73 Mops  speedup=0.51
AGH            strong  80/20    skew  T= 4 ops= 2000000 buckets= 262144 p_hot=0.70  time=0.2671  thr=7.49 Mops  speedup=0.56
AGH            strong  80/20    skew  T= 8 ops= 2000000 buckets= 262144 p_hot=0.70  time=0.3066  thr=6.52 Mops  speedup=0.49
AGH            strong  80/20    skew  T=16 ops= 2000000 buckets= 262144 p_hot=0.70  time=0.2831  thr=7.07 Mops  speedup=0.53
AGH            strong  80/20    skew  T= 1 ops= 2000000 buckets= 262144 p_hot=0.90  time=0.4749  thr=4.21 Mops  speedup=0.31
AGH            strong  80/20    skew  T= 2 ops= 2000000 buckets= 262144 p_hot=0.90  time=0.2733  thr=7.32 Mops  speedup=0.54
AGH            strong  80/20    skew  T= 4 ops= 2000000 buckets= 262144 p_hot=0.90  time=0.2529  thr=7.91 Mops  speedup=0.58
AGH            strong  80/20    skew  T= 8 ops= 2000000 buckets= 262144 p_hot=0.90  time=0.2929  thr=6.83 Mops  speedup=0.50
AGH            strong  80/20    skew  T=16 ops= 2000000 buckets= 262144 p_hot=0.90  time=0.2715  thr=7.37 Mops  speedup=0.54
AGH            strong  80/20    skew  T= 1 ops= 2000000 buckets= 262144 p_hot=0.99  time=0.4491  thr=4.45 Mops  speedup=0.32
AGH            strong  80/20    skew  T= 2 ops= 2000000 buckets= 262144 p_hot=0.99  time=0.2616  thr=7.65 Mops  speedup=0.55
AGH            strong  80/20    skew  T= 4 ops= 2000000 buckets= 262144 p_hot=0.99  time=0.2478  thr=8.07 Mops  speedup=0.58
AGH            strong  80/20    skew  T= 8 ops= 2000000 buckets= 262144 p_hot=0.99  time=0.2879  thr=6.95 Mops  speedup=0.50
AGH            strong  80/20    skew  T=16 ops= 2000000 buckets= 262144 p_hot=0.99  time=0.2660  thr=7.52 Mops  speedup=0.54
AGH            strong  80/20 uniform  T= 1 ops= 2000000 buckets=1048576  time=0.3492  thr=5.73 Mops  speedup=0.17
AGH            strong  80/20 uniform  T= 2 ops= 2000000 buckets=1048576  time=0.2453  thr=8.15 Mops  speedup=0.24
AGH            strong  80/20 uniform  T= 4 ops= 2000000 buckets=1048576  time=0.1584  thr=12.63 Mops  speedup=0.37
AGH            strong  80/20 uniform  T= 8 ops= 2000000 buckets=1048576  time=0.1104  thr=18.11 Mops  speedup=0.53
AGH            strong  80/20 uniform  T=16 ops= 2000000 buckets=1048576  time=0.1053  thr=19.00 Mops  speedup=0.55
AGH            strong  80/20    skew  T= 1 ops= 2000000 buckets=1048576 p_hot=0.70  time=0.4328  thr=4.62 Mops  speedup=0.23
AGH            strong  80/20    skew  T= 2 ops= 2000000 buckets=1048576 p_hot=0.70  time=0.2500  thr=8.00 Mops  speedup=0.40
AGH            strong  80/20    skew  T= 4 ops= 2000000 buckets=1048576 p_hot=0.70  time=0.2535  thr=7.89 Mops  speedup=0.39
AGH            strong  80/20    skew  T= 8 ops= 2000000 buckets=1048576 p_hot=0.70  time=0.2993  thr=6.68 Mops  speedup=0.33
AGH            strong  80/20    skew  T=16 ops= 2000000 buckets=1048576 p_hot=0.70  time=0.2703  thr=7.40 Mops  speedup=0.37
AGH            strong  80/20    skew  T= 1 ops= 2000000 buckets=1048576 p_hot=0.90  time=0.4034  thr=4.96 Mops  speedup=0.23
AGH            strong  80/20    skew  T= 2 ops= 2000000 buckets=1048576 p_hot=0.90  time=0.2381  thr=8.40 Mops  speedup=0.40
AGH            strong  80/20    skew  T= 4 ops= 2000000 buckets=1048576 p_hot=0.90  time=0.2416  thr=8.28 Mops  speedup=0.39
AGH            strong  80/20    skew  T= 8 ops= 2000000 buckets=1048576 p_hot=0.90  time=0.2866  thr=6.98 Mops  speedup=0.33
AGH            strong  80/20    skew  T=16 ops= 2000000 buckets=1048576 p_hot=0.90  time=0.2571  thr=7.78 Mops  speedup=0.37
AGH            strong  80/20    skew  T= 1 ops= 2000000 buckets=1048576 p_hot=0.99  time=0.3887  thr=5.15 Mops  speedup=0.24
AGH            strong  80/20    skew  T= 2 ops= 2000000 buckets=1048576 p_hot=0.99  time=0.2319  thr=8.63 Mops  speedup=0.40
AGH            strong  80/20    skew  T= 4 ops= 2000000 buckets=1048576 p_hot=0.99  time=0.2378  thr=8.41 Mops  speedup=0.39
AGH            strong  80/20    skew  T= 8 ops= 2000000 buckets=1048576 p_hot=0.99  time=0.2858  thr=7.00 Mops  speedup=0.32
AGH            strong  80/20    skew  T=16 ops= 2000000 buckets=1048576 p_hot=0.99  time=0.2521  thr=7.93 Mops  speedup=0.37
AGH            strong  50/50 uniform  T= 1 ops= 2000000 buckets=  16384  time=3.3425  thr=0.60 Mops  speedup=0.72
AGH            strong  50/50 uniform  T= 2 ops= 2000000 buckets=  16384  time=2.2559  thr=0.89 Mops  speedup=1.07
AGH            strong  50/50 uniform  T= 4 ops= 2000000 buckets=  16384  time=1.2852  thr=1.56 Mops  speedup=1.88
AGH            strong  50/50 uniform  T= 8 ops= 2000000 buckets=  16384  time=0.7497  thr=2.67 Mops  speedup=3.22
AGH            strong  50/50 uniform  T=16 ops= 2000000 buckets=  16384  time=0.4966  thr=4.03 Mops  speedup=4.86
AGH            strong  50/50    skew  T= 1 ops= 2000000 buckets=  16384 p_hot=0.70  time=3.5282  thr=0.57 Mops  speedup=0.73
AGH            strong  50/50    skew  T= 2 ops= 2000000 buckets=  16384 p_hot=0.70  time=2.1932  thr=0.91 Mops  speedup=1.17
AGH            strong  50/50    skew  T= 4 ops= 2000000 buckets=  16384 p_hot=0.70  time=1.2938  thr=1.55 Mops  speedup=1.99
AGH            strong  50/50    skew  T= 8 ops= 2000000 buckets=  16384 p_hot=0.70  time=0.8281  thr=2.42 Mops  speedup=3.11
AGH            strong  50/50    skew  T=16 ops= 2000000 buckets=  16384 p_hot=0.70  time=0.5872  thr=3.41 Mops  speedup=4.38
AGH            strong  50/50    skew  T= 1 ops= 2000000 buckets=  16384 p_hot=0.90  time=3.2538  thr=0.61 Mops  speedup=0.79
AGH            strong  50/50    skew  T= 2 ops= 2000000 buckets=  16384 p_hot=0.90  time=2.0474  thr=0.98 Mops  speedup=1.26
AGH            strong  50/50    skew  T= 4 ops= 2000000 buckets=  16384 p_hot=0.90  time=1.3597  thr=1.47 Mops  speedup=1.90
AGH            strong  50/50    skew  T= 8 ops= 2000000 buckets=  16384 p_hot=0.90  time=0.8135  thr=2.46 Mops  speedup=3.18
AGH            strong  50/50    skew  T=16 ops= 2000000 buckets=  16384 p_hot=0.90  time=0.5894  thr=3.39 Mops  speedup=4.39
AGH            strong  50/50    skew  T= 1 ops= 2000000 buckets=  16384 p_hot=0.99  time=3.0983  thr=0.65 Mops  speedup=0.83
AGH            strong  50/50    skew  T= 2 ops= 2000000 buckets=  16384 p_hot=0.99  time=1.9547  thr=1.02 Mops  speedup=1.31
AGH            strong  50/50    skew  T= 4 ops= 2000000 buckets=  16384 p_hot=0.99  time=1.1853  thr=1.69 Mops  speedup=2.16
AGH            strong  50/50    skew  T= 8 ops= 2000000 buckets=  16384 p_hot=0.99  time=0.8080  thr=2.48 Mops  speedup=3.17
AGH            strong  50/50    skew  T=16 ops= 2000000 buckets=  16384 p_hot=0.99  time=0.5830  thr=3.43 Mops  speedup=4.39
AGH            strong  50/50 uniform  T= 1 ops= 2000000 buckets=  65536  time=0.9478  thr=2.11 Mops  speedup=0.50
AGH            strong  50/50 uniform  T= 2 ops= 2000000 buckets=  65536  time=0.7317  thr=2.73 Mops  speedup=0.64
AGH            strong  50/50 uniform  T= 4 ops= 2000000 buckets=  65536  time=0.4548  thr=4.40 Mops  speedup=1.03
AGH            strong  50/50 uniform  T= 8 ops= 2000000 buckets=  65536  time=0.2894  thr=6.91 Mops  speedup=1.62
AGH            strong  50/50 uniform  T=16 ops= 2000000 buckets=  65536  time=0.2269  thr=8.82 Mops  speedup=2.07
AGH            strong  50/50    skew  T= 1 ops= 2000000 buckets=  65536 p_hot=0.70  time=1.0012  thr=2.00 Mops  speedup=0.54
AGH            strong  50/50    skew  T= 2 ops= 2000000 buckets=  65536 p_hot=0.70  time=0.6988  thr=2.86 Mops  speedup=0.78
AGH            strong  50/50    skew  T= 4 ops= 2000000 buckets=  65536 p_hot=0.70  time=0.4909  thr=4.07 Mops  speedup=1.10
AGH            strong  50/50    skew  T= 8 ops= 2000000 buckets=  65536 p_hot=0.70  time=0.3664  thr=5.46 Mops  speedup=1.48
AGH            strong  50/50    skew  T=16 ops= 2000000 buckets=  65536 p_hot=0.70  time=0.3348  thr=5.97 Mops  speedup=1.62
AGH            strong  50/50    skew  T= 1 ops= 2000000 buckets=  65536 p_hot=0.90  time=0.9039  thr=2.21 Mops  speedup=0.59
AGH            strong  50/50    skew  T= 2 ops= 2000000 buckets=  65536 p_hot=0.90  time=0.6566  thr=3.05 Mops  speedup=0.81
AGH            strong  50/50    skew  T= 4 ops= 2000000 buckets=  65536 p_hot=0.90  time=0.4591  thr=4.36 Mops  speedup=1.16
AGH            strong  50/50    skew  T= 8 ops= 2000000 buckets=  65536 p_hot=0.90  time=0.3615  thr=5.53 Mops  speedup=1.48
AGH            strong  50/50    skew  T=16 ops= 2000000 buckets=  65536 p_hot=0.90  time=0.3258  thr=6.14 Mops  speedup=1.64
AGH            strong  50/50    skew  T= 1 ops= 2000000 buckets=  65536 p_hot=0.99  time=0.8712  thr=2.30 Mops  speedup=0.62
AGH            strong  50/50    skew  T= 2 ops= 2000000 buckets=  65536 p_hot=0.99  time=0.6431  thr=3.11 Mops  speedup=0.83
AGH            strong  50/50    skew  T= 4 ops= 2000000 buckets=  65536 p_hot=0.99  time=0.4516  thr=4.43 Mops  speedup=1.19
AGH            strong  50/50    skew  T= 8 ops= 2000000 buckets=  65536 p_hot=0.99  time=0.3592  thr=5.57 Mops  speedup=1.49
AGH            strong  50/50    skew  T=16 ops= 2000000 buckets=  65536 p_hot=0.99  time=0.3208  thr=6.23 Mops  speedup=1.67
AGH            strong  50/50 uniform  T= 1 ops= 2000000 buckets= 262144  time=0.4289  thr=4.66 Mops  speedup=0.33
AGH            strong  50/50 uniform  T= 2 ops= 2000000 buckets= 262144  time=0.3529  thr=5.67 Mops  speedup=0.41
AGH            strong  50/50 uniform  T= 4 ops= 2000000 buckets= 262144  time=0.2451  thr=8.16 Mops  speedup=0.58
AGH            strong  50/50 uniform  T= 8 ops= 2000000 buckets= 262144  time=0.1948  thr=10.27 Mops  speedup=0.73
AGH            strong  50/50 uniform  T=16 ops= 2000000 buckets= 262144  time=0.1855  thr=10.78 Mops  speedup=0.77
AGH            strong  50/50    skew  T= 1 ops= 2000000 buckets= 262144 p_hot=0.70  time=0.5164  thr=3.87 Mops  speedup=0.37
AGH            strong  50/50    skew  T= 2 ops= 2000000 buckets= 262144 p_hot=0.70  time=0.3553  thr=5.63 Mops  speedup=0.54
AGH            strong  50/50    skew  T= 4 ops= 2000000 buckets= 262144 p_hot=0.70  time=0.3019  thr=6.63 Mops  speedup=0.64
AGH            strong  50/50    skew  T= 8 ops= 2000000 buckets= 262144 p_hot=0.70  time=0.3295  thr=6.07 Mops  speedup=0.58
AGH            strong  50/50    skew  T=16 ops= 2000000 buckets= 262144 p_hot=0.70  time=0.3016  thr=6.63 Mops  speedup=0.64
AGH            strong  50/50    skew  T= 1 ops= 2000000 buckets= 262144 p_hot=0.90  time=0.4892  thr=4.09 Mops  speedup=0.38
AGH            strong  50/50    skew  T= 2 ops= 2000000 buckets= 262144 p_hot=0.90  time=0.3426  thr=5.84 Mops  speedup=0.55
AGH            strong  50/50    skew  T= 4 ops= 2000000 buckets= 262144 p_hot=0.90  time=0.2912  thr=6.87 Mops  speedup=0.64
AGH            strong  50/50    skew  T= 8 ops= 2000000 buckets= 262144 p_hot=0.90  time=0.3144  thr=6.36 Mops  speedup=0.60
AGH            strong  50/50    skew  T=16 ops= 2000000 buckets= 262144 p_hot=0.90  time=0.2883  thr=6.94 Mops  speedup=0.65
AGH            strong  50/50    skew  T= 1 ops= 2000000 buckets= 262144 p_hot=0.99  time=0.4715  thr=4.24 Mops  speedup=0.39
AGH            strong  50/50    skew  T= 2 ops= 2000000 buckets= 262144 p_hot=0.99  time=0.3343  thr=5.98 Mops  speedup=0.55
AGH            strong  50/50    skew  T= 4 ops= 2000000 buckets= 262144 p_hot=0.99  time=0.2892  thr=6.92 Mops  speedup=0.64
AGH            strong  50/50    skew  T= 8 ops= 2000000 buckets= 262144 p_hot=0.99  time=0.3080  thr=6.49 Mops  speedup=0.60
AGH            strong  50/50    skew  T=16 ops= 2000000 buckets= 262144 p_hot=0.99  time=0.2848  thr=7.02 Mops  speedup=0.65
AGH            strong  50/50 uniform  T= 1 ops= 2000000 buckets=1048576  time=0.3659  thr=5.47 Mops  speedup=0.27
AGH            strong  50/50 uniform  T= 2 ops= 2000000 buckets=1048576  time=0.2739  thr=7.30 Mops  speedup=0.37
AGH            strong  50/50 uniform  T= 4 ops= 2000000 buckets=1048576  time=0.1978  thr=10.11 Mops  speedup=0.51
AGH            strong  50/50 uniform  T= 8 ops= 2000000 buckets=1048576  time=0.1881  thr=10.63 Mops  speedup=0.53
AGH            strong  50/50 uniform  T=16 ops= 2000000 buckets=1048576  time=0.1780  thr=11.24 Mops  speedup=0.56
AGH            strong  50/50    skew  T= 1 ops= 2000000 buckets=1048576 p_hot=0.70  time=0.4429  thr=4.52 Mops  speedup=0.30
AGH            strong  50/50    skew  T= 2 ops= 2000000 buckets=1048576 p_hot=0.70  time=0.2859  thr=6.99 Mops  speedup=0.46
AGH            strong  50/50    skew  T= 4 ops= 2000000 buckets=1048576 p_hot=0.70  time=0.2740  thr=7.30 Mops  speedup=0.48
AGH            strong  50/50    skew  T= 8 ops= 2000000 buckets=1048576 p_hot=0.70  time=0.3221  thr=6.21 Mops  speedup=0.41
AGH            strong  50/50    skew  T=16 ops= 2000000 buckets=1048576 p_hot=0.70  time=0.2873  thr=6.96 Mops  speedup=0.46
AGH            strong  50/50    skew  T= 1 ops= 2000000 buckets=1048576 p_hot=0.90  time=0.4312  thr=4.64 Mops  speedup=0.31
AGH            strong  50/50    skew  T= 2 ops= 2000000 buckets=1048576 p_hot=0.90  time=0.2790  thr=7.17 Mops  speedup=0.48
AGH            strong  50/50    skew  T= 4 ops= 2000000 buckets=1048576 p_hot=0.90  time=0.2629  thr=7.61 Mops  speedup=0.51
AGH            strong  50/50    skew  T= 8 ops= 2000000 buckets=1048576 p_hot=0.90  time=0.3109  thr=6.43 Mops  speedup=0.43
AGH            strong  50/50    skew  T=16 ops= 2000000 buckets=1048576 p_hot=0.90  time=0.2746  thr=7.28 Mops  speedup=0.48
AGH            strong  50/50    skew  T= 1 ops= 2000000 buckets=1048576 p_hot=0.99  time=0.4157  thr=4.81 Mops  speedup=0.30
AGH            strong  50/50    skew  T= 2 ops= 2000000 buckets=1048576 p_hot=0.99  time=0.2738  thr=7.30 Mops  speedup=0.45
AGH            strong  50/50    skew  T= 4 ops= 2000000 buckets=1048576 p_hot=0.99  time=0.2583  thr=7.74 Mops  speedup=0.48
AGH            strong  50/50    skew  T= 8 ops= 2000000 buckets=1048576 p_hot=0.99  time=0.3060  thr=6.54 Mops  speedup=0.41
AGH            strong  50/50    skew  T=16 ops= 2000000 buckets=1048576 p_hot=0.99  time=0.2725  thr=7.34 Mops  speedup=0.46
AGH            weak  80/20 uniform  T= 1 ops=  250000 buckets=  16384  time=0.0393  thr=6.37 Mops  speedup=0.29
AGH            weak  80/20 uniform  T= 2 ops=  500000 buckets=  16384  time=0.1193  thr=4.19 Mops  speedup=0.35
AGH            weak  80/20 uniform  T= 4 ops= 1000000 buckets=  16384  time=0.2679  thr=3.73 Mops  speedup=0.95
AGH            weak  80/20 uniform  T= 8 ops= 2000000 buckets=  16384  time=0.5684  thr=3.52 Mops  speedup=2.10
AGH            weak  80/20 uniform  T=16 ops= 4000000 buckets=  16384  time=1.4187  thr=2.82 Mops  speedup=3.62
AGH            weak  80/20    skew  T= 1 ops=  250000 buckets=  16384 p_hot=0.70  time=0.0500  thr=5.00 Mops  speedup=0.34
AGH            weak  80/20    skew  T= 2 ops=  500000 buckets=  16384 p_hot=0.70  time=0.1073  thr=4.66 Mops  speedup=0.51
AGH            weak  80/20    skew  T= 4 ops= 1000000 buckets=  16384 p_hot=0.70  time=0.2572  thr=3.89 Mops  speedup=1.08
AGH            weak  80/20    skew  T= 8 ops= 2000000 buckets=  16384 p_hot=0.70  time=0.6098  thr=3.28 Mops  speedup=2.03
AGH            weak  80/20    skew  T=16 ops= 4000000 buckets=  16384 p_hot=0.70  time=1.5341  thr=2.61 Mops  speedup=3.41
AGH            weak  80/20    skew  T= 1 ops=  250000 buckets=  16384 p_hot=0.90  time=0.0449  thr=5.57 Mops  speedup=0.37
AGH            weak  80/20    skew  T= 2 ops=  500000 buckets=  16384 p_hot=0.90  time=0.0937  thr=5.33 Mops  speedup=0.58
AGH            weak  80/20    skew  T= 4 ops= 1000000 buckets=  16384 p_hot=0.90  time=0.2363  thr=4.23 Mops  speedup=1.17
AGH            weak  80/20    skew  T= 8 ops= 2000000 buckets=  16384 p_hot=0.90  time=0.5976  thr=3.35 Mops  speedup=2.09
AGH            weak  80/20    skew  T=16 ops= 4000000 buckets=  16384 p_hot=0.90  time=1.5198  thr=2.63 Mops  speedup=3.43
AGH            weak  80/20    skew  T= 1 ops=  250000 buckets=  16384 p_hot=0.99  time=0.0429  thr=5.82 Mops  speedup=0.38
AGH            weak  80/20    skew  T= 2 ops=  500000 buckets=  16384 p_hot=0.99  time=0.0875  thr=5.72 Mops  speedup=0.61
AGH            weak  80/20    skew  T= 4 ops= 1000000 buckets=  16384 p_hot=0.99  time=0.2307  thr=4.33 Mops  speedup=1.19
AGH            weak  80/20    skew  T= 8 ops= 2000000 buckets=  16384 p_hot=0.99  time=0.6033  thr=3.32 Mops  speedup=2.05
AGH            weak  80/20    skew  T=16 ops= 4000000 buckets=  16384 p_hot=0.99  time=1.5218  thr=2.63 Mops  speedup=3.42
AGH            weak  80/20 uniform  T= 1 ops=  250000 buckets=  65536  time=0.0315  thr=7.94 Mops  speedup=0.24
AGH            weak  80/20 uniform  T= 2 ops=  500000 buckets=  65536  time=0.0632  thr=7.91 Mops  speedup=0.33
AGH            weak  80/20 uniform  T= 4 ops= 1000000 buckets=  65536  time=0.1325  thr=7.55 Mops  speedup=0.55
AGH            weak  80/20 uniform  T= 8 ops= 2000000 buckets=  65536  time=0.2227  thr=8.98 Mops  speedup=1.25
AGH            weak  80/20 uniform  T=16 ops= 4000000 buckets=  65536  time=0.4538  thr=8.82 Mops  speedup=2.84
AGH            weak  80/20    skew  T= 1 ops=  250000 buckets=  65536 p_hot=0.70  time=0.0405  thr=6.17 Mops  speedup=0.32
AGH            weak  80/20    skew  T= 2 ops=  500000 buckets=  65536 p_hot=0.70  time=0.0626  thr=7.99 Mops  speedup=0.52
AGH            weak  80/20    skew  T= 4 ops= 1000000 buckets=  65536 p_hot=0.70  time=0.1406  thr=7.11 Mops  speedup=0.69
AGH            weak  80/20    skew  T= 8 ops= 2000000 buckets=  65536 p_hot=0.70  time=0.3329  thr=6.01 Mops  speedup=0.99
AGH            weak  80/20    skew  T=16 ops= 4000000 buckets=  65536 p_hot=0.70  time=0.7484  thr=5.34 Mops  speedup=1.84
AGH            weak  80/20    skew  T= 1 ops=  250000 buckets=  65536 p_hot=0.90  time=0.0379  thr=6.59 Mops  speedup=0.33
AGH            weak  80/20    skew  T= 2 ops=  500000 buckets=  65536 p_hot=0.90  time=0.0580  thr=8.63 Mops  speedup=0.54
AGH            weak  80/20    skew  T= 4 ops= 1000000 buckets=  65536 p_hot=0.90  time=0.1299  thr=7.70 Mops  speedup=0.73
AGH            weak  80/20    skew  T= 8 ops= 2000000 buckets=  65536 p_hot=0.90  time=0.3254  thr=6.15 Mops  speedup=1.00
AGH            weak  80/20    skew  T=16 ops= 4000000 buckets=  65536 p_hot=0.90  time=0.7357  thr=5.44 Mops  speedup=1.86
AGH            weak  80/20    skew  T= 1 ops=  250000 buckets=  65536 p_hot=0.99  time=0.0363  thr=6.89 Mops  speedup=0.34
AGH            weak  80/20    skew  T= 2 ops=  500000 buckets=  65536 p_hot=0.99  time=0.0557  thr=8.98 Mops  speedup=0.55
AGH            weak  80/20    skew  T= 4 ops= 1000000 buckets=  65536 p_hot=0.99  time=0.1251  thr=8.00 Mops  speedup=0.75
AGH            weak  80/20    skew  T= 8 ops= 2000000 buckets=  65536 p_hot=0.99  time=0.3244  thr=6.16 Mops  speedup=0.99
AGH            weak  80/20    skew  T=16 ops= 4000000 buckets=  65536 p_hot=0.99  time=0.7368  thr=5.43 Mops  speedup=1.85
AGH            weak  80/20 uniform  T= 1 ops=  250000 buckets= 262144  time=0.0374  thr=6.69 Mops  speedup=0.17
AGH            weak  80/20 uniform  T= 2 ops=  500000 buckets= 262144  time=0.0595  thr=8.40 Mops  speedup=0.23
AGH            weak  80/20 uniform  T= 4 ops= 1000000 buckets= 262144  time=0.0906  thr=11.04 Mops  speedup=0.37
AGH            weak  80/20 uniform  T= 8 ops= 2000000 buckets= 262144  time=0.1400  thr=14.29 Mops  speedup=0.71
AGH            weak  80/20 uniform  T=16 ops= 4000000 buckets= 262144  time=0.2585  thr=15.47 Mops  speedup=1.26
AGH            weak  80/20    skew  T= 1 ops=  250000 buckets= 262144 p_hot=0.70  time=0.0418  thr=5.97 Mops  speedup=0.28
AGH            weak  80/20    skew  T= 2 ops=  500000 buckets= 262144 p_hot=0.70  time=0.0560  thr=8.93 Mops  speedup=0.45
AGH            weak  80/20    skew  T= 4 ops= 1000000 buckets= 262144 p_hot=0.70  time=0.1257  thr=7.95 Mops  speedup=0.45
AGH            weak  80/20    skew  T= 8 ops= 2000000 buckets= 262144 p_hot=0.70  time=0.3070  thr=6.52 Mops  speedup=0.48
AGH            weak  80/20    skew  T=16 ops= 4000000 buckets= 262144 p_hot=0.70  time=0.5870  thr=6.81 Mops  speedup=0.72
AGH            weak  80/20    skew  T= 1 ops=  250000 buckets= 262144 p_hot=0.90  time=0.0378  thr=6.61 Mops  speedup=0.30
AGH            weak  80/20    skew  T= 2 ops=  500000 buckets= 262144 p_hot=0.90  time=0.0529  thr=9.44 Mops  speedup=0.45
AGH            weak  80/20    skew  T= 4 ops= 1000000 buckets= 262144 p_hot=0.90  time=0.1200  thr=8.33 Mops  speedup=0.45
AGH            weak  80/20    skew  T= 8 ops= 2000000 buckets= 262144 p_hot=0.90  time=0.2945  thr=6.79 Mops  speedup=0.48
AGH            weak  80/20    skew  T=16 ops= 4000000 buckets= 262144 p_hot=0.90  time=0.5616  thr=7.12 Mops  speedup=0.72
AGH            weak  80/20    skew  T= 1 ops=  250000 buckets= 262144 p_hot=0.99  time=0.0361  thr=6.92 Mops  speedup=0.31
AGH            weak  80/20    skew  T= 2 ops=  500000 buckets= 262144 p_hot=0.99  time=0.0513  thr=9.75 Mops  speedup=0.46
AGH            weak  80/20    skew  T= 4 ops= 1000000 buckets= 262144 p_hot=0.99  time=0.1168  thr=8.56 Mops  speedup=0.46
AGH            weak  80/20    skew  T= 8 ops= 2000000 buckets= 262144 p_hot=0.99  time=0.2877  thr=6.95 Mops  speedup=0.49
AGH            weak  80/20    skew  T=16 ops= 4000000 buckets= 262144 p_hot=0.99  time=0.5555  thr=7.20 Mops  speedup=0.73
AGH            weak  80/20 uniform  T= 1 ops=  250000 buckets=1048576  time=0.0380  thr=6.58 Mops  speedup=0.17
AGH            weak  80/20 uniform  T= 2 ops=  500000 buckets=1048576  time=0.0617  thr=8.11 Mops  speedup=0.21
AGH            weak  80/20 uniform  T= 4 ops= 1000000 buckets=1048576  time=0.0836  thr=11.96 Mops  speedup=0.30
AGH            weak  80/20 uniform  T= 8 ops= 2000000 buckets=1048576  time=0.1114  thr=17.95 Mops  speedup=0.48
AGH            weak  80/20 uniform  T=16 ops= 4000000 buckets=1048576  time=0.2183  thr=18.32 Mops  speedup=0.68
AGH            weak  80/20    skew  T= 1 ops=  250000 buckets=1048576 p_hot=0.70  time=0.0427  thr=5.85 Mops  speedup=0.28
AGH            weak  80/20    skew  T= 2 ops=  500000 buckets=1048576 p_hot=0.70  time=0.0554  thr=9.03 Mops  speedup=0.43
AGH            weak  80/20    skew  T= 4 ops= 1000000 buckets=1048576 p_hot=0.70  time=0.1226  thr=8.16 Mops  speedup=0.39
AGH            weak  80/20    skew  T= 8 ops= 2000000 buckets=1048576 p_hot=0.70  time=0.3008  thr=6.65 Mops  speedup=0.35
AGH            weak  80/20    skew  T=16 ops= 4000000 buckets=1048576 p_hot=0.70  time=0.5536  thr=7.23 Mops  speedup=0.43
AGH            weak  80/20    skew  T= 1 ops=  250000 buckets=1048576 p_hot=0.90  time=0.0390  thr=6.42 Mops  speedup=0.29
AGH            weak  80/20    skew  T= 2 ops=  500000 buckets=1048576 p_hot=0.90  time=0.0516  thr=9.69 Mops  speedup=0.44
AGH            weak  80/20    skew  T= 4 ops= 1000000 buckets=1048576 p_hot=0.90  time=0.1171  thr=8.54 Mops  speedup=0.38
AGH            weak  80/20    skew  T= 8 ops= 2000000 buckets=1048576 p_hot=0.90  time=0.2882  thr=6.94 Mops  speedup=0.33
AGH            weak  80/20    skew  T=16 ops= 4000000 buckets=1048576 p_hot=0.90  time=0.5332  thr=7.50 Mops  speedup=0.40
AGH            weak  80/20    skew  T= 1 ops=  250000 buckets=1048576 p_hot=0.99  time=0.0370  thr=6.75 Mops  speedup=0.30
AGH            weak  80/20    skew  T= 2 ops=  500000 buckets=1048576 p_hot=0.99  time=0.0497  thr=10.06 Mops  speedup=0.44
AGH            weak  80/20    skew  T= 4 ops= 1000000 buckets=1048576 p_hot=0.99  time=0.1147  thr=8.72 Mops  speedup=0.39
AGH            weak  80/20    skew  T= 8 ops= 2000000 buckets=1048576 p_hot=0.99  time=0.2837  thr=7.05 Mops  speedup=0.33
AGH            weak  80/20    skew  T=16 ops= 4000000 buckets=1048576 p_hot=0.99  time=0.5234  thr=7.64 Mops  speedup=0.41
AGH            weak  50/50 uniform  T= 1 ops=  250000 buckets=  16384  time=0.0530  thr=4.72 Mops  speedup=0.37
AGH            weak  50/50 uniform  T= 2 ops=  500000 buckets=  16384  time=0.1653  thr=3.02 Mops  speedup=0.57
AGH            weak  50/50 uniform  T= 4 ops= 1000000 buckets=  16384  time=0.4017  thr=2.49 Mops  speedup=1.36
AGH            weak  50/50 uniform  T= 8 ops= 2000000 buckets=  16384  time=0.8312  thr=2.41 Mops  speedup=2.82
AGH            weak  50/50 uniform  T=16 ops= 4000000 buckets=  16384  time=1.9085  thr=2.10 Mops  speedup=5.58
AGH            weak  50/50    skew  T= 1 ops=  250000 buckets=  16384 p_hot=0.70  time=0.0581  thr=4.30 Mops  speedup=0.44
AGH            weak  50/50    skew  T= 2 ops=  500000 buckets=  16384 p_hot=0.70  time=0.1587  thr=3.15 Mops  speedup=0.71
AGH            weak  50/50    skew  T= 4 ops= 1000000 buckets=  16384 p_hot=0.70  time=0.4030  thr=2.48 Mops  speedup=1.43
AGH            weak  50/50    skew  T= 8 ops= 2000000 buckets=  16384 p_hot=0.70  time=0.8524  thr=2.35 Mops  speedup=2.84
AGH            weak  50/50    skew  T=16 ops= 4000000 buckets=  16384 p_hot=0.70  time=2.0119  thr=1.99 Mops  speedup=5.43
AGH            weak  50/50    skew  T= 1 ops=  250000 buckets=  16384 p_hot=0.90  time=0.0556  thr=4.49 Mops  speedup=0.45
AGH            weak  50/50    skew  T= 2 ops=  500000 buckets=  16384 p_hot=0.90  time=0.1509  thr=3.31 Mops  speedup=0.74
AGH            weak  50/50    skew  T= 4 ops= 1000000 buckets=  16384 p_hot=0.90  time=0.3883  thr=2.58 Mops  speedup=1.47
AGH            weak  50/50    skew  T= 8 ops= 2000000 buckets=  16384 p_hot=0.90  time=0.8419  thr=2.38 Mops  speedup=2.86
AGH            weak  50/50    skew  T=16 ops= 4000000 buckets=  16384 p_hot=0.90  time=1.9956  thr=2.00 Mops  speedup=5.42
AGH            weak  50/50    skew  T= 1 ops=  250000 buckets=  16384 p_hot=0.99  time=0.0528  thr=4.74 Mops  speedup=0.47
AGH            weak  50/50    skew  T= 2 ops=  500000 buckets=  16384 p_hot=0.99  time=0.1468  thr=3.41 Mops  speedup=0.75
AGH            weak  50/50    skew  T= 4 ops= 1000000 buckets=  16384 p_hot=0.99  time=0.3599  thr=2.78 Mops  speedup=1.59
AGH            weak  50/50    skew  T= 8 ops= 2000000 buckets=  16384 p_hot=0.99  time=0.8389  thr=2.38 Mops  speedup=2.89
AGH            weak  50/50    skew  T=16 ops= 4000000 buckets=  16384 p_hot=0.99  time=1.9846  thr=2.02 Mops  speedup=5.48
AGH            weak  50/50 uniform  T= 1 ops=  250000 buckets=  65536  time=0.0370  thr=6.76 Mops  speedup=0.34
AGH            weak  50/50 uniform  T= 2 ops=  500000 buckets=  65536  time=0.0788  thr=6.35 Mops  speedup=0.45
AGH            weak  50/50 uniform  T= 4 ops= 1000000 buckets=  65536  time=0.1655  thr=6.04 Mops  speedup=0.70
AGH            weak  50/50 uniform  T= 8 ops= 2000000 buckets=  65536  time=0.2981  thr=6.71 Mops  speedup=1.57
AGH            weak  50/50 uniform  T=16 ops= 4000000 buckets=  65536  time=0.6021  thr=6.64 Mops  speedup=4.06
AGH            weak  50/50    skew  T= 1 ops=  250000 buckets=  65536 p_hot=0.70  time=0.0448  thr=5.57 Mops  speedup=0.42
AGH            weak  50/50    skew  T= 2 ops=  500000 buckets=  65536 p_hot=0.70  time=0.0773  thr=6.47 Mops  speedup=0.62
AGH            weak  50/50    skew  T= 4 ops= 1000000 buckets=  65536 p_hot=0.70  time=0.1687  thr=5.93 Mops  speedup=0.82
AGH            weak  50/50    skew  T= 8 ops= 2000000 buckets=  65536 p_hot=0.70  time=0.3811  thr=5.25 Mops  speedup=1.37
AGH            weak  50/50    skew  T=16 ops= 4000000 buckets=  65536 p_hot=0.70  time=0.8646  thr=4.63 Mops  speedup=2.88
AGH            weak  50/50    skew  T= 1 ops=  250000 buckets=  65536 p_hot=0.90  time=0.0429  thr=5.82 Mops  speedup=0.41
AGH            weak  50/50    skew  T= 2 ops=  500000 buckets=  65536 p_hot=0.90  time=0.0737  thr=6.78 Mops  speedup=0.63
AGH            weak  50/50    skew  T= 4 ops= 1000000 buckets=  65536 p_hot=0.90  time=0.1616  thr=6.19 Mops  speedup=0.84
AGH            weak  50/50    skew  T= 8 ops= 2000000 buckets=  65536 p_hot=0.90  time=0.3708  thr=5.39 Mops  speedup=1.41
AGH            weak  50/50    skew  T=16 ops= 4000000 buckets=  65536 p_hot=0.90  time=0.8588  thr=4.66 Mops  speedup=2.88
AGH            weak  50/50    skew  T= 1 ops=  250000 buckets=  65536 p_hot=0.99  time=0.0420  thr=5.95 Mops  speedup=0.42
AGH            weak  50/50    skew  T= 2 ops=  500000 buckets=  65536 p_hot=0.99  time=0.0724  thr=6.91 Mops  speedup=0.64
AGH            weak  50/50    skew  T= 4 ops= 1000000 buckets=  65536 p_hot=0.99  time=0.1597  thr=6.26 Mops  speedup=0.83
AGH            weak  50/50    skew  T= 8 ops= 2000000 buckets=  65536 p_hot=0.99  time=0.3648  thr=5.48 Mops  speedup=1.42
AGH            weak  50/50    skew  T=16 ops= 4000000 buckets=  65536 p_hot=0.99  time=0.8572  thr=4.67 Mops  speedup=2.90
AGH            weak  50/50 uniform  T= 1 ops=  250000 buckets= 262144  time=0.0421  thr=5.93 Mops  speedup=0.25
AGH            weak  50/50 uniform  T= 2 ops=  500000 buckets= 262144  time=0.0677  thr=7.39 Mops  speedup=0.32
AGH            weak  50/50 uniform  T= 4 ops= 1000000 buckets= 262144  time=0.1154  thr=8.66 Mops  speedup=0.46
AGH            weak  50/50 uniform  T= 8 ops= 2000000 buckets= 262144  time=0.1982  thr=10.09 Mops  speedup=0.81
AGH            weak  50/50 uniform  T=16 ops= 4000000 buckets= 262144  time=0.4006  thr=9.99 Mops  speedup=1.40
AGH            weak  50/50    skew  T= 1 ops=  250000 buckets= 262144 p_hot=0.70  time=0.0472  thr=5.30 Mops  speedup=0.34
AGH            weak  50/50    skew  T= 2 ops=  500000 buckets= 262144 p_hot=0.70  time=0.0671  thr=7.45 Mops  speedup=0.49
AGH            weak  50/50    skew  T= 4 ops= 1000000 buckets= 262144 p_hot=0.70  time=0.1385  thr=7.22 Mops  speedup=0.55
AGH            weak  50/50    skew  T= 8 ops= 2000000 buckets= 262144 p_hot=0.70  time=0.3299  thr=6.06 Mops  speedup=0.64
AGH            weak  50/50    skew  T=16 ops= 4000000 buckets= 262144 p_hot=0.70  time=0.6195  thr=6.46 Mops  speedup=1.07
AGH            weak  50/50    skew  T= 1 ops=  250000 buckets= 262144 p_hot=0.90  time=0.0446  thr=5.61 Mops  speedup=0.35
AGH            weak  50/50    skew  T= 2 ops=  500000 buckets= 262144 p_hot=0.90  time=0.0651  thr=7.68 Mops  speedup=0.49
AGH            weak  50/50    skew  T= 4 ops= 1000000 buckets= 262144 p_hot=0.90  time=0.1358  thr=7.36 Mops  speedup=0.54
AGH            weak  50/50    skew  T= 8 ops= 2000000 buckets= 262144 p_hot=0.90  time=0.3154  thr=6.34 Mops  speedup=0.66
AGH            weak  50/50    skew  T=16 ops= 4000000 buckets= 262144 p_hot=0.90  time=0.5954  thr=6.72 Mops  speedup=1.10
AGH            weak  50/50    skew  T= 1 ops=  250000 buckets= 262144 p_hot=0.99  time=0.0435  thr=5.75 Mops  speedup=0.35
AGH            weak  50/50    skew  T= 2 ops=  500000 buckets= 262144 p_hot=0.99  time=0.0640  thr=7.81 Mops  speedup=0.49
AGH            weak  50/50    skew  T= 4 ops= 1000000 buckets= 262144 p_hot=0.99  time=0.1306  thr=7.66 Mops  speedup=0.56
AGH            weak  50/50    skew  T= 8 ops= 2000000 buckets= 262144 p_hot=0.99  time=0.3098  thr=6.46 Mops  speedup=0.66
AGH            weak  50/50    skew  T=16 ops= 4000000 buckets= 262144 p_hot=0.99  time=0.5877  thr=6.81 Mops  speedup=1.11
AGH            weak  50/50 uniform  T= 1 ops=  250000 buckets=1048576  time=0.0424  thr=5.90 Mops  speedup=0.25
AGH            weak  50/50 uniform  T= 2 ops=  500000 buckets=1048576  time=0.0653  thr=7.65 Mops  speedup=0.33
AGH            weak  50/50 uniform  T= 4 ops= 1000000 buckets=1048576  time=0.0981  thr=10.19 Mops  speedup=0.44
AGH            weak  50/50 uniform  T= 8 ops= 2000000 buckets=1048576  time=0.1895  thr=10.55 Mops  speedup=0.45
AGH            weak  50/50 uniform  T=16 ops= 4000000 buckets=1048576  time=0.3563  thr=11.23 Mops  speedup=0.67
AGH            weak  50/50    skew  T= 1 ops=  250000 buckets=1048576 p_hot=0.70  time=0.0464  thr=5.39 Mops  speedup=0.34
AGH            weak  50/50    skew  T= 2 ops=  500000 buckets=1048576 p_hot=0.70  time=0.0603  thr=8.29 Mops  speedup=0.53
AGH            weak  50/50    skew  T= 4 ops= 1000000 buckets=1048576 p_hot=0.70  time=0.1307  thr=7.65 Mops  speedup=0.49
AGH            weak  50/50    skew  T= 8 ops= 2000000 buckets=1048576 p_hot=0.70  time=0.3211  thr=6.23 Mops  speedup=0.45
AGH            weak  50/50    skew  T=16 ops= 4000000 buckets=1048576 p_hot=0.70  time=0.5846  thr=6.84 Mops  speedup=0.58
AGH            weak  50/50    skew  T= 1 ops=  250000 buckets=1048576 p_hot=0.90  time=0.0453  thr=5.52 Mops  speedup=0.34
AGH            weak  50/50    skew  T= 2 ops=  500000 buckets=1048576 p_hot=0.90  time=0.0589  thr=8.49 Mops  speedup=0.52
AGH            weak  50/50    skew  T= 4 ops= 1000000 buckets=1048576 p_hot=0.90  time=0.1259  thr=7.94 Mops  speedup=0.49
AGH            weak  50/50    skew  T= 8 ops= 2000000 buckets=1048576 p_hot=0.90  time=0.3093  thr=6.47 Mops  speedup=0.46
AGH            weak  50/50    skew  T=16 ops= 4000000 buckets=1048576 p_hot=0.90  time=0.5613  thr=7.13 Mops  speedup=0.58
AGH            weak  50/50    skew  T= 1 ops=  250000 buckets=1048576 p_hot=0.99  time=0.0426  thr=5.87 Mops  speedup=0.35
AGH            weak  50/50    skew  T= 2 ops=  500000 buckets=1048576 p_hot=0.99  time=0.0566  thr=8.84 Mops  speedup=0.53
AGH            weak  50/50    skew  T= 4 ops= 1000000 buckets=1048576 p_hot=0.99  time=0.1225  thr=8.16 Mops  speedup=0.49
AGH            weak  50/50    skew  T= 8 ops= 2000000 buckets=1048576 p_hot=0.99  time=0.3042  thr=6.57 Mops  speedup=0.46
AGH            weak  50/50    skew  T=16 ops= 4000000 buckets=1048576 p_hot=0.99  time=0.5510  thr=7.26 Mops  speedup=0.59
CSV_RESULTS_BEGIN
impl,mode,mix,dist,threads,ops,bucket_count,read_ratio,p_hot,time_s,throughput_mops,speedup,seq_baseline_s
AGH,strong,80/20,uniform,1,2000000,16384,0.80,0.00,3.034579,0.659,0.453,1.375494
AGH,strong,80/20,uniform,2,2000000,16384,0.80,0.00,1.556176,1.285,0.884,1.375494
AGH,strong,80/20,uniform,4,2000000,16384,0.80,0.00,0.798565,2.504,1.722,1.375494
AGH,strong,80/20,uniform,8,2000000,16384,0.80,0.00,0.418790,4.776,3.284,1.375494
AGH,strong,80/20,uniform,16,2000000,16384,0.80,0.00,0.280947,7.119,4.896,1.375494
AGH,strong,80/20,skew,1,2000000,16384,0.80,0.70,2.580903,0.775,0.538,1.389683
AGH,strong,80/20,skew,2,2000000,16384,0.80,0.70,1.451751,1.378,0.957,1.389683
AGH,strong,80/20,skew,4,2000000,16384,0.80,0.70,0.833143,2.401,1.668,1.389683
AGH,strong,80/20,skew,8,2000000,16384,0.80,0.70,0.574032,3.484,2.421,1.389683
AGH,strong,80/20,skew,16,2000000,16384,0.80,0.70,0.484078,4.132,2.871,1.389683
AGH,strong,80/20,skew,1,2000000,16384,0.80,0.90,2.098082,0.953,0.657,1.378875
AGH,strong,80/20,skew,2,2000000,16384,0.80,0.90,1.186905,1.685,1.162,1.378875
AGH,strong,80/20,skew,4,2000000,16384,0.80,0.90,0.798653,2.504,1.727,1.378875
AGH,strong,80/20,skew,8,2000000,16384,0.80,0.90,0.619978,3.226,2.224,1.378875
AGH,strong,80/20,skew,16,2000000,16384,0.80,0.90,0.477204,4.191,2.889,1.378875
AGH,strong,80/20,skew,1,2000000,16384,0.80,0.99,1.882769,1.062,0.732,1.377502
AGH,strong,80/20,skew,2,2000000,16384,0.80,0.99,1.099029,1.820,1.253,1.377502
AGH,strong,80/20,skew,4,2000000,16384,0.80,0.99,0.703872,2.841,1.957,1.377502
AGH,strong,80/20,skew,8,2000000,16384,0.80,0.99,0.574349,3.482,2.398,1.377502
AGH,strong,80/20,skew,16,2000000,16384,0.80,0.99,0.481617,4.153,2.860,1.377502
AGH,strong,80/20,uniform,1,2000000,65536,0.80,0.00,0.819411,2.441,0.374,0.306829
AGH,strong,80/20,uniform,2,2000000,65536,0.80,0.00,0.566565,3.530,0.542,0.306829
AGH,strong,80/20,uniform,4,2000000,65536,0.80,0.00,0.332619,6.013,0.922,0.306829
AGH,strong,80/20,uniform,8,2000000,65536,0.80,0.00,0.211987,9.435,1.447,0.306829
AGH,strong,80/20,uniform,16,2000000,65536,0.80,0.00,0.154566,12.939,1.985,0.306829
AGH,strong,80/20,skew,1,2000000,65536,0.80,0.70,0.904901,2.210,0.384,0.347660
AGH,strong,80/20,skew,2,2000000,65536,0.80,0.70,0.500672,3.995,0.694,0.347660
AGH,strong,80/20,skew,4,2000000,65536,0.80,0.70,0.358822,5.574,0.969,0.347660
AGH,strong,80/20,skew,8,2000000,65536,0.80,0.70,0.328338,6.091,1.059,0.347660
AGH,strong,80/20,skew,16,2000000,65536,0.80,0.70,0.306295,6.530,1.135,0.347660
AGH,strong,80/20,skew,1,2000000,65536,0.80,0.90,0.771181,2.593,0.458,0.353241
AGH,strong,80/20,skew,2,2000000,65536,0.80,0.90,0.439483,4.551,0.804,0.353241
AGH,strong,80/20,skew,4,2000000,65536,0.80,0.90,0.338303,5.912,1.044,0.353241
AGH,strong,80/20,skew,8,2000000,65536,0.80,0.90,0.321767,6.216,1.098,0.353241
AGH,strong,80/20,skew,16,2000000,65536,0.80,0.90,0.295037,6.779,1.197,0.353241
AGH,strong,80/20,skew,1,2000000,65536,0.80,0.99,0.712711,2.806,0.494,0.351866
AGH,strong,80/20,skew,2,2000000,65536,0.80,0.99,0.410592,4.871,0.857,0.351866
AGH,strong,80/20,skew,4,2000000,65536,0.80,0.99,0.323304,6.186,1.088,0.351866
AGH,strong,80/20,skew,8,2000000,65536,0.80,0.99,0.320078,6.248,1.099,0.351866
AGH,strong,80/20,skew,16,2000000,65536,0.80,0.99,0.289337,6.912,1.216,0.351866
AGH,strong,80/20,uniform,1,2000000,262144,0.80,0.00,0.397411,5.033,0.268,0.106340
AGH,strong,80/20,uniform,2,2000000,262144,0.80,0.00,0.297152,6.731,0.358,0.106340
AGH,strong,80/20,uniform,4,2000000,262144,0.80,0.00,0.202200,9.891,0.526,0.106340
AGH,strong,80/20,uniform,8,2000000,262144,0.80,0.00,0.135875,14.719,0.783,0.106340
AGH,strong,80/20,uniform,16,2000000,262144,0.80,0.00,0.113571,17.610,0.936,0.106340
AGH,strong,80/20,skew,1,2000000,262144,0.80,0.70,0.520503,3.842,0.289,0.150498
AGH,strong,80/20,skew,2,2000000,262144,0.80,0.70,0.297000,6.734,0.507,0.150498
AGH,strong,80/20,skew,4,2000000,262144,0.80,0.70,0.267133,7.487,0.563,0.150498
AGH,strong,80/20,skew,8,2000000,262144,0.80,0.70,0.306551,6.524,0.491,0.150498
AGH,strong,80/20,skew,16,2000000,262144,0.80,0.70,0.283055,7.066,0.532,0.150498
AGH,strong,80/20,skew,1,2000000,262144,0.80,0.90,0.474886,4.212,0.310,0.147014
AGH,strong,80/20,skew,2,2000000,262144,0.80,0.90,0.273278,7.319,0.538,0.147014
AGH,strong,80/20,skew,4,2000000,262144,0.80,0.90,0.252900,7.908,0.581,0.147014
AGH,strong,80/20,skew,8,2000000,262144,0.80,0.90,0.292855,6.829,0.502,0.147014
AGH,strong,80/20,skew,16,2000000,262144,0.80,0.90,0.271456,7.368,0.542,0.147014
AGH,strong,80/20,skew,1,2000000,262144,0.80,0.99,0.449126,4.453,0.322,0.144778
AGH,strong,80/20,skew,2,2000000,262144,0.80,0.99,0.261599,7.645,0.553,0.144778
AGH,strong,80/20,skew,4,2000000,262144,0.80,0.99,0.247785,8.072,0.584,0.144778
AGH,strong,80/20,skew,8,2000000,262144,0.80,0.99,0.287944,6.946,0.503,0.144778
AGH,strong,80/20,skew,16,2000000,262144,0.80,0.99,0.265976,7.519,0.544,0.144778
AGH,strong,80/20,uniform,1,2000000,1048576,0.80,0.00,0.349245,5.727,0.167,0.058304
AGH,strong,80/20,uniform,2,2000000,1048576,0.80,0.00,0.245348,8.152,0.238,0.058304
AGH,strong,80/20,uniform,4,2000000,1048576,0.80,0.00,0.158357,12.630,0.368,0.058304
AGH,strong,80/20,uniform,8,2000000,1048576,0.80,0.00,0.110424,18.112,0.528,0.058304
AGH,strong,80/20,uniform,16,2000000,1048576,0.80,0.00,0.105263,19.000,0.554,0.058304
AGH,strong,80/20,skew,1,2000000,1048576,0.80,0.70,0.432806,4.621,0.229,0.099231
AGH,strong,80/20,skew,2,2000000,1048576,0.80,0.70,0.249996,8.000,0.397,0.099231
AGH,strong,80/20,skew,4,2000000,1048576,0.80,0.70,0.253511,7.889,0.391,0.099231
AGH,strong,80/20,skew,8,2000000,1048576,0.80,0.70,0.299267,6.683,0.332,0.099231
AGH,strong,80/20,skew,16,2000000,1048576,0.80,0.70,0.270266,7.400,0.367,0.099231
AGH,strong,80/20,skew,1,2000000,1048576,0.80,0.90,0.403429,4.957,0.234,0.094327
AGH,strong,80/20,skew,2,2000000,1048576,0.80,0.90,0.238142,8.398,0.396,0.094327
AGH,strong,80/20,skew,4,2000000,1048576,0.80,0.90,0.241638,8.277,0.390,0.094327
AGH,strong,80/20,skew,8,2000000,1048576,0.80,0.90,0.286570,6.979,0.329,0.094327
AGH,strong,80/20,skew,16,2000000,1048576,0.80,0.90,0.257085,7.780,0.367,0.094327
AGH,strong,80/20,skew,1,2000000,1048576,0.80,0.99,0.388651,5.146,0.238,0.092387
AGH,strong,80/20,skew,2,2000000,1048576,0.80,0.99,0.231876,8.625,0.398,0.092387
AGH,strong,80/20,skew,4,2000000,1048576,0.80,0.99,0.237759,8.412,0.389,0.092387
AGH,strong,80/20,skew,8,2000000,1048576,0.80,0.99,0.285804,6.998,0.323,0.092387
AGH,strong,80/20,skew,16,2000000,1048576,0.80,0.99,0.252083,7.934,0.366,0.092387
AGH,strong,50/50,uniform,1,2000000,16384,0.50,0.00,3.342531,0.598,0.722,2.414014
AGH,strong,50/50,uniform,2,2000000,16384,0.50,0.00,2.255856,0.887,1.070,2.414014
AGH,strong,50/50,uniform,4,2000000,16384,0.50,0.00,1.285202,1.556,1.878,2.414014
AGH,strong,50/50,uniform,8,2000000,16384,0.50,0.00,0.749665,2.668,3.220,2.414014
AGH,strong,50/50,uniform,16,2000000,16384,0.50,0.00,0.496566,4.028,4.861,2.414014
AGH,strong,50/50,skew,1,2000000,16384,0.50,0.70,3.528239,0.567,0.729,2.572706
AGH,strong,50/50,skew,2,2000000,16384,0.50,0.70,2.193192,0.912,1.173,2.572706
AGH,strong,50/50,skew,4,2000000,16384,0.50,0.70,1.293789,1.546,1.989,2.572706
AGH,strong,50/50,skew,8,2000000,16384,0.50,0.70,0.828073,2.415,3.107,2.572706
AGH,strong,50/50,skew,16,2000000,16384,0.50,0.70,0.587208,3.406,4.381,2.572706
AGH,strong,50/50,skew,1,2000000,16384,0.50,0.90,3.253762,0.615,0.794,2.584530
AGH,strong,50/50,skew,2,2000000,16384,0.50,0.90,2.047390,0.977,1.262,2.584530
AGH,strong,50/50,skew,4,2000000,16384,0.50,0.90,1.359689,1.471,1.901,2.584530
AGH,strong,50/50,skew,8,2000000,16384,0.50,0.90,0.813510,2.458,3.177,2.584530
AGH,strong,50/50,skew,16,2000000,16384,0.50,0.90,0.589391,3.393,4.385,2.584530
AGH,strong,50/50,skew,1,2000000,16384,0.50,0.99,3.098310,0.646,0.827,2.561629
AGH,strong,50/50,skew,2,2000000,16384,0.50,0.99,1.954667,1.023,1.311,2.561629
AGH,strong,50/50,skew,4,2000000,16384,0.50,0.99,1.185288,1.687,2.161,2.561629
AGH,strong,50/50,skew,8,2000000,16384,0.50,0.99,0.808048,2.475,3.170,2.561629
AGH,strong,50/50,skew,16,2000000,16384,0.50,0.99,0.582992,3.431,4.394,2.561629
AGH,strong,50/50,uniform,1,2000000,65536,0.50,0.00,0.947835,2.110,0.496,0.470013
AGH,strong,50/50,uniform,2,2000000,65536,0.50,0.00,0.731660,2.734,0.642,0.470013
AGH,strong,50/50,uniform,4,2000000,65536,0.50,0.00,0.454784,4.398,1.033,0.470013
AGH,strong,50/50,uniform,8,2000000,65536,0.50,0.00,0.289371,6.912,1.624,0.470013
AGH,strong,50/50,uniform,16,2000000,65536,0.50,0.00,0.226884,8.815,2.072,0.470013
AGH,strong,50/50,skew,1,2000000,65536,0.50,0.70,1.001205,1.998,0.541,0.541634
AGH,strong,50/50,skew,2,2000000,65536,0.50,0.70,0.698762,2.862,0.775,0.541634
AGH,strong,50/50,skew,4,2000000,65536,0.50,0.70,0.490921,4.074,1.103,0.541634
AGH,strong,50/50,skew,8,2000000,65536,0.50,0.70,0.366427,5.458,1.478,0.541634
AGH,strong,50/50,skew,16,2000000,65536,0.50,0.70,0.334845,5.973,1.618,0.541634
AGH,strong,50/50,skew,1,2000000,65536,0.50,0.90,0.903946,2.213,0.590,0.533691
AGH,strong,50/50,skew,2,2000000,65536,0.50,0.90,0.656591,3.046,0.813,0.533691
AGH,strong,50/50,skew,4,2000000,65536,0.50,0.90,0.459077,4.357,1.163,0.533691
AGH,strong,50/50,skew,8,2000000,65536,0.50,0.90,0.361458,5.533,1.476,0.533691
AGH,strong,50/50,skew,16,2000000,65536,0.50,0.90,0.325815,6.138,1.638,0.533691
AGH,strong,50/50,skew,1,2000000,65536,0.50,0.99,0.871178,2.296,0.615,0.536099
AGH,strong,50/50,skew,2,2000000,65536,0.50,0.99,0.643059,3.110,0.834,0.536099
AGH,strong,50/50,skew,4,2000000,65536,0.50,0.99,0.451589,4.429,1.187,0.536099
AGH,strong,50/50,skew,8,2000000,65536,0.50,0.99,0.359163,5.568,1.493,0.536099
AGH,strong,50/50,skew,16,2000000,65536,0.50,0.99,0.320815,6.234,1.671,0.536099
AGH,strong,50/50,uniform,1,2000000,262144,0.50,0.00,0.428881,4.663,0.333,0.142977
AGH,strong,50/50,uniform,2,2000000,262144,0.50,0.00,0.352892,5.667,0.405,0.142977
AGH,strong,50/50,uniform,4,2000000,262144,0.50,0.00,0.245089,8.160,0.583,0.142977
AGH,strong,50/50,uniform,8,2000000,262144,0.50,0.00,0.194775,10.268,0.734,0.142977
AGH,strong,50/50,uniform,16,2000000,262144,0.50,0.00,0.185511,10.781,0.771,0.142977
AGH,strong,50/50,skew,1,2000000,262144,0.50,0.70,0.516352,3.873,0.373,0.192515
AGH,strong,50/50,skew,2,2000000,262144,0.50,0.70,0.355312,5.629,0.542,0.192515
AGH,strong,50/50,skew,4,2000000,262144,0.50,0.70,0.301859,6.626,0.638,0.192515
AGH,strong,50/50,skew,8,2000000,262144,0.50,0.70,0.329514,6.070,0.584,0.192515
AGH,strong,50/50,skew,16,2000000,262144,0.50,0.70,0.301607,6.631,0.638,0.192515
AGH,strong,50/50,skew,1,2000000,262144,0.50,0.90,0.489168,4.089,0.383,0.187388
AGH,strong,50/50,skew,2,2000000,262144,0.50,0.90,0.342567,5.838,0.547,0.187388
AGH,strong,50/50,skew,4,2000000,262144,0.50,0.90,0.291237,6.867,0.643,0.187388
AGH,strong,50/50,skew,8,2000000,262144,0.50,0.90,0.314361,6.362,0.596,0.187388
AGH,strong,50/50,skew,16,2000000,262144,0.50,0.90,0.288318,6.937,0.650,0.187388
AGH,strong,50/50,skew,1,2000000,262144,0.50,0.99,0.471456,4.242,0.393,0.185327
AGH,strong,50/50,skew,2,2000000,262144,0.50,0.99,0.334348,5.982,0.554,0.185327
AGH,strong,50/50,skew,4,2000000,262144,0.50,0.99,0.289181,6.916,0.641,0.185327
AGH,strong,50/50,skew,8,2000000,262144,0.50,0.99,0.308017,6.493,0.602,0.185327
AGH,strong,50/50,skew,16,2000000,262144,0.50,0.99,0.284757,7.024,0.651,0.185327
AGH,strong,50/50,uniform,1,2000000,1048576,0.50,0.00,0.365877,5.466,0.275,0.100500
AGH,strong,50/50,uniform,2,2000000,1048576,0.50,0.00,0.273891,7.302,0.367,0.100500
AGH,strong,50/50,uniform,4,2000000,1048576,0.50,0.00,0.197773,10.113,0.508,0.100500
AGH,strong,50/50,uniform,8,2000000,1048576,0.50,0.00,0.188116,10.632,0.534,0.100500
AGH,strong,50/50,uniform,16,2000000,1048576,0.50,0.00,0.177987,11.237,0.565,0.100500
AGH,strong,50/50,skew,1,2000000,1048576,0.50,0.70,0.442864,4.516,0.297,0.131696
AGH,strong,50/50,skew,2,2000000,1048576,0.50,0.70,0.285934,6.995,0.461,0.131696
AGH,strong,50/50,skew,4,2000000,1048576,0.50,0.70,0.274026,7.299,0.481,0.131696
AGH,strong,50/50,skew,8,2000000,1048576,0.50,0.70,0.322109,6.209,0.409,0.131696
AGH,strong,50/50,skew,16,2000000,1048576,0.50,0.70,0.287254,6.962,0.458,0.131696
AGH,strong,50/50,skew,1,2000000,1048576,0.50,0.90,0.431240,4.638,0.309,0.133153
AGH,strong,50/50,skew,2,2000000,1048576,0.50,0.90,0.279033,7.168,0.477,0.133153
AGH,strong,50/50,skew,4,2000000,1048576,0.50,0.90,0.262859,7.609,0.507,0.133153
AGH,strong,50/50,skew,8,2000000,1048576,0.50,0.90,0.310857,6.434,0.428,0.133153
AGH,strong,50/50,skew,16,2000000,1048576,0.50,0.90,0.274646,7.282,0.485,0.133153
AGH,strong,50/50,skew,1,2000000,1048576,0.50,0.99,0.415657,4.812,0.299,0.124245
AGH,strong,50/50,skew,2,2000000,1048576,0.50,0.99,0.273844,7.303,0.454,0.124245
AGH,strong,50/50,skew,4,2000000,1048576,0.50,0.99,0.258347,7.742,0.481,0.124245
AGH,strong,50/50,skew,8,2000000,1048576,0.50,0.99,0.305973,6.537,0.406,0.124245
AGH,strong,50/50,skew,16,2000000,1048576,0.50,0.99,0.272487,7.340,0.456,0.124245
AGH,weak,80/20,uniform,1,250000,16384,0.80,0.00,0.039260,6.368,0.291,0.011406
AGH,weak,80/20,uniform,2,500000,16384,0.80,0.00,0.119291,4.191,0.354,0.042277
AGH,weak,80/20,uniform,4,1000000,16384,0.80,0.00,0.267930,3.732,0.946,0.253510
AGH,weak,80/20,uniform,8,2000000,16384,0.80,0.00,0.568414,3.519,2.099,1.193084
AGH,weak,80/20,uniform,16,4000000,16384,0.80,0.00,1.418721,2.819,3.621,5.137697
AGH,weak,80/20,skew,1,250000,16384,0.80,0.70,0.049967,5.003,0.341,0.017039
AGH,weak,80/20,skew,2,500000,16384,0.80,0.70,0.107303,4.660,0.512,0.054950
AGH,weak,80/20,skew,4,1000000,16384,0.80,0.70,0.257158,3.889,1.081,0.277924
AGH,weak,80/20,skew,8,2000000,16384,0.80,0.70,0.609792,3.280,2.032,1.239125
AGH,weak,80/20,skew,16,4000000,16384,0.80,0.70,1.534110,2.607,3.414,5.237012
AGH,weak,80/20,skew,1,250000,16384,0.80,0.90,0.044905,5.567,0.367,0.016493
AGH,weak,80/20,skew,2,500000,16384,0.80,0.90,0.093723,5.335,0.577,0.054079
AGH,weak,80/20,skew,4,1000000,16384,0.80,0.90,0.236331,4.231,1.165,0.275337
AGH,weak,80/20,skew,8,2000000,16384,0.80,0.90,0.597575,3.347,2.090,1.248996
AGH,weak,80/20,skew,16,4000000,16384,0.80,0.90,1.519769,2.632,3.428,5.209340
AGH,weak,80/20,skew,1,250000,16384,0.80,0.99,0.042942,5.822,0.379,0.016260
AGH,weak,80/20,skew,2,500000,16384,0.80,0.99,0.087457,5.717,0.614,0.053722
AGH,weak,80/20,skew,4,1000000,16384,0.80,0.99,0.230724,4.334,1.186,0.273594
AGH,weak,80/20,skew,8,2000000,16384,0.80,0.99,0.603291,3.315,2.046,1.234476
AGH,weak,80/20,skew,16,4000000,16384,0.80,0.99,1.521789,2.628,3.420,5.203972
AGH,weak,80/20,uniform,1,250000,65536,0.80,0.00,0.031494,7.938,0.237,0.007468
AGH,weak,80/20,uniform,2,500000,65536,0.80,0.00,0.063233,7.907,0.329,0.020814
AGH,weak,80/20,uniform,4,1000000,65536,0.80,0.00,0.132533,7.545,0.552,0.073124
AGH,weak,80/20,uniform,8,2000000,65536,0.80,0.00,0.222709,8.980,1.254,0.279361
AGH,weak,80/20,uniform,16,4000000,65536,0.80,0.00,0.453761,8.815,2.839,1.288191
AGH,weak,80/20,skew,1,250000,65536,0.80,0.70,0.040502,6.173,0.322,0.013054
AGH,weak,80/20,skew,2,500000,65536,0.80,0.70,0.062611,7.986,0.518,0.032439
AGH,weak,80/20,skew,4,1000000,65536,0.80,0.70,0.140644,7.110,0.686,0.096434
AGH,weak,80/20,skew,8,2000000,65536,0.80,0.70,0.332912,6.008,0.992,0.330227
AGH,weak,80/20,skew,16,4000000,65536,0.80,0.70,0.748372,5.345,1.840,1.377212
AGH,weak,80/20,skew,1,250000,65536,0.80,0.90,0.037939,6.590,0.330,0.012517
AGH,weak,80/20,skew,2,500000,65536,0.80,0.90,0.057951,8.628,0.539,0.031246
AGH,weak,80/20,skew,4,1000000,65536,0.80,0.90,0.129910,7.698,0.726,0.094334
AGH,weak,80/20,skew,8,2000000,65536,0.80,0.90,0.325423,6.146,1.000,0.325488
AGH,weak,80/20,skew,16,4000000,65536,0.80,0.90,0.735740,5.437,1.861,1.368951
AGH,weak,80/20,skew,1,250000,65536,0.80,0.99,0.036292,6.888,0.337,0.012238
AGH,weak,80/20,skew,2,500000,65536,0.80,0.99,0.055695,8.978,0.551,0.030689
AGH,weak,80/20,skew,4,1000000,65536,0.80,0.99,0.125051,7.997,0.751,0.093876
AGH,weak,80/20,skew,8,2000000,65536,0.80,0.99,0.324434,6.165,0.994,0.322621
AGH,weak,80/20,skew,16,4000000,65536,0.80,0.99,0.736850,5.429,1.851,1.364248
AGH,weak,80/20,uniform,1,250000,262144,0.80,0.00,0.037391,6.686,0.169,0.006333
AGH,weak,80/20,uniform,2,500000,262144,0.80,0.00,0.059514,8.401,0.229,0.013643
AGH,weak,80/20,uniform,4,1000000,262144,0.80,0.00,0.090566,11.042,0.367,0.033277
AGH,weak,80/20,uniform,8,2000000,262144,0.80,0.00,0.139996,14.286,0.705,0.098713
AGH,weak,80/20,uniform,16,4000000,262144,0.80,0.00,0.258504,15.474,1.261,0.325861
AGH,weak,80/20,skew,1,250000,262144,0.80,0.70,0.041846,5.974,0.282,0.011814
AGH,weak,80/20,skew,2,500000,262144,0.80,0.70,0.055960,8.935,0.448,0.025098
AGH,weak,80/20,skew,4,1000000,262144,0.80,0.70,0.125710,7.955,0.447,0.056217
AGH,weak,80/20,skew,8,2000000,262144,0.80,0.70,0.306955,6.516,0.477,0.146535
AGH,weak,80/20,skew,16,4000000,262144,0.80,0.70,0.586955,6.815,0.717,0.420764
AGH,weak,80/20,skew,1,250000,262144,0.80,0.90,0.037807,6.613,0.299,0.011300
AGH,weak,80/20,skew,2,500000,262144,0.80,0.90,0.052945,9.444,0.453,0.023969
AGH,weak,80/20,skew,4,1000000,262144,0.80,0.90,0.120025,8.332,0.453,0.054416
AGH,weak,80/20,skew,8,2000000,262144,0.80,0.90,0.294453,6.792,0.483,0.142254
AGH,weak,80/20,skew,16,4000000,262144,0.80,0.90,0.561564,7.123,0.721,0.404645
AGH,weak,80/20,skew,1,250000,262144,0.80,0.99,0.036125,6.920,0.307,0.011093
AGH,weak,80/20,skew,2,500000,262144,0.80,0.99,0.051299,9.747,0.457,0.023461
AGH,weak,80/20,skew,4,1000000,262144,0.80,0.99,0.116798,8.562,0.459,0.053622
AGH,weak,80/20,skew,8,2000000,262144,0.80,0.99,0.287702,6.952,0.488,0.140373
AGH,weak,80/20,skew,16,4000000,262144,0.80,0.99,0.555488,7.201,0.725,0.402981
AGH,weak,80/20,uniform,1,250000,1048576,0.80,0.00,0.037966,6.585,0.170,0.006462
AGH,weak,80/20,uniform,2,500000,1048576,0.80,0.00,0.061668,8.108,0.207,0.012758
AGH,weak,80/20,uniform,4,1000000,1048576,0.80,0.00,0.083624,11.958,0.303,0.025346
AGH,weak,80/20,uniform,8,2000000,1048576,0.80,0.00,0.111415,17.951,0.482,0.053688
AGH,weak,80/20,uniform,16,4000000,1048576,0.80,0.00,0.218293,18.324,0.678,0.148050
AGH,weak,80/20,skew,1,250000,1048576,0.80,0.70,0.042709,5.854,0.278,0.011879
AGH,weak,80/20,skew,2,500000,1048576,0.80,0.70,0.055395,9.026,0.428,0.023703
AGH,weak,80/20,skew,4,1000000,1048576,0.80,0.70,0.122594,8.157,0.387,0.047485
AGH,weak,80/20,skew,8,2000000,1048576,0.80,0.70,0.300829,6.648,0.346,0.104180
AGH,weak,80/20,skew,16,4000000,1048576,0.80,0.70,0.553613,7.225,0.429,0.237566
AGH,weak,80/20,skew,1,250000,1048576,0.80,0.90,0.038969,6.415,0.290,0.011305
AGH,weak,80/20,skew,2,500000,1048576,0.80,0.90,0.051574,9.695,0.438,0.022580
AGH,weak,80/20,skew,4,1000000,1048576,0.80,0.90,0.117123,8.538,0.384,0.045034
AGH,weak,80/20,skew,8,2000000,1048576,0.80,0.90,0.288245,6.939,0.328,0.094503
AGH,weak,80/20,skew,16,4000000,1048576,0.80,0.90,0.533157,7.502,0.403,0.214667
AGH,weak,80/20,skew,1,250000,1048576,0.80,0.99,0.037019,6.753,0.302,0.011187
AGH,weak,80/20,skew,2,500000,1048576,0.80,0.99,0.049717,10.057,0.444,0.022092
AGH,weak,80/20,skew,4,1000000,1048576,0.80,0.99,0.114691,8.719,0.385,0.044163
AGH,weak,80/20,skew,8,2000000,1048576,0.80,0.99,0.283675,7.050,0.327,0.092621
AGH,weak,80/20,skew,16,4000000,1048576,0.80,0.99,0.523383,7.643,0.405,0.212096
AGH,weak,50/50,uniform,1,250000,16384,0.50,0.00,0.052977,4.719,0.368,0.019510
AGH,weak,50/50,uniform,2,500000,16384,0.50,0.00,0.165344,3.024,0.573,0.094661
AGH,weak,50/50,uniform,4,1000000,16384,0.50,0.00,0.401717,2.489,1.359,0.546070
AGH,weak,50/50,uniform,8,2000000,16384,0.50,0.00,0.831230,2.406,2.822,2.345539
AGH,weak,50/50,uniform,16,4000000,16384,0.50,0.00,1.908459,2.096,5.582,10.652657
AGH,weak,50/50,skew,1,250000,16384,0.50,0.70,0.058113,4.302,0.443,0.025738
AGH,weak,50/50,skew,2,500000,16384,0.50,0.70,0.158685,3.151,0.708,0.112366
AGH,weak,50/50,skew,4,1000000,16384,0.50,0.70,0.402973,2.482,1.429,0.575783
AGH,weak,50/50,skew,8,2000000,16384,0.50,0.70,0.852414,2.346,2.836,2.417568
AGH,weak,50/50,skew,16,4000000,16384,0.50,0.70,2.011857,1.988,5.431,10.927022
AGH,weak,50/50,skew,1,250000,16384,0.50,0.90,0.055637,4.493,0.448,0.024921
AGH,weak,50/50,skew,2,500000,16384,0.50,0.90,0.150851,3.315,0.745,0.112380
AGH,weak,50/50,skew,4,1000000,16384,0.50,0.90,0.388295,2.575,1.473,0.572058
AGH,weak,50/50,skew,8,2000000,16384,0.50,0.90,0.841930,2.375,2.865,2.411861
AGH,weak,50/50,skew,16,4000000,16384,0.50,0.90,1.995596,2.004,5.423,10.821657
AGH,weak,50/50,skew,1,250000,16384,0.50,0.99,0.052757,4.739,0.467,0.024643
AGH,weak,50/50,skew,2,500000,16384,0.50,0.99,0.146841,3.405,0.752,0.110461
AGH,weak,50/50,skew,4,1000000,16384,0.50,0.99,0.359916,2.778,1.589,0.571964
AGH,weak,50/50,skew,8,2000000,16384,0.50,0.99,0.838911,2.384,2.891,2.425703
AGH,weak,50/50,skew,16,4000000,16384,0.50,0.99,1.984641,2.015,5.482,10.880648
AGH,weak,50/50,uniform,1,250000,65536,0.50,0.00,0.037010,6.755,0.340,0.012593
AGH,weak,50/50,uniform,2,500000,65536,0.50,0.00,0.078762,6.348,0.447,0.035243
AGH,weak,50/50,uniform,4,1000000,65536,0.50,0.00,0.165462,6.044,0.700,0.115746
AGH,weak,50/50,uniform,8,2000000,65536,0.50,0.00,0.298138,6.708,1.572,0.468635
AGH,weak,50/50,uniform,16,4000000,65536,0.50,0.00,0.602124,6.643,4.062,2.445967
AGH,weak,50/50,skew,1,250000,65536,0.50,0.70,0.044848,5.574,0.418,0.018729
AGH,weak,50/50,skew,2,500000,65536,0.50,0.70,0.077292,6.469,0.623,0.048163
AGH,weak,50/50,skew,4,1000000,65536,0.50,0.70,0.168668,5.929,0.819,0.138222
AGH,weak,50/50,skew,8,2000000,65536,0.50,0.70,0.381076,5.248,1.371,0.522638
AGH,weak,50/50,skew,16,4000000,65536,0.50,0.70,0.864557,4.627,2.880,2.490244
AGH,weak,50/50,skew,1,250000,65536,0.50,0.90,0.042939,5.822,0.414,0.017797
AGH,weak,50/50,skew,2,500000,65536,0.50,0.90,0.073704,6.784,0.633,0.046646
AGH,weak,50/50,skew,4,1000000,65536,0.50,0.90,0.161599,6.188,0.836,0.135130
AGH,weak,50/50,skew,8,2000000,65536,0.50,0.90,0.370836,5.393,1.411,0.523200
AGH,weak,50/50,skew,16,4000000,65536,0.50,0.90,0.858767,4.658,2.878,2.471822
AGH,weak,50/50,skew,1,250000,65536,0.50,0.99,0.041984,5.955,0.417,0.017504
AGH,weak,50/50,skew,2,500000,65536,0.50,0.99,0.072392,6.907,0.639,0.046285
AGH,weak,50/50,skew,4,1000000,65536,0.50,0.99,0.159739,6.260,0.834,0.133251
AGH,weak,50/50,skew,8,2000000,65536,0.50,0.99,0.364765,5.483,1.417,0.516767
AGH,weak,50/50,skew,16,4000000,65536,0.50,0.99,0.857212,4.666,2.897,2.483600
AGH,weak,50/50,uniform,1,250000,262144,0.50,0.00,0.042148,5.931,0.252,0.010636
AGH,weak,50/50,uniform,2,500000,262144,0.50,0.00,0.067651,7.391,0.325,0.021984
AGH,weak,50/50,uniform,4,1000000,262144,0.50,0.00,0.115413,8.665,0.460,0.053133
AGH,weak,50/50,uniform,8,2000000,262144,0.50,0.00,0.198207,10.090,0.808,0.160126
AGH,weak,50/50,uniform,16,4000000,262144,0.50,0.00,0.400551,9.986,1.400,0.560665
AGH,weak,50/50,skew,1,250000,262144,0.50,0.70,0.047157,5.301,0.339,0.015971
AGH,weak,50/50,skew,2,500000,262144,0.50,0.70,0.067118,7.450,0.493,0.033075
AGH,weak,50/50,skew,4,1000000,262144,0.50,0.70,0.138545,7.218,0.550,0.076154
AGH,weak,50/50,skew,8,2000000,262144,0.50,0.70,0.329946,6.062,0.640,0.211048
AGH,weak,50/50,skew,16,4000000,262144,0.50,0.70,0.619502,6.457,1.071,0.663249
AGH,weak,50/50,skew,1,250000,262144,0.50,0.90,0.044552,5.611,0.348,0.015495
AGH,weak,50/50,skew,2,500000,262144,0.50,0.90,0.065114,7.679,0.490,0.031905
AGH,weak,50/50,skew,4,1000000,262144,0.50,0.90,0.135800,7.364,0.541,0.073519
AGH,weak,50/50,skew,8,2000000,262144,0.50,0.90,0.315363,6.342,0.655,0.206647
AGH,weak,50/50,skew,16,4000000,262144,0.50,0.90,0.595418,6.718,1.097,0.652968
AGH,weak,50/50,skew,1,250000,262144,0.50,0.99,0.043471,5.751,0.348,0.015125
AGH,weak,50/50,skew,2,500000,262144,0.50,0.99,0.064001,7.812,0.491,0.031422
AGH,weak,50/50,skew,4,1000000,262144,0.50,0.99,0.130575,7.658,0.556,0.072659
AGH,weak,50/50,skew,8,2000000,262144,0.50,0.99,0.309788,6.456,0.661,0.204640
AGH,weak,50/50,skew,16,4000000,262144,0.50,0.99,0.587737,6.806,1.111,0.652841
AGH,weak,50/50,uniform,1,250000,1048576,0.50,0.00,0.042351,5.903,0.252,0.010653
AGH,weak,50/50,uniform,2,500000,1048576,0.50,0.00,0.065323,7.654,0.327,0.021362
AGH,weak,50/50,uniform,4,1000000,1048576,0.50,0.00,0.098119,10.192,0.435,0.042697
AGH,weak,50/50,uniform,8,2000000,1048576,0.50,0.00,0.189510,10.554,0.447,0.084745
AGH,weak,50/50,uniform,16,4000000,1048576,0.50,0.00,0.356286,11.227,0.671,0.238912
AGH,weak,50/50,skew,1,250000,1048576,0.50,0.70,0.046413,5.386,0.344,0.015968
AGH,weak,50/50,skew,2,500000,1048576,0.50,0.70,0.060329,8.288,0.528,0.031852
AGH,weak,50/50,skew,4,1000000,1048576,0.50,0.70,0.130697,7.651,0.487,0.063623
AGH,weak,50/50,skew,8,2000000,1048576,0.50,0.70,0.321114,6.228,0.453,0.145548
AGH,weak,50/50,skew,16,4000000,1048576,0.50,0.70,0.584555,6.843,0.583,0.340890
AGH,weak,50/50,skew,1,250000,1048576,0.50,0.90,0.045287,5.520,0.339,0.015356
AGH,weak,50/50,skew,2,500000,1048576,0.50,0.90,0.058868,8.494,0.521,0.030695
AGH,weak,50/50,skew,4,1000000,1048576,0.50,0.90,0.125867,7.945,0.485,0.061107
AGH,weak,50/50,skew,8,2000000,1048576,0.50,0.90,0.309326,6.466,0.455,0.140814
AGH,weak,50/50,skew,16,4000000,1048576,0.50,0.90,0.561349,7.126,0.581,0.326049
AGH,weak,50/50,skew,1,250000,1048576,0.50,0.99,0.042573,5.872,0.354,0.015087
AGH,weak,50/50,skew,2,500000,1048576,0.50,0.99,0.056592,8.835,0.532,0.030115
AGH,weak,50/50,skew,4,1000000,1048576,0.50,0.99,0.122496,8.164,0.490,0.060069
AGH,weak,50/50,skew,8,2000000,1048576,0.50,0.99,0.304215,6.574,0.455,0.138547
AGH,weak,50/50,skew,16,4000000,1048576,0.50,0.99,0.550964,7.260,0.591,0.325397
CSV_RESULTS_END
